
> rest-express@1.0.0 dev
> vite


  VITE v7.3.1  ready in 2542 ms

  ➜  Local:   http://localhost:5173/
  ➜  Network: use --host to expose
11:31:12 [vite] (client) Pre-transform error: /home/moses/Desktop/Community_Hub/client/src/pages/GivePage.tsx: Unterminated template. (161:129)

  159 |                     >
  160 |                       <method.icon className={`w-6 h-6 ${activeMethod === method.id ? "text-[#8B0000]" : "text-gray-600"}`} />
> 161 |                       <span className={`text-sm font-medium ${activeMethod === method.id ? "text-[#8B0000]" : "text-gray-600"}`}`}>
      |                                                                                                                                  ^
  162 |                         {method.label}
  163 |                       </span>
  164 |                     </button>
  Plugin: vite:react-babel
  File: /home/moses/Desktop/Community_Hub/client/src/pages/GivePage.tsx:161:129
  159 |                      >
  160 |                        <method.icon className={`w-6 h-6 ${activeMethod === method.id ? "text-[#8B0000]" : "text-gray-6...
  161 |  ...ethod === method.id ? "text-[#8B0000]" : "text-gray-600"}`}`}>
      |                                                                 ^
  162 |                          {method.label}
  163 |                        </span>
11:31:21 [vite] Internal server error: /home/moses/Desktop/Community_Hub/client/src/pages/GivePage.tsx: Unterminated template. (161:129)

  159 |                     >
  160 |                       <method.icon className={`w-6 h-6 ${activeMethod === method.id ? "text-[#8B0000]" : "text-gray-600"}`} />
> 161 |                       <span className={`text-sm font-medium ${activeMethod === method.id ? "text-[#8B0000]" : "text-gray-600"}`}`}>
      |                                                                                                                                  ^
  162 |                         {method.label}
  163 |                       </span>
  164 |                     </button>
  Plugin: vite:react-babel
  File: /home/moses/Desktop/Community_Hub/client/src/pages/GivePage.tsx:161:129
  159 |                      >
  160 |                        <method.icon className={`w-6 h-6 ${activeMethod === method.id ? "text-[#8B0000]" : "text-gray-6...
  161 |  ...ethod === method.id ? "text-[#8B0000]" : "text-gray-600"}`}`}>
      |                                                                 ^
  162 |                          {method.label}
  163 |                        </span>
      at constructor (/home/moses/Desktop/Community_Hub/client/node_modules/@babel/parser/lib/index.js:365:19)
      at TypeScriptParserMixin.raise (/home/moses/Desktop/Community_Hub/client/node_modules/@babel/parser/lib/index.js:6599:19)
      at Object.unterminated (/home/moses/Desktop/Community_Hub/client/node_modules/@babel/parser/lib/index.js:5670:20)
      at readStringContents (/home/moses/Desktop/Community_Hub/client/node_modules/@babel/parser/lib/index.js:5365:14)
      at TypeScriptParserMixin.readTemplateToken (/home/moses/Desktop/Community_Hub/client/node_modules/@babel/parser/lib/index.js:6519:9)
      at TypeScriptParserMixin.getTokenFromCode (/home/moses/Desktop/Community_Hub/client/node_modules/@babel/parser/lib/index.js:6227:14)
      at TypeScriptParserMixin.getTokenFromCode (/home/moses/Desktop/Community_Hub/client/node_modules/@babel/parser/lib/index.js:4797:11)
      at TypeScriptParserMixin.getTokenFromCode (/home/moses/Desktop/Community_Hub/client/node_modules/@babel/parser/lib/index.js:9987:11)
      at TypeScriptParserMixin.nextToken (/home/moses/Desktop/Community_Hub/client/node_modules/@babel/parser/lib/index.js:5782:10)
      at TypeScriptParserMixin.next (/home/moses/Desktop/Community_Hub/client/node_modules/@babel/parser/lib/index.js:5692:10)
      at TypeScriptParserMixin.eat (/home/moses/Desktop/Community_Hub/client/node_modules/@babel/parser/lib/index.js:5696:12)
      at TypeScriptParserMixin.expect (/home/moses/Desktop/Community_Hub/client/node_modules/@babel/parser/lib/index.js:6898:15)
      at TypeScriptParserMixin.jsxParseExpressionContainer (/home/moses/Desktop/Community_Hub/client/node_modules/@babel/parser/lib/index.js:4637:10)
      at TypeScriptParserMixin.jsxParseAttributeValue (/home/moses/Desktop/Community_Hub/client/node_modules/@babel/parser/lib/index.js:4604:21)
      at TypeScriptParserMixin.jsxParseAttribute (/home/moses/Desktop/Community_Hub/client/node_modules/@babel/parser/lib/index.js:4653:38)
      at TypeScriptParserMixin.jsxParseOpeningElementAfterName (/home/moses/Desktop/Community_Hub/client/node_modules/@babel/parser/lib/index.js:4667:28)
      at TypeScriptParserMixin.jsxParseOpeningElementAfterName (/home/moses/Desktop/Community_Hub/client/node_modules/@babel/parser/lib/index.js:10043:18)
      at TypeScriptParserMixin.jsxParseOpeningElementAt (/home/moses/Desktop/Community_Hub/client/node_modules/@babel/parser/lib/index.js:4662:17)
      at TypeScriptParserMixin.jsxParseElementAt (/home/moses/Desktop/Community_Hub/client/node_modules/@babel/parser/lib/index.js:4686:33)
      at TypeScriptParserMixin.jsxParseElementAt (/home/moses/Desktop/Community_Hub/client/node_modules/@babel/parser/lib/index.js:4698:32)
      at TypeScriptParserMixin.jsxParseElement (/home/moses/Desktop/Community_Hub/client/node_modules/@babel/parser/lib/index.js:4749:17)
      at TypeScriptParserMixin.parseExprAtom (/home/moses/Desktop/Community_Hub/client/node_modules/@babel/parser/lib/index.js:4759:19)
      at TypeScriptParserMixin.parseExprSubscripts (/home/moses/Desktop/Community_Hub/client/node_modules/@babel/parser/lib/index.js:11081:23)
      at TypeScriptParserMixin.parseUpdate (/home/moses/Desktop/Community_Hub/client/node_modules/@babel/parser/lib/index.js:11066:21)
      at TypeScriptParserMixin.parseMaybeUnary (/home/moses/Desktop/Community_Hub/client/node_modules/@babel/parser/lib/index.js:11046:23)
      at TypeScriptParserMixin.parseMaybeUnary (/home/moses/Desktop/Community_Hub/client/node_modules/@babel/parser/lib/index.js:9837:18)
      at TypeScriptParserMixin.parseMaybeUnaryOrPrivate (/home/moses/Desktop/Community_Hub/client/node_modules/@babel/parser/lib/index.js:10899:61)
      at TypeScriptParserMixin.parseExprOps (/home/moses/Desktop/Community_Hub/client/node_modules/@babel/parser/lib/index.js:10904:23)
      at TypeScriptParserMixin.parseMaybeConditional (/home/moses/Desktop/Community_Hub/client/node_modules/@babel/parser/lib/index.js:10881:23)
      at TypeScriptParserMixin.parseMaybeAssign (/home/moses/Desktop/Community_Hub/client/node_modules/@babel/parser/lib/index.js:10831:21)
      at /home/moses/Desktop/Community_Hub/client/node_modules/@babel/parser/lib/index.js:9775:39
      at TypeScriptParserMixin.tryParse (/home/moses/Desktop/Community_Hub/client/node_modules/@babel/parser/lib/index.js:6907:20)
      at TypeScriptParserMixin.parseMaybeAssign (/home/moses/Desktop/Community_Hub/client/node_modules/@babel/parser/lib/index.js:9775:18)
      at /home/moses/Desktop/Community_Hub/client/node_modules/@babel/parser/lib/index.js:10800:39
      at TypeScriptParserMixin.allowInAnd (/home/moses/Desktop/Community_Hub/client/node_modules/@babel/parser/lib/index.js:12426:12)
      at TypeScriptParserMixin.parseMaybeAssignAllowIn (/home/moses/Desktop/Community_Hub/client/node_modules/@babel/parser/lib/index.js:10800:17)
      at TypeScriptParserMixin.parseMaybeAssignAllowInOrVoidPattern (/home/moses/Desktop/Community_Hub/client/node_modules/@babel/parser/lib/index.js:12493:17)
      at TypeScriptParserMixin.parseParenAndDistinguishExpression (/home/moses/Desktop/Community_Hub/client/node_modules/@babel/parser/lib/index.js:11675:28)
      at TypeScriptParserMixin.parseExprAtom (/home/moses/Desktop/Community_Hub/client/node_modules/@babel/parser/lib/index.js:11331:23)
      at TypeScriptParserMixin.parseExprAtom (/home/moses/Desktop/Community_Hub/client/node_modules/@babel/parser/lib/index.js:4764:20)
      at TypeScriptParserMixin.parseExprSubscripts (/home/moses/Desktop/Community_Hub/client/node_modules/@babel/parser/lib/index.js:11081:23)
      at TypeScriptParserMixin.parseUpdate (/home/moses/Desktop/Community_Hub/client/node_modules/@babel/parser/lib/index.js:11066:21)
      at TypeScriptParserMixin.parseMaybeUnary (/home/moses/Desktop/Community_Hub/client/node_modules/@babel/parser/lib/index.js:11046:23)
      at TypeScriptParserMixin.parseMaybeUnary (/home/moses/Desktop/Community_Hub/client/node_modules/@babel/parser/lib/index.js:9837:18)
      at TypeScriptParserMixin.parseMaybeUnaryOrPrivate (/home/moses/Desktop/Community_Hub/client/node_modules/@babel/parser/lib/index.js:10899:61)
      at TypeScriptParserMixin.parseExprOps (/home/moses/Desktop/Community_Hub/client/node_modules/@babel/parser/lib/index.js:10904:23)
      at TypeScriptParserMixin.parseMaybeConditional (/home/moses/Desktop/Community_Hub/client/node_modules/@babel/parser/lib/index.js:10881:23)
      at TypeScriptParserMixin.parseMaybeAssign (/home/moses/Desktop/Community_Hub/client/node_modules/@babel/parser/lib/index.js:10831:21)
      at TypeScriptParserMixin.parseMaybeAssign (/home/moses/Desktop/Community_Hub/client/node_modules/@babel/parser/lib/index.js:9786:20)
      at TypeScriptParserMixin.parseFunctionBody (/home/moses/Desktop/Community_Hub/client/node_modules/@babel/parser/lib/index.js:12093:24)
11:31:37 [vite] Internal server error: /home/moses/Desktop/Community_Hub/client/src/pages/GivePage.tsx: Unterminated template. (161:129)

  159 |                     >
  160 |                       <method.icon className={`w-6 h-6 ${activeMethod === method.id ? "text-[#8B0000]" : "text-gray-600"}`} />
> 161 |                       <span className={`text-sm font-medium ${activeMethod === method.id ? "text-[#8B0000]" : "text-gray-600"}`}`}>
      |                                                                                                                                  ^
  162 |                         {method.label}
  163 |                       </span>
  164 |                     </button>
  Plugin: vite:react-babel
  File: /home/moses/Desktop/Community_Hub/client/src/pages/GivePage.tsx:161:129
  159 |                      >
  160 |                        <method.icon className={`w-6 h-6 ${activeMethod === method.id ? "text-[#8B0000]" : "text-gray-6...
  161 |  ...ethod === method.id ? "text-[#8B0000]" : "text-gray-600"}`}`}>
      |                                                                 ^
  162 |                          {method.label}
  163 |                        </span>
      at constructor (/home/moses/Desktop/Community_Hub/client/node_modules/@babel/parser/lib/index.js:365:19)
      at TypeScriptParserMixin.raise (/home/moses/Desktop/Community_Hub/client/node_modules/@babel/parser/lib/index.js:6599:19)
      at Object.unterminated (/home/moses/Desktop/Community_Hub/client/node_modules/@babel/parser/lib/index.js:5670:20)
      at readStringContents (/home/moses/Desktop/Community_Hub/client/node_modules/@babel/parser/lib/index.js:5365:14)
      at TypeScriptParserMixin.readTemplateToken (/home/moses/Desktop/Community_Hub/client/node_modules/@babel/parser/lib/index.js:6519:9)
      at TypeScriptParserMixin.getTokenFromCode (/home/moses/Desktop/Community_Hub/client/node_modules/@babel/parser/lib/index.js:6227:14)
      at TypeScriptParserMixin.getTokenFromCode (/home/moses/Desktop/Community_Hub/client/node_modules/@babel/parser/lib/index.js:4797:11)
      at TypeScriptParserMixin.getTokenFromCode (/home/moses/Desktop/Community_Hub/client/node_modules/@babel/parser/lib/index.js:9987:11)
      at TypeScriptParserMixin.nextToken (/home/moses/Desktop/Community_Hub/client/node_modules/@babel/parser/lib/index.js:5782:10)
      at TypeScriptParserMixin.next (/home/moses/Desktop/Community_Hub/client/node_modules/@babel/parser/lib/index.js:5692:10)
      at TypeScriptParserMixin.eat (/home/moses/Desktop/Community_Hub/client/node_modules/@babel/parser/lib/index.js:5696:12)
      at TypeScriptParserMixin.expect (/home/moses/Desktop/Community_Hub/client/node_modules/@babel/parser/lib/index.js:6898:15)
      at TypeScriptParserMixin.jsxParseExpressionContainer (/home/moses/Desktop/Community_Hub/client/node_modules/@babel/parser/lib/index.js:4637:10)
      at TypeScriptParserMixin.jsxParseAttributeValue (/home/moses/Desktop/Community_Hub/client/node_modules/@babel/parser/lib/index.js:4604:21)
      at TypeScriptParserMixin.jsxParseAttribute (/home/moses/Desktop/Community_Hub/client/node_modules/@babel/parser/lib/index.js:4653:38)
      at TypeScriptParserMixin.jsxParseOpeningElementAfterName (/home/moses/Desktop/Community_Hub/client/node_modules/@babel/parser/lib/index.js:4667:28)
      at TypeScriptParserMixin.jsxParseOpeningElementAfterName (/home/moses/Desktop/Community_Hub/client/node_modules/@babel/parser/lib/index.js:10043:18)
      at TypeScriptParserMixin.jsxParseOpeningElementAt (/home/moses/Desktop/Community_Hub/client/node_modules/@babel/parser/lib/index.js:4662:17)
      at TypeScriptParserMixin.jsxParseElementAt (/home/moses/Desktop/Community_Hub/client/node_modules/@babel/parser/lib/index.js:4686:33)
      at TypeScriptParserMixin.jsxParseElementAt (/home/moses/Desktop/Community_Hub/client/node_modules/@babel/parser/lib/index.js:4698:32)
      at TypeScriptParserMixin.jsxParseElement (/home/moses/Desktop/Community_Hub/client/node_modules/@babel/parser/lib/index.js:4749:17)
      at TypeScriptParserMixin.parseExprAtom (/home/moses/Desktop/Community_Hub/client/node_modules/@babel/parser/lib/index.js:4759:19)
      at TypeScriptParserMixin.parseExprSubscripts (/home/moses/Desktop/Community_Hub/client/node_modules/@babel/parser/lib/index.js:11081:23)
      at TypeScriptParserMixin.parseUpdate (/home/moses/Desktop/Community_Hub/client/node_modules/@babel/parser/lib/index.js:11066:21)
      at TypeScriptParserMixin.parseMaybeUnary (/home/moses/Desktop/Community_Hub/client/node_modules/@babel/parser/lib/index.js:11046:23)
      at TypeScriptParserMixin.parseMaybeUnary (/home/moses/Desktop/Community_Hub/client/node_modules/@babel/parser/lib/index.js:9837:18)
      at TypeScriptParserMixin.parseMaybeUnaryOrPrivate (/home/moses/Desktop/Community_Hub/client/node_modules/@babel/parser/lib/index.js:10899:61)
      at TypeScriptParserMixin.parseExprOps (/home/moses/Desktop/Community_Hub/client/node_modules/@babel/parser/lib/index.js:10904:23)
      at TypeScriptParserMixin.parseMaybeConditional (/home/moses/Desktop/Community_Hub/client/node_modules/@babel/parser/lib/index.js:10881:23)
      at TypeScriptParserMixin.parseMaybeAssign (/home/moses/Desktop/Community_Hub/client/node_modules/@babel/parser/lib/index.js:10831:21)
      at /home/moses/Desktop/Community_Hub/client/node_modules/@babel/parser/lib/index.js:9775:39
      at TypeScriptParserMixin.tryParse (/home/moses/Desktop/Community_Hub/client/node_modules/@babel/parser/lib/index.js:6907:20)
      at TypeScriptParserMixin.parseMaybeAssign (/home/moses/Desktop/Community_Hub/client/node_modules/@babel/parser/lib/index.js:9775:18)
      at /home/moses/Desktop/Community_Hub/client/node_modules/@babel/parser/lib/index.js:10800:39
      at TypeScriptParserMixin.allowInAnd (/home/moses/Desktop/Community_Hub/client/node_modules/@babel/parser/lib/index.js:12426:12)
      at TypeScriptParserMixin.parseMaybeAssignAllowIn (/home/moses/Desktop/Community_Hub/client/node_modules/@babel/parser/lib/index.js:10800:17)
      at TypeScriptParserMixin.parseMaybeAssignAllowInOrVoidPattern (/home/moses/Desktop/Community_Hub/client/node_modules/@babel/parser/lib/index.js:12493:17)
      at TypeScriptParserMixin.parseParenAndDistinguishExpression (/home/moses/Desktop/Community_Hub/client/node_modules/@babel/parser/lib/index.js:11675:28)
      at TypeScriptParserMixin.parseExprAtom (/home/moses/Desktop/Community_Hub/client/node_modules/@babel/parser/lib/index.js:11331:23)
      at TypeScriptParserMixin.parseExprAtom (/home/moses/Desktop/Community_Hub/client/node_modules/@babel/parser/lib/index.js:4764:20)
      at TypeScriptParserMixin.parseExprSubscripts (/home/moses/Desktop/Community_Hub/client/node_modules/@babel/parser/lib/index.js:11081:23)
      at TypeScriptParserMixin.parseUpdate (/home/moses/Desktop/Community_Hub/client/node_modules/@babel/parser/lib/index.js:11066:21)
      at TypeScriptParserMixin.parseMaybeUnary (/home/moses/Desktop/Community_Hub/client/node_modules/@babel/parser/lib/index.js:11046:23)
      at TypeScriptParserMixin.parseMaybeUnary (/home/moses/Desktop/Community_Hub/client/node_modules/@babel/parser/lib/index.js:9837:18)
      at TypeScriptParserMixin.parseMaybeUnaryOrPrivate (/home/moses/Desktop/Community_Hub/client/node_modules/@babel/parser/lib/index.js:10899:61)
      at TypeScriptParserMixin.parseExprOps (/home/moses/Desktop/Community_Hub/client/node_modules/@babel/parser/lib/index.js:10904:23)
      at TypeScriptParserMixin.parseMaybeConditional (/home/moses/Desktop/Community_Hub/client/node_modules/@babel/parser/lib/index.js:10881:23)
      at TypeScriptParserMixin.parseMaybeAssign (/home/moses/Desktop/Community_Hub/client/node_modules/@babel/parser/lib/index.js:10831:21)
      at TypeScriptParserMixin.parseMaybeAssign (/home/moses/Desktop/Community_Hub/client/node_modules/@babel/parser/lib/index.js:9786:20)
      at TypeScriptParserMixin.parseFunctionBody (/home/moses/Desktop/Community_Hub/client/node_modules/@babel/parser/lib/index.js:12093:24)
11:32:25 [vite] (client) hmr update /src/index.css
11:33:09 [vite] (client) hmr update /src/pages/PrayerPage.tsx, /src/index.css
11:33:16 [vite] (client) hmr update /src/pages/PrayerPage.tsx, /src/index.css
11:33:48 [vite] (client) hmr update /src/pages/PrayerPage.tsx, /src/index.css
11:33:54 [vite] (client) hmr update /src/pages/PrayerPage.tsx, /src/index.css
11:53:46 [vite] (client) hmr update /src/index.css, /src/components/Navbar.tsx
11:53:59 [vite] (client) hmr update /src/index.css, /src/components/Footer.tsx
11:54:09 [vite] (client) hmr update /src/index.css, /src/components/Footer.tsx
11:54:16 [vite] (client) hmr update /src/index.css, /src/components/Footer.tsx
11:54:25 [vite] (client) hmr update /src/index.css, /src/components/PageSEO.tsx
