2026-03-14T23:01:20.296411Z  INFO tailwindcss_oxide::scanner: Provided sources:
2026-03-14T23:01:20.296765Z  INFO tailwindcss_oxide::scanner: Source: PublicSourceEntry { base: "/home/moses/Desktop/Community_Hub/client", pattern: "**/*", negated: false }
2026-03-14T23:01:20.297304Z  INFO tailwindcss_oxide::scanner: Optimized sources:
2026-03-14T23:01:20.297326Z  INFO tailwindcss_oxide::scanner: Source: Auto { base: "/home/moses/Desktop/Community_Hub/client" }
2026-03-14T23:01:20.300823Z  INFO scan_sources: tailwindcss_oxide::scanner: enter
2026-03-14T23:01:20.301765Z  INFO scan_sources: tailwindcss_oxide::scanner: Discovering "/home/moses/Desktop/Community_Hub/client/public"
2026-03-14T23:01:20.301968Z  INFO scan_sources: tailwindcss_oxide::scanner: Discovering "/home/moses/Desktop/Community_Hub/client/public/robots.txt"
2026-03-14T23:01:20.302114Z  INFO scan_sources: tailwindcss_oxide::scanner: Discovering "/home/moses/Desktop/Community_Hub/client/tsconfig.app.json"
2026-03-14T23:01:20.302143Z  INFO scan_sources: tailwindcss_oxide::scanner: Discovering "/home/moses/Desktop/Community_Hub/client/tsconfig.json"
2026-03-14T23:01:20.302193Z  INFO scan_sources: tailwindcss_oxide::scanner: Discovering "/home/moses/Desktop/Community_Hub/client/src"
2026-03-14T23:01:20.302257Z  INFO scan_sources: tailwindcss_oxide::scanner: Discovering "/home/moses/Desktop/Community_Hub/client/src/main.tsx"
2026-03-14T23:01:20.302295Z  INFO scan_sources: tailwindcss_oxide::scanner: Discovering "/home/moses/Desktop/Community_Hub/client/src/index.css"
2026-03-14T23:01:20.302320Z  INFO scan_sources: tailwindcss_oxide::scanner: Discovering "/home/moses/Desktop/Community_Hub/client/src/pages"
2026-03-14T23:01:20.302397Z  INFO scan_sources: tailwindcss_oxide::scanner: Discovering "/home/moses/Desktop/Community_Hub/client/src/pages/QRScannerPage.tsx"
2026-03-14T23:01:20.302417Z  INFO scan_sources: tailwindcss_oxide::scanner: Discovering "/home/moses/Desktop/Community_Hub/client/src/pages/MembersPage.tsx"
2026-03-14T23:01:20.302444Z  INFO scan_sources: tailwindcss_oxide::scanner: Discovering "/home/moses/Desktop/Community_Hub/client/src/pages/AttendanceHistoryPage.tsx"
2026-03-14T23:01:20.302461Z  INFO scan_sources: tailwindcss_oxide::scanner: Discovering "/home/moses/Desktop/Community_Hub/client/src/pages/BiblePage.tsx"
2026-03-14T23:01:20.302477Z  INFO scan_sources: tailwindcss_oxide::scanner: Discovering "/home/moses/Desktop/Community_Hub/client/src/pages/SuperAdminPage.tsx"
2026-03-14T23:01:20.302493Z  INFO scan_sources: tailwindcss_oxide::scanner: Discovering "/home/moses/Desktop/Community_Hub/client/src/pages/MusicPage.tsx"
2026-03-14T23:01:20.302516Z  INFO scan_sources: tailwindcss_oxide::scanner: Discovering "/home/moses/Desktop/Community_Hub/client/src/pages/DashboardPage.tsx"
2026-03-14T23:01:20.302540Z  INFO scan_sources: tailwindcss_oxide::scanner: Discovering "/home/moses/Desktop/Community_Hub/client/src/pages/verifyEmail.tsx"
2026-03-14T23:01:20.302556Z  INFO scan_sources: tailwindcss_oxide::scanner: Discovering "/home/moses/Desktop/Community_Hub/client/src/pages/CelebrationsPage.tsx"
2026-03-14T23:01:20.302575Z  INFO scan_sources: tailwindcss_oxide::scanner: Discovering "/home/moses/Desktop/Community_Hub/client/src/pages/LiveStreamPage.tsx"
2026-03-14T23:01:20.302598Z  INFO scan_sources: tailwindcss_oxide::scanner: Discovering "/home/moses/Desktop/Community_Hub/client/src/pages/DiscipleshipPage.tsx"
2026-03-14T23:01:20.302613Z  INFO scan_sources: tailwindcss_oxide::scanner: Discovering "/home/moses/Desktop/Community_Hub/client/src/pages/GivePage.tsx"
2026-03-14T23:01:20.302633Z  INFO scan_sources: tailwindcss_oxide::scanner: Discovering "/home/moses/Desktop/Community_Hub/client/src/pages/not-found.tsx"
2026-03-14T23:01:20.302655Z  INFO scan_sources: tailwindcss_oxide::scanner: Discovering "/home/moses/Desktop/Community_Hub/client/src/pages/auth"
2026-03-14T23:01:20.302703Z  INFO scan_sources: tailwindcss_oxide::scanner: Discovering "/home/moses/Desktop/Community_Hub/client/src/pages/auth/callback.tsx"
2026-03-14T23:01:20.302723Z  INFO scan_sources: tailwindcss_oxide::scanner: Discovering "/home/moses/Desktop/Community_Hub/client/src/pages/GroupsPage.tsx"
2026-03-14T23:01:20.302759Z  INFO scan_sources: tailwindcss_oxide::scanner: Discovering "/home/moses/Desktop/Community_Hub/client/src/pages/CheckinPage.tsx"
2026-03-14T23:01:20.302775Z  INFO scan_sources: tailwindcss_oxide::scanner: Discovering "/home/moses/Desktop/Community_Hub/client/src/pages/AnalyticsPage.tsx"
2026-03-14T23:01:20.302793Z  INFO scan_sources: tailwindcss_oxide::scanner: Discovering "/home/moses/Desktop/Community_Hub/client/src/pages/logout.tsx"
2026-03-14T23:01:20.302816Z  INFO scan_sources: tailwindcss_oxide::scanner: Discovering "/home/moses/Desktop/Community_Hub/client/src/pages/PrayerPage.tsx"
2026-03-14T23:01:20.302831Z  INFO scan_sources: tailwindcss_oxide::scanner: Discovering "/home/moses/Desktop/Community_Hub/client/src/pages/MessagesPage.tsx"
2026-03-14T23:01:20.302846Z  INFO scan_sources: tailwindcss_oxide::scanner: Discovering "/home/moses/Desktop/Community_Hub/client/src/pages/login.tsx"
2026-03-14T23:01:20.302861Z  INFO scan_sources: tailwindcss_oxide::scanner: Discovering "/home/moses/Desktop/Community_Hub/client/src/pages/HouseCellsPage.tsx"
2026-03-14T23:01:20.302877Z  INFO scan_sources: tailwindcss_oxide::scanner: Discovering "/home/moses/Desktop/Community_Hub/client/src/pages/SermonClipGeneratorPage.tsx"
2026-03-14T23:01:20.302904Z  INFO scan_sources: tailwindcss_oxide::scanner: Discovering "/home/moses/Desktop/Community_Hub/client/src/pages/SermonsPage.tsx"
2026-03-14T23:01:20.302920Z  INFO scan_sources: tailwindcss_oxide::scanner: Discovering "/home/moses/Desktop/Community_Hub/client/src/pages/DevotionalsPage.tsx"
2026-03-14T23:01:20.302936Z  INFO scan_sources: tailwindcss_oxide::scanner: Discovering "/home/moses/Desktop/Community_Hub/client/src/pages/AttendanceAnalyticsPage.tsx"
2026-03-14T23:01:20.302951Z  INFO scan_sources: tailwindcss_oxide::scanner: Discovering "/home/moses/Desktop/Community_Hub/client/src/pages/EventsPage.tsx"
2026-03-14T23:01:20.302974Z  INFO scan_sources: tailwindcss_oxide::scanner: Discovering "/home/moses/Desktop/Community_Hub/client/src/pages/LanguageSettingsPage.tsx"
2026-03-14T23:01:20.302990Z  INFO scan_sources: tailwindcss_oxide::scanner: Discovering "/home/moses/Desktop/Community_Hub/client/src/pages/SermonDetailPage.tsx"
2026-03-14T23:01:20.303005Z  INFO scan_sources: tailwindcss_oxide::scanner: Discovering "/home/moses/Desktop/Community_Hub/client/src/pages/SocialFeedPage.tsx"
2026-03-14T23:01:20.303021Z  INFO scan_sources: tailwindcss_oxide::scanner: Discovering "/home/moses/Desktop/Community_Hub/client/src/pages/AdminDashboardPage.tsx"
2026-03-14T23:01:20.303043Z  INFO scan_sources: tailwindcss_oxide::scanner: Discovering "/home/moses/Desktop/Community_Hub/client/src/pages/EventDetailPage.tsx"
2026-03-14T23:01:20.303058Z  INFO scan_sources: tailwindcss_oxide::scanner: Discovering "/home/moses/Desktop/Community_Hub/client/src/pages/HomePage.tsx"
2026-03-14T23:01:20.303073Z  INFO scan_sources: tailwindcss_oxide::scanner: Discovering "/home/moses/Desktop/Community_Hub/client/src/pages/VolunteerPage.tsx"
2026-03-14T23:01:20.303088Z  INFO scan_sources: tailwindcss_oxide::scanner: Discovering "/home/moses/Desktop/Community_Hub/client/src/pages/AdminLiveStreamPage.tsx"
2026-03-14T23:01:20.303103Z  INFO scan_sources: tailwindcss_oxide::scanner: Discovering "/home/moses/Desktop/Community_Hub/client/src/pages/AbsentMembersPage.tsx"
2026-03-14T23:01:20.303124Z  INFO scan_sources: tailwindcss_oxide::scanner: Discovering "/home/moses/Desktop/Community_Hub/client/src/pages/PrivacyPage.tsx"
2026-03-14T23:01:20.303149Z  INFO scan_sources: tailwindcss_oxide::scanner: Discovering "/home/moses/Desktop/Community_Hub/client/src/types"
2026-03-14T23:01:20.303194Z  INFO scan_sources: tailwindcss_oxide::scanner: Discovering "/home/moses/Desktop/Community_Hub/client/src/types/api.ts"
2026-03-14T23:01:20.303213Z  INFO scan_sources: tailwindcss_oxide::scanner: Discovering "/home/moses/Desktop/Community_Hub/client/src/App.tsx"
2026-03-14T23:01:20.303258Z  INFO scan_sources: tailwindcss_oxide::scanner: Discovering "/home/moses/Desktop/Community_Hub/client/src/vite-env.d.ts"
2026-03-14T23:01:20.303281Z  INFO scan_sources: tailwindcss_oxide::scanner: Discovering "/home/moses/Desktop/Community_Hub/client/src/lib"
2026-03-14T23:01:20.303333Z  INFO scan_sources: tailwindcss_oxide::scanner: Discovering "/home/moses/Desktop/Community_Hub/client/src/lib/utils.ts"
2026-03-14T23:01:20.303347Z  INFO scan_sources: tailwindcss_oxide::scanner: Discovering "/home/moses/Desktop/Community_Hub/client/src/lib/api.ts"
2026-03-14T23:01:20.303363Z  INFO scan_sources: tailwindcss_oxide::scanner: Discovering "/home/moses/Desktop/Community_Hub/client/src/lib/queryClient.ts"
2026-03-14T23:01:20.303377Z  INFO scan_sources: tailwindcss_oxide::scanner: Discovering "/home/moses/Desktop/Community_Hub/client/src/lib/api-routes.ts"
2026-03-14T23:01:20.303400Z  INFO scan_sources: tailwindcss_oxide::scanner: Discovering "/home/moses/Desktop/Community_Hub/client/src/lib/api-config.ts"
2026-03-14T23:01:20.303415Z  INFO scan_sources: tailwindcss_oxide::scanner: Discovering "/home/moses/Desktop/Community_Hub/client/src/lib/auth-utils.ts"
2026-03-14T23:01:20.303439Z  INFO scan_sources: tailwindcss_oxide::scanner: Discovering "/home/moses/Desktop/Community_Hub/client/src/hooks"
2026-03-14T23:01:20.303486Z  INFO scan_sources: tailwindcss_oxide::scanner: Discovering "/home/moses/Desktop/Community_Hub/client/src/hooks/use-websocket.ts"
2026-03-14T23:01:20.303502Z  INFO scan_sources: tailwindcss_oxide::scanner: Discovering "/home/moses/Desktop/Community_Hub/client/src/hooks/use-sermons.ts"
2026-03-14T23:01:20.303517Z  INFO scan_sources: tailwindcss_oxide::scanner: Discovering "/home/moses/Desktop/Community_Hub/client/src/hooks/use-celebrations.ts"
2026-03-14T23:01:20.303540Z  INFO scan_sources: tailwindcss_oxide::scanner: Discovering "/home/moses/Desktop/Community_Hub/client/src/hooks/use-branding.ts"
2026-03-14T23:01:20.303555Z  INFO scan_sources: tailwindcss_oxide::scanner: Discovering "/home/moses/Desktop/Community_Hub/client/src/hooks/use-upload.ts"
2026-03-14T23:01:20.303580Z  INFO scan_sources: tailwindcss_oxide::scanner: Discovering "/home/moses/Desktop/Community_Hub/client/src/hooks/use-language.tsx"
2026-03-14T23:01:20.303596Z  INFO scan_sources: tailwindcss_oxide::scanner: Discovering "/home/moses/Desktop/Community_Hub/client/src/hooks/use-auth.ts"
2026-03-14T23:01:20.303612Z  INFO scan_sources: tailwindcss_oxide::scanner: Discovering "/home/moses/Desktop/Community_Hub/client/src/hooks/use-prayer.ts"
2026-03-14T23:01:20.303627Z  INFO scan_sources: tailwindcss_oxide::scanner: Discovering "/home/moses/Desktop/Community_Hub/client/src/hooks/use-events.ts"
2026-03-14T23:01:20.303642Z  INFO scan_sources: tailwindcss_oxide::scanner: Discovering "/home/moses/Desktop/Community_Hub/client/src/hooks/use-mobile.tsx"
2026-03-14T23:01:20.303657Z  INFO scan_sources: tailwindcss_oxide::scanner: Discovering "/home/moses/Desktop/Community_Hub/client/src/hooks/use-toast.ts"
2026-03-14T23:01:20.303673Z  INFO scan_sources: tailwindcss_oxide::scanner: Discovering "/home/moses/Desktop/Community_Hub/client/src/hooks/use-attendance.ts"
2026-03-14T23:01:20.303689Z  INFO scan_sources: tailwindcss_oxide::scanner: Discovering "/home/moses/Desktop/Community_Hub/client/src/hooks/use-messages.ts"
2026-03-14T23:01:20.303704Z  INFO scan_sources: tailwindcss_oxide::scanner: Discovering "/home/moses/Desktop/Community_Hub/client/src/hooks/use-donations.ts"
2026-03-14T23:01:20.303720Z  INFO scan_sources: tailwindcss_oxide::scanner: Discovering "/home/moses/Desktop/Community_Hub/client/src/hooks/use-permissions.ts"
2026-03-14T23:01:20.303751Z  INFO scan_sources: tailwindcss_oxide::scanner: Discovering "/home/moses/Desktop/Community_Hub/client/src/components"
2026-03-14T23:01:20.303795Z  INFO scan_sources: tailwindcss_oxide::scanner: Discovering "/home/moses/Desktop/Community_Hub/client/src/components/PushNotificationSettings.tsx"
2026-03-14T23:01:20.303810Z  INFO scan_sources: tailwindcss_oxide::scanner: Discovering "/home/moses/Desktop/Community_Hub/client/src/components/EventCard.tsx"
2026-03-14T23:01:20.303830Z  INFO scan_sources: tailwindcss_oxide::scanner: Discovering "/home/moses/Desktop/Community_Hub/client/src/components/Layout.tsx"
2026-03-14T23:01:20.303850Z  INFO scan_sources: tailwindcss_oxide::scanner: Discovering "/home/moses/Desktop/Community_Hub/client/src/components/ui"
2026-03-14T23:01:20.303918Z  INFO scan_sources: tailwindcss_oxide::scanner: Discovering "/home/moses/Desktop/Community_Hub/client/src/components/ui/select.tsx"
2026-03-14T23:01:20.303935Z  INFO scan_sources: tailwindcss_oxide::scanner: Discovering "/home/moses/Desktop/Community_Hub/client/src/components/ui/slider.tsx"
2026-03-14T23:01:20.303951Z  INFO scan_sources: tailwindcss_oxide::scanner: Discovering "/home/moses/Desktop/Community_Hub/client/src/components/ui/radio-group.tsx"
2026-03-14T23:01:20.303969Z  INFO scan_sources: tailwindcss_oxide::scanner: Discovering "/home/moses/Desktop/Community_Hub/client/src/components/ui/dropdown-menu.tsx"
2026-03-14T23:01:20.303985Z  INFO scan_sources: tailwindcss_oxide::scanner: Discovering "/home/moses/Desktop/Community_Hub/client/src/components/ui/carousel.tsx"
2026-03-14T23:01:20.304003Z  INFO scan_sources: tailwindcss_oxide::scanner: Discovering "/home/moses/Desktop/Community_Hub/client/src/components/ui/badge.tsx"
2026-03-14T23:01:20.304018Z  INFO scan_sources: tailwindcss_oxide::scanner: Discovering "/home/moses/Desktop/Community_Hub/client/src/components/ui/context-menu.tsx"
2026-03-14T23:01:20.304034Z  INFO scan_sources: tailwindcss_oxide::scanner: Discovering "/home/moses/Desktop/Community_Hub/client/src/components/ui/alert.tsx"
2026-03-14T23:01:20.304050Z  INFO scan_sources: tailwindcss_oxide::scanner: Discovering "/home/moses/Desktop/Community_Hub/client/src/components/ui/dialog.tsx"
2026-03-14T23:01:20.304066Z  INFO scan_sources: tailwindcss_oxide::scanner: Discovering "/home/moses/Desktop/Community_Hub/client/src/components/ui/hover-card.tsx"
2026-03-14T23:01:20.304081Z  INFO scan_sources: tailwindcss_oxide::scanner: Discovering "/home/moses/Desktop/Community_Hub/client/src/components/ui/avatar.tsx"
2026-03-14T23:01:20.304097Z  INFO scan_sources: tailwindcss_oxide::scanner: Discovering "/home/moses/Desktop/Community_Hub/client/src/components/ui/accordion.tsx"
2026-03-14T23:01:20.304112Z  INFO scan_sources: tailwindcss_oxide::scanner: Discovering "/home/moses/Desktop/Community_Hub/client/src/components/ui/sidebar.tsx"
2026-03-14T23:01:20.304137Z  INFO scan_sources: tailwindcss_oxide::scanner: Discovering "/home/moses/Desktop/Community_Hub/client/src/components/ui/pagination.tsx"
2026-03-14T23:01:20.304153Z  INFO scan_sources: tailwindcss_oxide::scanner: Discovering "/home/moses/Desktop/Community_Hub/client/src/components/ui/button.tsx"
2026-03-14T23:01:20.304167Z  INFO scan_sources: tailwindcss_oxide::scanner: Discovering "/home/moses/Desktop/Community_Hub/client/src/components/ui/toggle.tsx"
2026-03-14T23:01:20.304184Z  INFO scan_sources: tailwindcss_oxide::scanner: Discovering "/home/moses/Desktop/Community_Hub/client/src/components/ui/label.tsx"
2026-03-14T23:01:20.304198Z  INFO scan_sources: tailwindcss_oxide::scanner: Discovering "/home/moses/Desktop/Community_Hub/client/src/components/ui/sheet.tsx"
2026-03-14T23:01:20.304213Z  INFO scan_sources: tailwindcss_oxide::scanner: Discovering "/home/moses/Desktop/Community_Hub/client/src/components/ui/collapsible.tsx"
2026-03-14T23:01:20.304234Z  INFO scan_sources: tailwindcss_oxide::scanner: Discovering "/home/moses/Desktop/Community_Hub/client/src/components/ui/tooltip.tsx"
2026-03-14T23:01:20.304251Z  INFO scan_sources: tailwindcss_oxide::scanner: Discovering "/home/moses/Desktop/Community_Hub/client/src/components/ui/form.tsx"
2026-03-14T23:01:20.304266Z  INFO scan_sources: tailwindcss_oxide::scanner: Discovering "/home/moses/Desktop/Community_Hub/client/src/components/ui/calendar.tsx"
2026-03-14T23:01:20.304281Z  INFO scan_sources: tailwindcss_oxide::scanner: Discovering "/home/moses/Desktop/Community_Hub/client/src/components/ui/menubar.tsx"
2026-03-14T23:01:20.304296Z  INFO scan_sources: tailwindcss_oxide::scanner: Discovering "/home/moses/Desktop/Community_Hub/client/src/components/ui/table.tsx"
2026-03-14T23:01:20.304316Z  INFO scan_sources: tailwindcss_oxide::scanner: Discovering "/home/moses/Desktop/Community_Hub/client/src/components/ui/alert-dialog.tsx"
2026-03-14T23:01:20.304331Z  INFO scan_sources: tailwindcss_oxide::scanner: Discovering "/home/moses/Desktop/Community_Hub/client/src/components/ui/aspect-ratio.tsx"
2026-03-14T23:01:20.304346Z  INFO scan_sources: tailwindcss_oxide::scanner: Discovering "/home/moses/Desktop/Community_Hub/client/src/components/ui/toast.tsx"
2026-03-14T23:01:20.304361Z  INFO scan_sources: tailwindcss_oxide::scanner: Discovering "/home/moses/Desktop/Community_Hub/client/src/components/ui/toaster.tsx"
2026-03-14T23:01:20.304376Z  INFO scan_sources: tailwindcss_oxide::scanner: Discovering "/home/moses/Desktop/Community_Hub/client/src/components/ui/input.tsx"
2026-03-14T23:01:20.304390Z  INFO scan_sources: tailwindcss_oxide::scanner: Discovering "/home/moses/Desktop/Community_Hub/client/src/components/ui/tabs.tsx"
2026-03-14T23:01:20.304405Z  INFO scan_sources: tailwindcss_oxide::scanner: Discovering "/home/moses/Desktop/Community_Hub/client/src/components/ui/command.tsx"
2026-03-14T23:01:20.304423Z  INFO scan_sources: tailwindcss_oxide::scanner: Discovering "/home/moses/Desktop/Community_Hub/client/src/components/ui/popover.tsx"
2026-03-14T23:01:20.304442Z  INFO scan_sources: tailwindcss_oxide::scanner: Discovering "/home/moses/Desktop/Community_Hub/client/src/components/ui/animations.tsx"
2026-03-14T23:01:20.304458Z  INFO scan_sources: tailwindcss_oxide::scanner: Discovering "/home/moses/Desktop/Community_Hub/client/src/components/ui/toggle-group.tsx"
2026-03-14T23:01:20.304473Z  INFO scan_sources: tailwindcss_oxide::scanner: Discovering "/home/moses/Desktop/Community_Hub/client/src/components/ui/use-toast.ts"
2026-03-14T23:01:20.304489Z  INFO scan_sources: tailwindcss_oxide::scanner: Discovering "/home/moses/Desktop/Community_Hub/client/src/components/ui/breadcrumb.tsx"
2026-03-14T23:01:20.304505Z  INFO scan_sources: tailwindcss_oxide::scanner: Discovering "/home/moses/Desktop/Community_Hub/client/src/components/ui/skeleton.tsx"
2026-03-14T23:01:20.304522Z  INFO scan_sources: tailwindcss_oxide::scanner: Discovering "/home/moses/Desktop/Community_Hub/client/src/components/ui/resizable.tsx"
2026-03-14T23:01:20.304539Z  INFO scan_sources: tailwindcss_oxide::scanner: Discovering "/home/moses/Desktop/Community_Hub/client/src/components/ui/navigation-menu.tsx"
2026-03-14T23:01:20.304554Z  INFO scan_sources: tailwindcss_oxide::scanner: Discovering "/home/moses/Desktop/Community_Hub/client/src/components/ui/textarea.tsx"
2026-03-14T23:01:20.304570Z  INFO scan_sources: tailwindcss_oxide::scanner: Discovering "/home/moses/Desktop/Community_Hub/client/src/components/ui/separator.tsx"
2026-03-14T23:01:20.304585Z  INFO scan_sources: tailwindcss_oxide::scanner: Discovering "/home/moses/Desktop/Community_Hub/client/src/components/ui/input-otp.tsx"
2026-03-14T23:01:20.304599Z  INFO scan_sources: tailwindcss_oxide::scanner: Discovering "/home/moses/Desktop/Community_Hub/client/src/components/ui/drawer.tsx"
2026-03-14T23:01:20.304634Z  INFO scan_sources: tailwindcss_oxide::scanner: Discovering "/home/moses/Desktop/Community_Hub/client/src/components/ui/chart.tsx"
2026-03-14T23:01:20.304649Z  INFO scan_sources: tailwindcss_oxide::scanner: Discovering "/home/moses/Desktop/Community_Hub/client/src/components/ui/checkbox.tsx"
2026-03-14T23:01:20.304664Z  INFO scan_sources: tailwindcss_oxide::scanner: Discovering "/home/moses/Desktop/Community_Hub/client/src/components/ui/switch.tsx"
2026-03-14T23:01:20.304679Z  INFO scan_sources: tailwindcss_oxide::scanner: Discovering "/home/moses/Desktop/Community_Hub/client/src/components/ui/card.tsx"
2026-03-14T23:01:20.304693Z  INFO scan_sources: tailwindcss_oxide::scanner: Discovering "/home/moses/Desktop/Community_Hub/client/src/components/ui/scroll-area.tsx"
2026-03-14T23:01:20.304709Z  INFO scan_sources: tailwindcss_oxide::scanner: Discovering "/home/moses/Desktop/Community_Hub/client/src/components/ui/progress.tsx"
2026-03-14T23:01:20.304736Z  INFO scan_sources: tailwindcss_oxide::scanner: Discovering "/home/moses/Desktop/Community_Hub/client/src/components/Footer.tsx"
2026-03-14T23:01:20.304751Z  INFO scan_sources: tailwindcss_oxide::scanner: Discovering "/home/moses/Desktop/Community_Hub/client/src/components/LocationMap.tsx"
2026-03-14T23:01:20.304767Z  INFO scan_sources: tailwindcss_oxide::scanner: Discovering "/home/moses/Desktop/Community_Hub/client/src/components/ObjectUploader.tsx"
2026-03-14T23:01:20.304782Z  INFO scan_sources: tailwindcss_oxide::scanner: Discovering "/home/moses/Desktop/Community_Hub/client/src/components/LanguageSelector.tsx"
2026-03-14T23:01:20.304797Z  INFO scan_sources: tailwindcss_oxide::scanner: Discovering "/home/moses/Desktop/Community_Hub/client/src/components/PrayerCard.tsx"
2026-03-14T23:01:20.304812Z  INFO scan_sources: tailwindcss_oxide::scanner: Discovering "/home/moses/Desktop/Community_Hub/client/src/components/AppInstallBanner.tsx"
2026-03-14T23:01:20.304838Z  INFO scan_sources: tailwindcss_oxide::scanner: Discovering "/home/moses/Desktop/Community_Hub/client/src/components/CreatePrayerDialog.tsx"
2026-03-14T23:01:20.304853Z  INFO scan_sources: tailwindcss_oxide::scanner: Discovering "/home/moses/Desktop/Community_Hub/client/src/components/SermonCard.tsx"
2026-03-14T23:01:20.304868Z  INFO scan_sources: tailwindcss_oxide::scanner: Discovering "/home/moses/Desktop/Community_Hub/client/src/components/Navbar.tsx"
2026-03-14T23:01:20.304906Z  INFO scan_sources: tailwindcss_oxide::scanner: Discovering "/home/moses/Desktop/Community_Hub/client/vite.config.ts"
2026-03-14T23:01:20.304928Z  INFO scan_sources: tailwindcss_oxide::scanner: Discovering "/home/moses/Desktop/Community_Hub/client/client"
2026-03-14T23:01:20.304979Z  INFO scan_sources: tailwindcss_oxide::scanner: Discovering "/home/moses/Desktop/Community_Hub/client/index.html"
2026-03-14T23:01:20.304995Z  INFO scan_sources: tailwindcss_oxide::scanner: Discovering "/home/moses/Desktop/Community_Hub/client/components.json"
2026-03-14T23:01:20.305174Z  INFO scan_sources: tailwindcss_oxide::scanner: Discovering "/home/moses/Desktop/Community_Hub/client/package.json"
2026-03-14T23:01:20.305247Z  INFO scan_sources: tailwindcss_oxide::scanner: exit
2026-03-14T23:01:20.305262Z  INFO extract_candidates: tailwindcss_oxide::scanner: enter
2026-03-14T23:01:20.305283Z  INFO extract_candidates:read_all_files: tailwindcss_oxide::scanner: enter
2026-03-14T23:01:20.305287Z  INFO extract_candidates:read_all_files: tailwindcss_oxide::scanner: Reading 130 file(s)
2026-03-14T23:01:20.305788Z  INFO tailwindcss_oxide::scanner: Reading "/home/moses/Desktop/Community_Hub/client/public/robots.txt"
2026-03-14T23:01:20.305910Z  INFO tailwindcss_oxide::scanner: Reading "/home/moses/Desktop/Community_Hub/client/tsconfig.app.json"
2026-03-14T23:01:20.305935Z  INFO tailwindcss_oxide::scanner: Reading "/home/moses/Desktop/Community_Hub/client/tsconfig.json"
2026-03-14T23:01:20.305934Z  INFO tailwindcss_oxide::scanner: Reading "/home/moses/Desktop/Community_Hub/client/src/pages/SermonDetailPage.tsx"
2026-03-14T23:01:20.305949Z  INFO tailwindcss_oxide::scanner: Reading "/home/moses/Desktop/Community_Hub/client/src/main.tsx"
2026-03-14T23:01:20.305969Z  INFO tailwindcss_oxide::scanner: Reading "/home/moses/Desktop/Community_Hub/client/src/pages/QRScannerPage.tsx"
2026-03-14T23:01:20.305978Z  INFO tailwindcss_oxide::scanner: Reading "/home/moses/Desktop/Community_Hub/client/src/pages/SocialFeedPage.tsx"
2026-03-14T23:01:20.305992Z  INFO tailwindcss_oxide::scanner: Reading "/home/moses/Desktop/Community_Hub/client/src/pages/MembersPage.tsx"
2026-03-14T23:01:20.306013Z  INFO tailwindcss_oxide::scanner: Reading "/home/moses/Desktop/Community_Hub/client/src/pages/AttendanceHistoryPage.tsx"
2026-03-14T23:01:20.306046Z  INFO tailwindcss_oxide::scanner: Reading "/home/moses/Desktop/Community_Hub/client/src/pages/BiblePage.tsx"
2026-03-14T23:01:20.306045Z  INFO tailwindcss_oxide::scanner: Reading "/home/moses/Desktop/Community_Hub/client/src/pages/AdminDashboardPage.tsx"
2026-03-14T23:01:20.306072Z  INFO tailwindcss_oxide::scanner: Reading "/home/moses/Desktop/Community_Hub/client/src/pages/SuperAdminPage.tsx"
2026-03-14T23:01:20.306086Z  INFO tailwindcss_oxide::scanner: Reading "/home/moses/Desktop/Community_Hub/client/src/pages/MusicPage.tsx"
2026-03-14T23:01:20.306106Z  INFO tailwindcss_oxide::scanner: Reading "/home/moses/Desktop/Community_Hub/client/src/pages/EventDetailPage.tsx"
2026-03-14T23:01:20.306121Z  INFO tailwindcss_oxide::scanner: Reading "/home/moses/Desktop/Community_Hub/client/src/pages/HomePage.tsx"
2026-03-14T23:01:20.306135Z  INFO tailwindcss_oxide::scanner: Reading "/home/moses/Desktop/Community_Hub/client/src/pages/VolunteerPage.tsx"
2026-03-14T23:01:20.306148Z  INFO tailwindcss_oxide::scanner: Reading "/home/moses/Desktop/Community_Hub/client/src/pages/AdminLiveStreamPage.tsx"
2026-03-14T23:01:20.306160Z  INFO tailwindcss_oxide::scanner: Reading "/home/moses/Desktop/Community_Hub/client/src/pages/AbsentMembersPage.tsx"
2026-03-14T23:01:20.306184Z  INFO tailwindcss_oxide::scanner: Reading "/home/moses/Desktop/Community_Hub/client/src/pages/PrivacyPage.tsx"
2026-03-14T23:01:20.306331Z  INFO tailwindcss_oxide::scanner: Reading "/home/moses/Desktop/Community_Hub/client/src/components/ui/tabs.tsx"
2026-03-14T23:01:20.307107Z  INFO tailwindcss_oxide::scanner: Reading "/home/moses/Desktop/Community_Hub/client/src/components/PushNotificationSettings.tsx"
2026-03-14T23:01:20.308117Z  INFO tailwindcss_oxide::scanner: Reading "/home/moses/Desktop/Community_Hub/client/src/types/api.ts"
2026-03-14T23:01:20.308177Z  INFO tailwindcss_oxide::scanner: Reading "/home/moses/Desktop/Community_Hub/client/src/App.tsx"
2026-03-14T23:01:20.308418Z  INFO tailwindcss_oxide::scanner: Reading "/home/moses/Desktop/Community_Hub/client/src/components/ui/command.tsx"
2026-03-14T23:01:20.308523Z  INFO tailwindcss_oxide::scanner: Reading "/home/moses/Desktop/Community_Hub/client/src/vite-env.d.ts"
2026-03-14T23:01:20.309357Z  INFO tailwindcss_oxide::scanner: Reading "/home/moses/Desktop/Community_Hub/client/src/components/EventCard.tsx"
2026-03-14T23:01:20.309465Z  INFO tailwindcss_oxide::scanner: Reading "/home/moses/Desktop/Community_Hub/client/src/lib/utils.ts"
2026-03-14T23:01:20.309530Z  INFO tailwindcss_oxide::scanner: Reading "/home/moses/Desktop/Community_Hub/client/src/components/ui/popover.tsx"
2026-03-14T23:01:20.309659Z  INFO tailwindcss_oxide::scanner: Reading "/home/moses/Desktop/Community_Hub/client/src/lib/api.ts"
2026-03-14T23:01:20.310231Z  INFO tailwindcss_oxide::scanner: Reading "/home/moses/Desktop/Community_Hub/client/src/components/Layout.tsx"
2026-03-14T23:01:20.310269Z  INFO tailwindcss_oxide::scanner: Reading "/home/moses/Desktop/Community_Hub/client/src/components/ui/select.tsx"
2026-03-14T23:01:20.310372Z  INFO tailwindcss_oxide::scanner: Reading "/home/moses/Desktop/Community_Hub/client/src/lib/queryClient.ts"
2026-03-14T23:01:20.310523Z  INFO tailwindcss_oxide::scanner: Reading "/home/moses/Desktop/Community_Hub/client/src/components/ui/animations.tsx"
2026-03-14T23:01:20.310697Z  INFO tailwindcss_oxide::scanner: Reading "/home/moses/Desktop/Community_Hub/client/src/lib/api-routes.ts"
2026-03-14T23:01:20.310801Z  INFO tailwindcss_oxide::scanner: Reading "/home/moses/Desktop/Community_Hub/client/src/components/ui/toggle-group.tsx"
2026-03-14T23:01:20.310855Z  INFO tailwindcss_oxide::scanner: Reading "/home/moses/Desktop/Community_Hub/client/src/components/ui/use-toast.ts"
2026-03-14T23:01:20.310891Z  INFO tailwindcss_oxide::scanner: Reading "/home/moses/Desktop/Community_Hub/client/src/lib/api-config.ts"
2026-03-14T23:01:20.310962Z  INFO tailwindcss_oxide::scanner: Reading "/home/moses/Desktop/Community_Hub/client/src/components/ui/slider.tsx"
2026-03-14T23:01:20.311285Z  INFO tailwindcss_oxide::scanner: Reading "/home/moses/Desktop/Community_Hub/client/src/lib/auth-utils.ts"
2026-03-14T23:01:20.311318Z  INFO tailwindcss_oxide::scanner: Reading "/home/moses/Desktop/Community_Hub/client/src/hooks/use-websocket.ts"
2026-03-14T23:01:20.311367Z  INFO tailwindcss_oxide::scanner: Reading "/home/moses/Desktop/Community_Hub/client/src/components/ui/breadcrumb.tsx"
2026-03-14T23:01:20.311462Z  INFO tailwindcss_oxide::scanner: Reading "/home/moses/Desktop/Community_Hub/client/src/components/ui/radio-group.tsx"
2026-03-14T23:01:20.312891Z  INFO tailwindcss_oxide::scanner: Reading "/home/moses/Desktop/Community_Hub/client/src/pages/DashboardPage.tsx"
2026-03-14T23:01:20.313349Z  INFO tailwindcss_oxide::scanner: Reading "/home/moses/Desktop/Community_Hub/client/src/components/ui/skeleton.tsx"
2026-03-14T23:01:20.313474Z  INFO tailwindcss_oxide::scanner: Reading "/home/moses/Desktop/Community_Hub/client/src/pages/verifyEmail.tsx"
2026-03-14T23:01:20.313483Z  INFO tailwindcss_oxide::scanner: Reading "/home/moses/Desktop/Community_Hub/client/src/hooks/use-sermons.ts"
2026-03-14T23:01:20.313515Z  INFO tailwindcss_oxide::scanner: Reading "/home/moses/Desktop/Community_Hub/client/src/pages/CelebrationsPage.tsx"
2026-03-14T23:01:20.313563Z  INFO tailwindcss_oxide::scanner: Reading "/home/moses/Desktop/Community_Hub/client/src/pages/LiveStreamPage.tsx"
2026-03-14T23:01:20.313594Z  INFO tailwindcss_oxide::scanner: Reading "/home/moses/Desktop/Community_Hub/client/src/pages/DiscipleshipPage.tsx"
2026-03-14T23:01:20.313617Z  INFO tailwindcss_oxide::scanner: Reading "/home/moses/Desktop/Community_Hub/client/src/components/ui/dropdown-menu.tsx"
2026-03-14T23:01:20.313632Z  INFO tailwindcss_oxide::scanner: Reading "/home/moses/Desktop/Community_Hub/client/src/pages/GivePage.tsx"
2026-03-14T23:01:20.313650Z  INFO tailwindcss_oxide::scanner: Reading "/home/moses/Desktop/Community_Hub/client/src/pages/not-found.tsx"
2026-03-14T23:01:20.313666Z  INFO tailwindcss_oxide::scanner: Reading "/home/moses/Desktop/Community_Hub/client/src/pages/auth/callback.tsx"
2026-03-14T23:01:20.313671Z  INFO tailwindcss_oxide::scanner: Reading "/home/moses/Desktop/Community_Hub/client/src/components/ui/resizable.tsx"
2026-03-14T23:01:20.313682Z  INFO tailwindcss_oxide::scanner: Reading "/home/moses/Desktop/Community_Hub/client/src/pages/GroupsPage.tsx"
2026-03-14T23:01:20.313698Z  INFO tailwindcss_oxide::scanner: Reading "/home/moses/Desktop/Community_Hub/client/src/pages/CheckinPage.tsx"
2026-03-14T23:01:20.313709Z  INFO tailwindcss_oxide::scanner: Reading "/home/moses/Desktop/Community_Hub/client/src/hooks/use-celebrations.ts"
2026-03-14T23:01:20.313761Z  INFO tailwindcss_oxide::scanner: Reading "/home/moses/Desktop/Community_Hub/client/src/components/ui/carousel.tsx"
2026-03-14T23:01:20.313783Z  INFO tailwindcss_oxide::scanner: Reading "/home/moses/Desktop/Community_Hub/client/src/components/ui/badge.tsx"
2026-03-14T23:01:20.313825Z  INFO tailwindcss_oxide::scanner: Reading "/home/moses/Desktop/Community_Hub/client/src/hooks/use-branding.ts"
2026-03-14T23:01:20.313861Z  INFO tailwindcss_oxide::scanner: Reading "/home/moses/Desktop/Community_Hub/client/src/components/ui/navigation-menu.tsx"
2026-03-14T23:01:20.313906Z  INFO tailwindcss_oxide::scanner: Reading "/home/moses/Desktop/Community_Hub/client/src/components/ui/context-menu.tsx"
2026-03-14T23:01:20.313946Z  INFO tailwindcss_oxide::scanner: Reading "/home/moses/Desktop/Community_Hub/client/src/hooks/use-upload.ts"
2026-03-14T23:01:20.313979Z  INFO tailwindcss_oxide::scanner: Reading "/home/moses/Desktop/Community_Hub/client/src/components/ui/textarea.tsx"
2026-03-14T23:01:20.314054Z  INFO tailwindcss_oxide::scanner: Reading "/home/moses/Desktop/Community_Hub/client/src/components/ui/alert.tsx"
2026-03-14T23:01:20.314095Z  INFO tailwindcss_oxide::scanner: Reading "/home/moses/Desktop/Community_Hub/client/src/components/ui/separator.tsx"
2026-03-14T23:01:20.314109Z  INFO tailwindcss_oxide::scanner: Reading "/home/moses/Desktop/Community_Hub/client/src/hooks/use-language.tsx"
2026-03-14T23:01:20.314155Z  INFO tailwindcss_oxide::scanner: Reading "/home/moses/Desktop/Community_Hub/client/src/components/ui/dialog.tsx"
2026-03-14T23:01:20.314195Z  INFO tailwindcss_oxide::scanner: Reading "/home/moses/Desktop/Community_Hub/client/src/pages/AnalyticsPage.tsx"
2026-03-14T23:01:20.314206Z  INFO tailwindcss_oxide::scanner: Reading "/home/moses/Desktop/Community_Hub/client/src/components/ui/input-otp.tsx"
2026-03-14T23:01:20.314278Z  INFO tailwindcss_oxide::scanner: Reading "/home/moses/Desktop/Community_Hub/client/src/components/ui/hover-card.tsx"
2026-03-14T23:01:20.314278Z  INFO tailwindcss_oxide::scanner: Reading "/home/moses/Desktop/Community_Hub/client/src/hooks/use-auth.ts"
2026-03-14T23:01:20.314321Z  INFO tailwindcss_oxide::scanner: Reading "/home/moses/Desktop/Community_Hub/client/src/components/ui/drawer.tsx"
2026-03-14T23:01:20.314322Z  INFO tailwindcss_oxide::scanner: Reading "/home/moses/Desktop/Community_Hub/client/src/pages/logout.tsx"
2026-03-14T23:01:20.314376Z  INFO tailwindcss_oxide::scanner: Reading "/home/moses/Desktop/Community_Hub/client/src/pages/PrayerPage.tsx"
2026-03-14T23:01:20.314391Z  INFO tailwindcss_oxide::scanner: Reading "/home/moses/Desktop/Community_Hub/client/src/hooks/use-prayer.ts"
2026-03-14T23:01:20.314407Z  INFO tailwindcss_oxide::scanner: Reading "/home/moses/Desktop/Community_Hub/client/src/hooks/use-events.ts"
2026-03-14T23:01:20.314435Z  INFO tailwindcss_oxide::scanner: Reading "/home/moses/Desktop/Community_Hub/client/src/pages/MessagesPage.tsx"
2026-03-14T23:01:20.314451Z  INFO tailwindcss_oxide::scanner: Reading "/home/moses/Desktop/Community_Hub/client/src/pages/login.tsx"
2026-03-14T23:01:20.314458Z  INFO tailwindcss_oxide::scanner: Reading "/home/moses/Desktop/Community_Hub/client/src/components/ui/chart.tsx"
2026-03-14T23:01:20.314476Z  INFO tailwindcss_oxide::scanner: Reading "/home/moses/Desktop/Community_Hub/client/src/pages/HouseCellsPage.tsx"
2026-03-14T23:01:20.314487Z  INFO tailwindcss_oxide::scanner: Reading "/home/moses/Desktop/Community_Hub/client/src/hooks/use-mobile.tsx"
2026-03-14T23:01:20.314495Z  INFO tailwindcss_oxide::scanner: Reading "/home/moses/Desktop/Community_Hub/client/src/components/ui/checkbox.tsx"
2026-03-14T23:01:20.314522Z  INFO tailwindcss_oxide::scanner: Reading "/home/moses/Desktop/Community_Hub/client/src/components/ui/avatar.tsx"
2026-03-14T23:01:20.314552Z  INFO tailwindcss_oxide::scanner: Reading "/home/moses/Desktop/Community_Hub/client/src/pages/SermonClipGeneratorPage.tsx"
2026-03-14T23:01:20.314581Z  INFO tailwindcss_oxide::scanner: Reading "/home/moses/Desktop/Community_Hub/client/src/hooks/use-toast.ts"
2026-03-14T23:01:20.314601Z  INFO tailwindcss_oxide::scanner: Reading "/home/moses/Desktop/Community_Hub/client/src/components/ui/switch.tsx"
2026-03-14T23:01:20.314628Z  INFO tailwindcss_oxide::scanner: Reading "/home/moses/Desktop/Community_Hub/client/src/pages/SermonsPage.tsx"
2026-03-14T23:01:20.314645Z  INFO tailwindcss_oxide::scanner: Reading "/home/moses/Desktop/Community_Hub/client/src/pages/DevotionalsPage.tsx"
2026-03-14T23:01:20.314676Z  INFO tailwindcss_oxide::scanner: Reading "/home/moses/Desktop/Community_Hub/client/src/pages/AttendanceAnalyticsPage.tsx"
2026-03-14T23:01:20.314689Z  INFO tailwindcss_oxide::scanner: Reading "/home/moses/Desktop/Community_Hub/client/src/pages/EventsPage.tsx"
2026-03-14T23:01:20.314705Z  INFO tailwindcss_oxide::scanner: Reading "/home/moses/Desktop/Community_Hub/client/src/hooks/use-attendance.ts"
2026-03-14T23:01:20.314728Z  INFO tailwindcss_oxide::scanner: Reading "/home/moses/Desktop/Community_Hub/client/src/pages/LanguageSettingsPage.tsx"
2026-03-14T23:01:20.314769Z  INFO tailwindcss_oxide::scanner: Reading "/home/moses/Desktop/Community_Hub/client/src/components/ui/card.tsx"
2026-03-14T23:01:20.314796Z  INFO tailwindcss_oxide::scanner: Reading "/home/moses/Desktop/Community_Hub/client/src/hooks/use-messages.ts"
2026-03-14T23:01:20.314837Z  INFO tailwindcss_oxide::scanner: Reading "/home/moses/Desktop/Community_Hub/client/src/components/PrayerCard.tsx"
2026-03-14T23:01:20.314852Z  INFO tailwindcss_oxide::scanner: Reading "/home/moses/Desktop/Community_Hub/client/src/components/AppInstallBanner.tsx"
2026-03-14T23:01:20.314879Z  INFO tailwindcss_oxide::scanner: Reading "/home/moses/Desktop/Community_Hub/client/src/components/ui/scroll-area.tsx"
2026-03-14T23:01:20.314936Z  INFO tailwindcss_oxide::scanner: Reading "/home/moses/Desktop/Community_Hub/client/src/hooks/use-donations.ts"
2026-03-14T23:01:20.314951Z  INFO tailwindcss_oxide::scanner: Reading "/home/moses/Desktop/Community_Hub/client/src/hooks/use-permissions.ts"
2026-03-14T23:01:20.315002Z  INFO tailwindcss_oxide::scanner: Reading "/home/moses/Desktop/Community_Hub/client/src/components/CreatePrayerDialog.tsx"
2026-03-14T23:01:20.315031Z  INFO tailwindcss_oxide::scanner: Reading "/home/moses/Desktop/Community_Hub/client/src/components/ui/progress.tsx"
2026-03-14T23:01:20.315072Z  INFO tailwindcss_oxide::scanner: Reading "/home/moses/Desktop/Community_Hub/client/src/components/Footer.tsx"
2026-03-14T23:01:20.315095Z  INFO tailwindcss_oxide::scanner: Reading "/home/moses/Desktop/Community_Hub/client/src/components/SermonCard.tsx"
2026-03-14T23:01:20.315154Z  INFO tailwindcss_oxide::scanner: Reading "/home/moses/Desktop/Community_Hub/client/src/components/ui/accordion.tsx"
2026-03-14T23:01:20.315204Z  INFO tailwindcss_oxide::scanner: Reading "/home/moses/Desktop/Community_Hub/client/src/components/Navbar.tsx"
2026-03-14T23:01:20.315237Z  INFO tailwindcss_oxide::scanner: Reading "/home/moses/Desktop/Community_Hub/client/src/components/ObjectUploader.tsx"
2026-03-14T23:01:20.315278Z  INFO tailwindcss_oxide::scanner: Reading "/home/moses/Desktop/Community_Hub/client/src/components/LocationMap.tsx"
2026-03-14T23:01:20.315307Z  INFO tailwindcss_oxide::scanner: Reading "/home/moses/Desktop/Community_Hub/client/index.html"
2026-03-14T23:01:20.315422Z  INFO tailwindcss_oxide::scanner: Reading "/home/moses/Desktop/Community_Hub/client/components.json"
2026-03-14T23:01:20.315455Z  INFO tailwindcss_oxide::scanner: Reading "/home/moses/Desktop/Community_Hub/client/package.json"
2026-03-14T23:01:20.315495Z  INFO tailwindcss_oxide::scanner: Reading "/home/moses/Desktop/Community_Hub/client/vite.config.ts"
2026-03-14T23:01:20.315511Z  INFO tailwindcss_oxide::scanner: Reading "/home/moses/Desktop/Community_Hub/client/src/components/ui/sidebar.tsx"
2026-03-14T23:01:20.315569Z  INFO tailwindcss_oxide::scanner: Reading "/home/moses/Desktop/Community_Hub/client/src/components/ui/pagination.tsx"
2026-03-14T23:01:20.315602Z  INFO tailwindcss_oxide::scanner: Reading "/home/moses/Desktop/Community_Hub/client/src/components/LanguageSelector.tsx"
2026-03-14T23:01:20.315650Z  INFO tailwindcss_oxide::scanner: Reading "/home/moses/Desktop/Community_Hub/client/src/components/ui/sheet.tsx"
2026-03-14T23:01:20.315653Z  INFO tailwindcss_oxide::scanner: Reading "/home/moses/Desktop/Community_Hub/client/src/components/ui/calendar.tsx"
2026-03-14T23:01:20.315691Z  INFO tailwindcss_oxide::scanner: Reading "/home/moses/Desktop/Community_Hub/client/src/components/ui/button.tsx"
2026-03-14T23:01:20.315734Z  INFO tailwindcss_oxide::scanner: Reading "/home/moses/Desktop/Community_Hub/client/src/components/ui/tooltip.tsx"
2026-03-14T23:01:20.315760Z  INFO tailwindcss_oxide::scanner: Reading "/home/moses/Desktop/Community_Hub/client/src/components/ui/collapsible.tsx"
2026-03-14T23:01:20.315795Z  INFO tailwindcss_oxide::scanner: Reading "/home/moses/Desktop/Community_Hub/client/src/components/ui/toggle.tsx"
2026-03-14T23:01:20.315862Z  INFO tailwindcss_oxide::scanner: Reading "/home/moses/Desktop/Community_Hub/client/src/components/ui/menubar.tsx"
2026-03-14T23:01:20.315901Z  INFO tailwindcss_oxide::scanner: Reading "/home/moses/Desktop/Community_Hub/client/src/components/ui/aspect-ratio.tsx"
2026-03-14T23:01:20.315932Z  INFO tailwindcss_oxide::scanner: Reading "/home/moses/Desktop/Community_Hub/client/src/components/ui/label.tsx"
2026-03-14T23:01:20.315945Z  INFO tailwindcss_oxide::scanner: Reading "/home/moses/Desktop/Community_Hub/client/src/components/ui/toaster.tsx"
2026-03-14T23:01:20.315978Z  INFO tailwindcss_oxide::scanner: Reading "/home/moses/Desktop/Community_Hub/client/src/components/ui/table.tsx"
2026-03-14T23:01:20.316019Z  INFO tailwindcss_oxide::scanner: Reading "/home/moses/Desktop/Community_Hub/client/src/components/ui/toast.tsx"
2026-03-14T23:01:20.316091Z  INFO tailwindcss_oxide::scanner: Reading "/home/moses/Desktop/Community_Hub/client/src/components/ui/form.tsx"
2026-03-14T23:01:20.316103Z  INFO tailwindcss_oxide::scanner: Reading "/home/moses/Desktop/Community_Hub/client/src/components/ui/alert-dialog.tsx"
2026-03-14T23:01:20.316165Z  INFO tailwindcss_oxide::scanner: Reading "/home/moses/Desktop/Community_Hub/client/src/components/ui/input.tsx"
2026-03-14T23:01:20.317195Z  INFO extract_candidates:read_all_files: tailwindcss_oxide::scanner: exit
2026-03-14T23:01:20.317230Z  INFO extract_candidates:parse_all_blobs: tailwindcss_oxide::scanner: enter
2026-03-14T23:01:20.317237Z  INFO extract_candidates:parse_all_blobs:extract: tailwindcss_oxide::scanner: enter
2026-03-14T23:01:20.366463Z  INFO extract_candidates:parse_all_blobs:extract: tailwindcss_oxide::scanner: exit
2026-03-14T23:01:20.366575Z  INFO extract_candidates:parse_all_blobs: tailwindcss_oxide::scanner: exit
2026-03-14T23:01:20.366588Z  INFO extract_candidates:read_all_files: tailwindcss_oxide::scanner: enter
2026-03-14T23:01:20.366593Z  INFO extract_candidates:read_all_files: tailwindcss_oxide::scanner: Reading 1 file(s)
2026-03-14T23:01:20.366617Z  INFO extract_candidates:read_all_files: tailwindcss_oxide::scanner: Reading "/home/moses/Desktop/Community_Hub/client/src/index.css"
2026-03-14T23:01:20.366627Z  INFO extract_candidates:read_all_files: tailwindcss_oxide::scanner: exit
2026-03-14T23:01:20.366632Z  INFO extract_candidates:extract_css_variables: tailwindcss_oxide::scanner: enter
2026-03-14T23:01:20.366637Z  INFO extract_candidates:extract_css_variables:extract: tailwindcss_oxide::scanner: enter
2026-03-14T23:01:20.369417Z  INFO extract_candidates:extract_css_variables:extract: tailwindcss_oxide::scanner: exit
2026-03-14T23:01:20.369479Z  INFO extract_candidates:extract_css_variables: tailwindcss_oxide::scanner: exit
2026-03-14T23:01:20.371893Z  INFO extract_candidates: tailwindcss_oxide::scanner: exit
2026-03-14T23:01:20.384659Z  INFO get_files: tailwindcss_oxide::scanner: enter
2026-03-14T23:01:20.384760Z  INFO get_files:scan_sources: tailwindcss_oxide::scanner: enter
2026-03-14T23:01:20.385587Z  INFO get_files:scan_sources: tailwindcss_oxide::scanner: Discovering "/home/moses/Desktop/Community_Hub/client/public"
2026-03-14T23:01:20.385973Z  INFO get_files:scan_sources: tailwindcss_oxide::scanner: Discovering "/home/moses/Desktop/Community_Hub/client/src"
2026-03-14T23:01:20.386093Z  INFO get_files:scan_sources: tailwindcss_oxide::scanner: Discovering "/home/moses/Desktop/Community_Hub/client/src/pages"
2026-03-14T23:01:20.386309Z  INFO get_files:scan_sources: tailwindcss_oxide::scanner: Discovering "/home/moses/Desktop/Community_Hub/client/src/pages/auth"
2026-03-14T23:01:20.386592Z  INFO get_files:scan_sources: tailwindcss_oxide::scanner: Discovering "/home/moses/Desktop/Community_Hub/client/src/types"
2026-03-14T23:01:20.386718Z  INFO get_files:scan_sources: tailwindcss_oxide::scanner: Discovering "/home/moses/Desktop/Community_Hub/client/src/lib"
2026-03-14T23:01:20.386841Z  INFO get_files:scan_sources: tailwindcss_oxide::scanner: Discovering "/home/moses/Desktop/Community_Hub/client/src/hooks"
2026-03-14T23:01:20.387032Z  INFO get_files:scan_sources: tailwindcss_oxide::scanner: Discovering "/home/moses/Desktop/Community_Hub/client/src/components"
2026-03-14T23:01:20.387135Z  INFO get_files:scan_sources: tailwindcss_oxide::scanner: Discovering "/home/moses/Desktop/Community_Hub/client/src/components/ui"
2026-03-14T23:01:20.387833Z  INFO get_files:scan_sources: tailwindcss_oxide::scanner: Discovering "/home/moses/Desktop/Community_Hub/client/client"
2026-03-14T23:01:20.388025Z  INFO get_files:scan_sources: tailwindcss_oxide::scanner: exit
2026-03-14T23:01:20.389009Z  INFO get_files: tailwindcss_oxide::scanner: exit
2026-03-14T23:01:20.389605Z  INFO get_globs: tailwindcss_oxide::scanner: enter
2026-03-14T23:01:20.396517Z  INFO get_globs:scan_sources: tailwindcss_oxide::scanner: enter
2026-03-14T23:01:20.397466Z  INFO get_globs:scan_sources: tailwindcss_oxide::scanner: Discovering "/home/moses/Desktop/Community_Hub/client/public"
2026-03-14T23:01:20.397859Z  INFO get_globs:scan_sources: tailwindcss_oxide::scanner: Discovering "/home/moses/Desktop/Community_Hub/client/src"
2026-03-14T23:01:20.397948Z  INFO get_globs:scan_sources: tailwindcss_oxide::scanner: Discovering "/home/moses/Desktop/Community_Hub/client/src/pages"
2026-03-14T23:01:20.398160Z  INFO get_globs:scan_sources: tailwindcss_oxide::scanner: Discovering "/home/moses/Desktop/Community_Hub/client/src/pages/auth"
2026-03-14T23:01:20.398451Z  INFO get_globs:scan_sources: tailwindcss_oxide::scanner: Discovering "/home/moses/Desktop/Community_Hub/client/src/types"
2026-03-14T23:01:20.400538Z  INFO get_globs:scan_sources: tailwindcss_oxide::scanner: Discovering "/home/moses/Desktop/Community_Hub/client/src/lib"
2026-03-14T23:01:20.400682Z  INFO get_globs:scan_sources: tailwindcss_oxide::scanner: Discovering "/home/moses/Desktop/Community_Hub/client/src/hooks"
2026-03-14T23:01:20.400885Z  INFO get_globs:scan_sources: tailwindcss_oxide::scanner: Discovering "/home/moses/Desktop/Community_Hub/client/src/components"
2026-03-14T23:01:20.401248Z  INFO get_globs:scan_sources: tailwindcss_oxide::scanner: Discovering "/home/moses/Desktop/Community_Hub/client/src/components/ui"
2026-03-14T23:01:20.404843Z  INFO get_globs:scan_sources: tailwindcss_oxide::scanner: Discovering "/home/moses/Desktop/Community_Hub/client/client"
2026-03-14T23:01:20.405095Z  INFO get_globs:scan_sources: tailwindcss_oxide::scanner: exit
2026-03-14T23:01:20.417567Z  INFO get_globs: tailwindcss_oxide::scanner: exit
