2026-03-14T21:47:13.891418Z  INFO tailwindcss_oxide::scanner: Provided sources:
2026-03-14T21:47:13.891706Z  INFO tailwindcss_oxide::scanner: Source: PublicSourceEntry { base: "/home/moses/Desktop/Community_Hub/client", pattern: "**/*", negated: false }
2026-03-14T21:47:13.891924Z  INFO tailwindcss_oxide::scanner: Optimized sources:
2026-03-14T21:47:13.891932Z  INFO tailwindcss_oxide::scanner: Source: Auto { base: "/home/moses/Desktop/Community_Hub/client" }
2026-03-14T21:47:13.894202Z  INFO scan_sources: tailwindcss_oxide::scanner: enter
2026-03-14T21:47:13.894930Z  INFO scan_sources: tailwindcss_oxide::scanner: Discovering "/home/moses/Desktop/Community_Hub/client/public"
2026-03-14T21:47:13.895112Z  INFO scan_sources: tailwindcss_oxide::scanner: Discovering "/home/moses/Desktop/Community_Hub/client/public/robots.txt"
2026-03-14T21:47:13.895249Z  INFO scan_sources: tailwindcss_oxide::scanner: Discovering "/home/moses/Desktop/Community_Hub/client/tsconfig.app.json"
2026-03-14T21:47:13.895272Z  INFO scan_sources: tailwindcss_oxide::scanner: Discovering "/home/moses/Desktop/Community_Hub/client/tsconfig.json"
2026-03-14T21:47:13.895313Z  INFO scan_sources: tailwindcss_oxide::scanner: Discovering "/home/moses/Desktop/Community_Hub/client/src"
2026-03-14T21:47:13.895353Z  INFO scan_sources: tailwindcss_oxide::scanner: Discovering "/home/moses/Desktop/Community_Hub/client/src/main.tsx"
2026-03-14T21:47:13.895374Z  INFO scan_sources: tailwindcss_oxide::scanner: Discovering "/home/moses/Desktop/Community_Hub/client/src/index.css"
2026-03-14T21:47:13.895395Z  INFO scan_sources: tailwindcss_oxide::scanner: Discovering "/home/moses/Desktop/Community_Hub/client/src/pages"
2026-03-14T21:47:13.895441Z  INFO scan_sources: tailwindcss_oxide::scanner: Discovering "/home/moses/Desktop/Community_Hub/client/src/pages/QRScannerPage.tsx"
2026-03-14T21:47:13.895455Z  INFO scan_sources: tailwindcss_oxide::scanner: Discovering "/home/moses/Desktop/Community_Hub/client/src/pages/MembersPage.tsx"
2026-03-14T21:47:13.895469Z  INFO scan_sources: tailwindcss_oxide::scanner: Discovering "/home/moses/Desktop/Community_Hub/client/src/pages/AttendanceHistoryPage.tsx"
2026-03-14T21:47:13.895480Z  INFO scan_sources: tailwindcss_oxide::scanner: Discovering "/home/moses/Desktop/Community_Hub/client/src/pages/BiblePage.tsx"
2026-03-14T21:47:13.895492Z  INFO scan_sources: tailwindcss_oxide::scanner: Discovering "/home/moses/Desktop/Community_Hub/client/src/pages/SuperAdminPage.tsx"
2026-03-14T21:47:13.895503Z  INFO scan_sources: tailwindcss_oxide::scanner: Discovering "/home/moses/Desktop/Community_Hub/client/src/pages/MusicPage.tsx"
2026-03-14T21:47:13.895514Z  INFO scan_sources: tailwindcss_oxide::scanner: Discovering "/home/moses/Desktop/Community_Hub/client/src/pages/DashboardPage.tsx"
2026-03-14T21:47:13.895531Z  INFO scan_sources: tailwindcss_oxide::scanner: Discovering "/home/moses/Desktop/Community_Hub/client/src/pages/verifyEmail.tsx"
2026-03-14T21:47:13.895543Z  INFO scan_sources: tailwindcss_oxide::scanner: Discovering "/home/moses/Desktop/Community_Hub/client/src/pages/CelebrationsPage.tsx"
2026-03-14T21:47:13.895556Z  INFO scan_sources: tailwindcss_oxide::scanner: Discovering "/home/moses/Desktop/Community_Hub/client/src/pages/LiveStreamPage.tsx"
2026-03-14T21:47:13.895567Z  INFO scan_sources: tailwindcss_oxide::scanner: Discovering "/home/moses/Desktop/Community_Hub/client/src/pages/DiscipleshipPage.tsx"
2026-03-14T21:47:13.895578Z  INFO scan_sources: tailwindcss_oxide::scanner: Discovering "/home/moses/Desktop/Community_Hub/client/src/pages/GivePage.tsx"
2026-03-14T21:47:13.895593Z  INFO scan_sources: tailwindcss_oxide::scanner: Discovering "/home/moses/Desktop/Community_Hub/client/src/pages/not-found.tsx"
2026-03-14T21:47:13.895610Z  INFO scan_sources: tailwindcss_oxide::scanner: Discovering "/home/moses/Desktop/Community_Hub/client/src/pages/auth"
2026-03-14T21:47:13.895638Z  INFO scan_sources: tailwindcss_oxide::scanner: Discovering "/home/moses/Desktop/Community_Hub/client/src/pages/auth/callback.tsx"
2026-03-14T21:47:13.895652Z  INFO scan_sources: tailwindcss_oxide::scanner: Discovering "/home/moses/Desktop/Community_Hub/client/src/pages/GroupsPage.tsx"
2026-03-14T21:47:13.895673Z  INFO scan_sources: tailwindcss_oxide::scanner: Discovering "/home/moses/Desktop/Community_Hub/client/src/pages/CheckinPage.tsx"
2026-03-14T21:47:13.895684Z  INFO scan_sources: tailwindcss_oxide::scanner: Discovering "/home/moses/Desktop/Community_Hub/client/src/pages/AnalyticsPage.tsx"
2026-03-14T21:47:13.895698Z  INFO scan_sources: tailwindcss_oxide::scanner: Discovering "/home/moses/Desktop/Community_Hub/client/src/pages/logout.tsx"
2026-03-14T21:47:13.895709Z  INFO scan_sources: tailwindcss_oxide::scanner: Discovering "/home/moses/Desktop/Community_Hub/client/src/pages/PrayerPage.tsx"
2026-03-14T21:47:13.895719Z  INFO scan_sources: tailwindcss_oxide::scanner: Discovering "/home/moses/Desktop/Community_Hub/client/src/pages/MessagesPage.tsx"
2026-03-14T21:47:13.895730Z  INFO scan_sources: tailwindcss_oxide::scanner: Discovering "/home/moses/Desktop/Community_Hub/client/src/pages/login.tsx"
2026-03-14T21:47:13.895740Z  INFO scan_sources: tailwindcss_oxide::scanner: Discovering "/home/moses/Desktop/Community_Hub/client/src/pages/HouseCellsPage.tsx"
2026-03-14T21:47:13.895751Z  INFO scan_sources: tailwindcss_oxide::scanner: Discovering "/home/moses/Desktop/Community_Hub/client/src/pages/SermonClipGeneratorPage.tsx"
2026-03-14T21:47:13.895765Z  INFO scan_sources: tailwindcss_oxide::scanner: Discovering "/home/moses/Desktop/Community_Hub/client/src/pages/SermonsPage.tsx"
2026-03-14T21:47:13.895776Z  INFO scan_sources: tailwindcss_oxide::scanner: Discovering "/home/moses/Desktop/Community_Hub/client/src/pages/DevotionalsPage.tsx"
2026-03-14T21:47:13.895787Z  INFO scan_sources: tailwindcss_oxide::scanner: Discovering "/home/moses/Desktop/Community_Hub/client/src/pages/AttendanceAnalyticsPage.tsx"
2026-03-14T21:47:13.895798Z  INFO scan_sources: tailwindcss_oxide::scanner: Discovering "/home/moses/Desktop/Community_Hub/client/src/pages/EventsPage.tsx"
2026-03-14T21:47:13.895809Z  INFO scan_sources: tailwindcss_oxide::scanner: Discovering "/home/moses/Desktop/Community_Hub/client/src/pages/LanguageSettingsPage.tsx"
2026-03-14T21:47:13.895820Z  INFO scan_sources: tailwindcss_oxide::scanner: Discovering "/home/moses/Desktop/Community_Hub/client/src/pages/SermonDetailPage.tsx"
2026-03-14T21:47:13.895832Z  INFO scan_sources: tailwindcss_oxide::scanner: Discovering "/home/moses/Desktop/Community_Hub/client/src/pages/SocialFeedPage.tsx"
2026-03-14T21:47:13.895843Z  INFO scan_sources: tailwindcss_oxide::scanner: Discovering "/home/moses/Desktop/Community_Hub/client/src/pages/AdminDashboardPage.tsx"
2026-03-14T21:47:13.895854Z  INFO scan_sources: tailwindcss_oxide::scanner: Discovering "/home/moses/Desktop/Community_Hub/client/src/pages/EventDetailPage.tsx"
2026-03-14T21:47:13.895864Z  INFO scan_sources: tailwindcss_oxide::scanner: Discovering "/home/moses/Desktop/Community_Hub/client/src/pages/HomePage.tsx"
2026-03-14T21:47:13.895876Z  INFO scan_sources: tailwindcss_oxide::scanner: Discovering "/home/moses/Desktop/Community_Hub/client/src/pages/VolunteerPage.tsx"
2026-03-14T21:47:13.895887Z  INFO scan_sources: tailwindcss_oxide::scanner: Discovering "/home/moses/Desktop/Community_Hub/client/src/pages/AdminLiveStreamPage.tsx"
2026-03-14T21:47:13.895897Z  INFO scan_sources: tailwindcss_oxide::scanner: Discovering "/home/moses/Desktop/Community_Hub/client/src/pages/AbsentMembersPage.tsx"
2026-03-14T21:47:13.895908Z  INFO scan_sources: tailwindcss_oxide::scanner: Discovering "/home/moses/Desktop/Community_Hub/client/src/pages/PrivacyPage.tsx"
2026-03-14T21:47:13.895926Z  INFO scan_sources: tailwindcss_oxide::scanner: Discovering "/home/moses/Desktop/Community_Hub/client/src/types"
2026-03-14T21:47:13.895952Z  INFO scan_sources: tailwindcss_oxide::scanner: Discovering "/home/moses/Desktop/Community_Hub/client/src/types/api.ts"
2026-03-14T21:47:13.895966Z  INFO scan_sources: tailwindcss_oxide::scanner: Discovering "/home/moses/Desktop/Community_Hub/client/src/App.tsx"
2026-03-14T21:47:13.895982Z  INFO scan_sources: tailwindcss_oxide::scanner: Discovering "/home/moses/Desktop/Community_Hub/client/src/vite-env.d.ts"
2026-03-14T21:47:13.896002Z  INFO scan_sources: tailwindcss_oxide::scanner: Discovering "/home/moses/Desktop/Community_Hub/client/src/lib"
2026-03-14T21:47:13.896032Z  INFO scan_sources: tailwindcss_oxide::scanner: Discovering "/home/moses/Desktop/Community_Hub/client/src/lib/utils.ts"
2026-03-14T21:47:13.896044Z  INFO scan_sources: tailwindcss_oxide::scanner: Discovering "/home/moses/Desktop/Community_Hub/client/src/lib/api.ts"
2026-03-14T21:47:13.896056Z  INFO scan_sources: tailwindcss_oxide::scanner: Discovering "/home/moses/Desktop/Community_Hub/client/src/lib/queryClient.ts"
2026-03-14T21:47:13.896066Z  INFO scan_sources: tailwindcss_oxide::scanner: Discovering "/home/moses/Desktop/Community_Hub/client/src/lib/api-routes.ts"
2026-03-14T21:47:13.896077Z  INFO scan_sources: tailwindcss_oxide::scanner: Discovering "/home/moses/Desktop/Community_Hub/client/src/lib/api-config.ts"
2026-03-14T21:47:13.896087Z  INFO scan_sources: tailwindcss_oxide::scanner: Discovering "/home/moses/Desktop/Community_Hub/client/src/lib/auth-utils.ts"
2026-03-14T21:47:13.896104Z  INFO scan_sources: tailwindcss_oxide::scanner: Discovering "/home/moses/Desktop/Community_Hub/client/src/hooks"
2026-03-14T21:47:13.896136Z  INFO scan_sources: tailwindcss_oxide::scanner: Discovering "/home/moses/Desktop/Community_Hub/client/src/hooks/use-websocket.ts"
2026-03-14T21:47:13.896147Z  INFO scan_sources: tailwindcss_oxide::scanner: Discovering "/home/moses/Desktop/Community_Hub/client/src/hooks/use-sermons.ts"
2026-03-14T21:47:13.896158Z  INFO scan_sources: tailwindcss_oxide::scanner: Discovering "/home/moses/Desktop/Community_Hub/client/src/hooks/use-celebrations.ts"
2026-03-14T21:47:13.896169Z  INFO scan_sources: tailwindcss_oxide::scanner: Discovering "/home/moses/Desktop/Community_Hub/client/src/hooks/use-branding.ts"
2026-03-14T21:47:13.896180Z  INFO scan_sources: tailwindcss_oxide::scanner: Discovering "/home/moses/Desktop/Community_Hub/client/src/hooks/use-upload.ts"
2026-03-14T21:47:13.896197Z  INFO scan_sources: tailwindcss_oxide::scanner: Discovering "/home/moses/Desktop/Community_Hub/client/src/hooks/use-language.tsx"
2026-03-14T21:47:13.896208Z  INFO scan_sources: tailwindcss_oxide::scanner: Discovering "/home/moses/Desktop/Community_Hub/client/src/hooks/use-auth.ts"
2026-03-14T21:47:13.896230Z  INFO scan_sources: tailwindcss_oxide::scanner: Discovering "/home/moses/Desktop/Community_Hub/client/src/hooks/use-prayer.ts"
2026-03-14T21:47:13.896247Z  INFO scan_sources: tailwindcss_oxide::scanner: Discovering "/home/moses/Desktop/Community_Hub/client/src/hooks/use-events.ts"
2026-03-14T21:47:13.896257Z  INFO scan_sources: tailwindcss_oxide::scanner: Discovering "/home/moses/Desktop/Community_Hub/client/src/hooks/use-mobile.tsx"
2026-03-14T21:47:13.896268Z  INFO scan_sources: tailwindcss_oxide::scanner: Discovering "/home/moses/Desktop/Community_Hub/client/src/hooks/use-toast.ts"
2026-03-14T21:47:13.896279Z  INFO scan_sources: tailwindcss_oxide::scanner: Discovering "/home/moses/Desktop/Community_Hub/client/src/hooks/use-attendance.ts"
2026-03-14T21:47:13.896290Z  INFO scan_sources: tailwindcss_oxide::scanner: Discovering "/home/moses/Desktop/Community_Hub/client/src/hooks/use-messages.ts"
2026-03-14T21:47:13.896301Z  INFO scan_sources: tailwindcss_oxide::scanner: Discovering "/home/moses/Desktop/Community_Hub/client/src/hooks/use-donations.ts"
2026-03-14T21:47:13.896312Z  INFO scan_sources: tailwindcss_oxide::scanner: Discovering "/home/moses/Desktop/Community_Hub/client/src/hooks/use-permissions.ts"
2026-03-14T21:47:13.896330Z  INFO scan_sources: tailwindcss_oxide::scanner: Discovering "/home/moses/Desktop/Community_Hub/client/src/components"
2026-03-14T21:47:13.896361Z  INFO scan_sources: tailwindcss_oxide::scanner: Discovering "/home/moses/Desktop/Community_Hub/client/src/components/PushNotificationSettings.tsx"
2026-03-14T21:47:13.896372Z  INFO scan_sources: tailwindcss_oxide::scanner: Discovering "/home/moses/Desktop/Community_Hub/client/src/components/EventCard.tsx"
2026-03-14T21:47:13.896386Z  INFO scan_sources: tailwindcss_oxide::scanner: Discovering "/home/moses/Desktop/Community_Hub/client/src/components/Layout.tsx"
2026-03-14T21:47:13.896402Z  INFO scan_sources: tailwindcss_oxide::scanner: Discovering "/home/moses/Desktop/Community_Hub/client/src/components/ui"
2026-03-14T21:47:13.896453Z  INFO scan_sources: tailwindcss_oxide::scanner: Discovering "/home/moses/Desktop/Community_Hub/client/src/components/ui/select.tsx"
2026-03-14T21:47:13.896464Z  INFO scan_sources: tailwindcss_oxide::scanner: Discovering "/home/moses/Desktop/Community_Hub/client/src/components/ui/slider.tsx"
2026-03-14T21:47:13.896476Z  INFO scan_sources: tailwindcss_oxide::scanner: Discovering "/home/moses/Desktop/Community_Hub/client/src/components/ui/radio-group.tsx"
2026-03-14T21:47:13.896488Z  INFO scan_sources: tailwindcss_oxide::scanner: Discovering "/home/moses/Desktop/Community_Hub/client/src/components/ui/dropdown-menu.tsx"
2026-03-14T21:47:13.896499Z  INFO scan_sources: tailwindcss_oxide::scanner: Discovering "/home/moses/Desktop/Community_Hub/client/src/components/ui/carousel.tsx"
2026-03-14T21:47:13.896511Z  INFO scan_sources: tailwindcss_oxide::scanner: Discovering "/home/moses/Desktop/Community_Hub/client/src/components/ui/badge.tsx"
2026-03-14T21:47:13.896521Z  INFO scan_sources: tailwindcss_oxide::scanner: Discovering "/home/moses/Desktop/Community_Hub/client/src/components/ui/context-menu.tsx"
2026-03-14T21:47:13.896532Z  INFO scan_sources: tailwindcss_oxide::scanner: Discovering "/home/moses/Desktop/Community_Hub/client/src/components/ui/alert.tsx"
2026-03-14T21:47:13.896542Z  INFO scan_sources: tailwindcss_oxide::scanner: Discovering "/home/moses/Desktop/Community_Hub/client/src/components/ui/dialog.tsx"
2026-03-14T21:47:13.896552Z  INFO scan_sources: tailwindcss_oxide::scanner: Discovering "/home/moses/Desktop/Community_Hub/client/src/components/ui/hover-card.tsx"
2026-03-14T21:47:13.896563Z  INFO scan_sources: tailwindcss_oxide::scanner: Discovering "/home/moses/Desktop/Community_Hub/client/src/components/ui/avatar.tsx"
2026-03-14T21:47:13.896573Z  INFO scan_sources: tailwindcss_oxide::scanner: Discovering "/home/moses/Desktop/Community_Hub/client/src/components/ui/accordion.tsx"
2026-03-14T21:47:13.896583Z  INFO scan_sources: tailwindcss_oxide::scanner: Discovering "/home/moses/Desktop/Community_Hub/client/src/components/ui/sidebar.tsx"
2026-03-14T21:47:13.896594Z  INFO scan_sources: tailwindcss_oxide::scanner: Discovering "/home/moses/Desktop/Community_Hub/client/src/components/ui/pagination.tsx"
2026-03-14T21:47:13.896604Z  INFO scan_sources: tailwindcss_oxide::scanner: Discovering "/home/moses/Desktop/Community_Hub/client/src/components/ui/button.tsx"
2026-03-14T21:47:13.896615Z  INFO scan_sources: tailwindcss_oxide::scanner: Discovering "/home/moses/Desktop/Community_Hub/client/src/components/ui/toggle.tsx"
2026-03-14T21:47:13.896626Z  INFO scan_sources: tailwindcss_oxide::scanner: Discovering "/home/moses/Desktop/Community_Hub/client/src/components/ui/label.tsx"
2026-03-14T21:47:13.896636Z  INFO scan_sources: tailwindcss_oxide::scanner: Discovering "/home/moses/Desktop/Community_Hub/client/src/components/ui/sheet.tsx"
2026-03-14T21:47:13.896646Z  INFO scan_sources: tailwindcss_oxide::scanner: Discovering "/home/moses/Desktop/Community_Hub/client/src/components/ui/collapsible.tsx"
2026-03-14T21:47:13.896656Z  INFO scan_sources: tailwindcss_oxide::scanner: Discovering "/home/moses/Desktop/Community_Hub/client/src/components/ui/tooltip.tsx"
2026-03-14T21:47:13.896667Z  INFO scan_sources: tailwindcss_oxide::scanner: Discovering "/home/moses/Desktop/Community_Hub/client/src/components/ui/form.tsx"
2026-03-14T21:47:13.896677Z  INFO scan_sources: tailwindcss_oxide::scanner: Discovering "/home/moses/Desktop/Community_Hub/client/src/components/ui/calendar.tsx"
2026-03-14T21:47:13.896688Z  INFO scan_sources: tailwindcss_oxide::scanner: Discovering "/home/moses/Desktop/Community_Hub/client/src/components/ui/menubar.tsx"
2026-03-14T21:47:13.896698Z  INFO scan_sources: tailwindcss_oxide::scanner: Discovering "/home/moses/Desktop/Community_Hub/client/src/components/ui/table.tsx"
2026-03-14T21:47:13.896711Z  INFO scan_sources: tailwindcss_oxide::scanner: Discovering "/home/moses/Desktop/Community_Hub/client/src/components/ui/alert-dialog.tsx"
2026-03-14T21:47:13.896722Z  INFO scan_sources: tailwindcss_oxide::scanner: Discovering "/home/moses/Desktop/Community_Hub/client/src/components/ui/aspect-ratio.tsx"
2026-03-14T21:47:13.896732Z  INFO scan_sources: tailwindcss_oxide::scanner: Discovering "/home/moses/Desktop/Community_Hub/client/src/components/ui/toast.tsx"
2026-03-14T21:47:13.896742Z  INFO scan_sources: tailwindcss_oxide::scanner: Discovering "/home/moses/Desktop/Community_Hub/client/src/components/ui/toaster.tsx"
2026-03-14T21:47:13.896752Z  INFO scan_sources: tailwindcss_oxide::scanner: Discovering "/home/moses/Desktop/Community_Hub/client/src/components/ui/input.tsx"
2026-03-14T21:47:13.896763Z  INFO scan_sources: tailwindcss_oxide::scanner: Discovering "/home/moses/Desktop/Community_Hub/client/src/components/ui/tabs.tsx"
2026-03-14T21:47:13.896773Z  INFO scan_sources: tailwindcss_oxide::scanner: Discovering "/home/moses/Desktop/Community_Hub/client/src/components/ui/command.tsx"
2026-03-14T21:47:13.896784Z  INFO scan_sources: tailwindcss_oxide::scanner: Discovering "/home/moses/Desktop/Community_Hub/client/src/components/ui/popover.tsx"
2026-03-14T21:47:13.896795Z  INFO scan_sources: tailwindcss_oxide::scanner: Discovering "/home/moses/Desktop/Community_Hub/client/src/components/ui/animations.tsx"
2026-03-14T21:47:13.896806Z  INFO scan_sources: tailwindcss_oxide::scanner: Discovering "/home/moses/Desktop/Community_Hub/client/src/components/ui/toggle-group.tsx"
2026-03-14T21:47:13.896816Z  INFO scan_sources: tailwindcss_oxide::scanner: Discovering "/home/moses/Desktop/Community_Hub/client/src/components/ui/use-toast.ts"
2026-03-14T21:47:13.896827Z  INFO scan_sources: tailwindcss_oxide::scanner: Discovering "/home/moses/Desktop/Community_Hub/client/src/components/ui/breadcrumb.tsx"
2026-03-14T21:47:13.896838Z  INFO scan_sources: tailwindcss_oxide::scanner: Discovering "/home/moses/Desktop/Community_Hub/client/src/components/ui/skeleton.tsx"
2026-03-14T21:47:13.896849Z  INFO scan_sources: tailwindcss_oxide::scanner: Discovering "/home/moses/Desktop/Community_Hub/client/src/components/ui/resizable.tsx"
2026-03-14T21:47:13.896861Z  INFO scan_sources: tailwindcss_oxide::scanner: Discovering "/home/moses/Desktop/Community_Hub/client/src/components/ui/navigation-menu.tsx"
2026-03-14T21:47:13.896871Z  INFO scan_sources: tailwindcss_oxide::scanner: Discovering "/home/moses/Desktop/Community_Hub/client/src/components/ui/textarea.tsx"
2026-03-14T21:47:13.896881Z  INFO scan_sources: tailwindcss_oxide::scanner: Discovering "/home/moses/Desktop/Community_Hub/client/src/components/ui/separator.tsx"
2026-03-14T21:47:13.896892Z  INFO scan_sources: tailwindcss_oxide::scanner: Discovering "/home/moses/Desktop/Community_Hub/client/src/components/ui/input-otp.tsx"
2026-03-14T21:47:13.896902Z  INFO scan_sources: tailwindcss_oxide::scanner: Discovering "/home/moses/Desktop/Community_Hub/client/src/components/ui/drawer.tsx"
2026-03-14T21:47:13.896922Z  INFO scan_sources: tailwindcss_oxide::scanner: Discovering "/home/moses/Desktop/Community_Hub/client/src/components/ui/chart.tsx"
2026-03-14T21:47:13.896934Z  INFO scan_sources: tailwindcss_oxide::scanner: Discovering "/home/moses/Desktop/Community_Hub/client/src/components/ui/checkbox.tsx"
2026-03-14T21:47:13.896944Z  INFO scan_sources: tailwindcss_oxide::scanner: Discovering "/home/moses/Desktop/Community_Hub/client/src/components/ui/switch.tsx"
2026-03-14T21:47:13.896954Z  INFO scan_sources: tailwindcss_oxide::scanner: Discovering "/home/moses/Desktop/Community_Hub/client/src/components/ui/card.tsx"
2026-03-14T21:47:13.896964Z  INFO scan_sources: tailwindcss_oxide::scanner: Discovering "/home/moses/Desktop/Community_Hub/client/src/components/ui/scroll-area.tsx"
2026-03-14T21:47:13.896976Z  INFO scan_sources: tailwindcss_oxide::scanner: Discovering "/home/moses/Desktop/Community_Hub/client/src/components/ui/progress.tsx"
2026-03-14T21:47:13.896993Z  INFO scan_sources: tailwindcss_oxide::scanner: Discovering "/home/moses/Desktop/Community_Hub/client/src/components/Footer.tsx"
2026-03-14T21:47:13.897004Z  INFO scan_sources: tailwindcss_oxide::scanner: Discovering "/home/moses/Desktop/Community_Hub/client/src/components/LocationMap.tsx"
2026-03-14T21:47:13.897015Z  INFO scan_sources: tailwindcss_oxide::scanner: Discovering "/home/moses/Desktop/Community_Hub/client/src/components/ObjectUploader.tsx"
2026-03-14T21:47:13.897025Z  INFO scan_sources: tailwindcss_oxide::scanner: Discovering "/home/moses/Desktop/Community_Hub/client/src/components/LanguageSelector.tsx"
2026-03-14T21:47:13.897036Z  INFO scan_sources: tailwindcss_oxide::scanner: Discovering "/home/moses/Desktop/Community_Hub/client/src/components/PrayerCard.tsx"
2026-03-14T21:47:13.897047Z  INFO scan_sources: tailwindcss_oxide::scanner: Discovering "/home/moses/Desktop/Community_Hub/client/src/components/AppInstallBanner.tsx"
2026-03-14T21:47:13.897057Z  INFO scan_sources: tailwindcss_oxide::scanner: Discovering "/home/moses/Desktop/Community_Hub/client/src/components/CreatePrayerDialog.tsx"
2026-03-14T21:47:13.897068Z  INFO scan_sources: tailwindcss_oxide::scanner: Discovering "/home/moses/Desktop/Community_Hub/client/src/components/SermonCard.tsx"
2026-03-14T21:47:13.897078Z  INFO scan_sources: tailwindcss_oxide::scanner: Discovering "/home/moses/Desktop/Community_Hub/client/src/components/Navbar.tsx"
2026-03-14T21:47:13.897101Z  INFO scan_sources: tailwindcss_oxide::scanner: Discovering "/home/moses/Desktop/Community_Hub/client/vite.config.ts"
2026-03-14T21:47:13.897116Z  INFO scan_sources: tailwindcss_oxide::scanner: Discovering "/home/moses/Desktop/Community_Hub/client/client"
2026-03-14T21:47:13.897148Z  INFO scan_sources: tailwindcss_oxide::scanner: Discovering "/home/moses/Desktop/Community_Hub/client/index.html"
2026-03-14T21:47:13.897159Z  INFO scan_sources: tailwindcss_oxide::scanner: Discovering "/home/moses/Desktop/Community_Hub/client/components.json"
2026-03-14T21:47:13.897377Z  INFO scan_sources: tailwindcss_oxide::scanner: Discovering "/home/moses/Desktop/Community_Hub/client/package.json"
2026-03-14T21:47:13.897454Z  INFO scan_sources: tailwindcss_oxide::scanner: exit
2026-03-14T21:47:13.897464Z  INFO extract_candidates: tailwindcss_oxide::scanner: enter
2026-03-14T21:47:13.897487Z  INFO extract_candidates:read_all_files: tailwindcss_oxide::scanner: enter
2026-03-14T21:47:13.897494Z  INFO extract_candidates:read_all_files: tailwindcss_oxide::scanner: Reading 130 file(s)
2026-03-14T21:47:13.897952Z  INFO tailwindcss_oxide::scanner: Reading "/home/moses/Desktop/Community_Hub/client/public/robots.txt"
2026-03-14T21:47:13.898003Z  INFO tailwindcss_oxide::scanner: Reading "/home/moses/Desktop/Community_Hub/client/src/components/PushNotificationSettings.tsx"
2026-03-14T21:47:13.898189Z  INFO tailwindcss_oxide::scanner: Reading "/home/moses/Desktop/Community_Hub/client/tsconfig.app.json"
2026-03-14T21:47:13.898224Z  INFO tailwindcss_oxide::scanner: Reading "/home/moses/Desktop/Community_Hub/client/tsconfig.json"
2026-03-14T21:47:13.898254Z  INFO tailwindcss_oxide::scanner: Reading "/home/moses/Desktop/Community_Hub/client/src/main.tsx"
2026-03-14T21:47:13.898211Z  INFO tailwindcss_oxide::scanner: Reading "/home/moses/Desktop/Community_Hub/client/src/components/ui/tabs.tsx"
2026-03-14T21:47:13.898313Z  INFO tailwindcss_oxide::scanner: Reading "/home/moses/Desktop/Community_Hub/client/src/components/EventCard.tsx"
2026-03-14T21:47:13.898456Z  INFO tailwindcss_oxide::scanner: Reading "/home/moses/Desktop/Community_Hub/client/src/components/Layout.tsx"
2026-03-14T21:47:13.898455Z  INFO tailwindcss_oxide::scanner: Reading "/home/moses/Desktop/Community_Hub/client/src/components/ui/command.tsx"
2026-03-14T21:47:13.898494Z  INFO tailwindcss_oxide::scanner: Reading "/home/moses/Desktop/Community_Hub/client/src/pages/QRScannerPage.tsx"
2026-03-14T21:47:13.898619Z  INFO tailwindcss_oxide::scanner: Reading "/home/moses/Desktop/Community_Hub/client/src/components/ui/select.tsx"
2026-03-14T21:47:13.898730Z  INFO tailwindcss_oxide::scanner: Reading "/home/moses/Desktop/Community_Hub/client/src/pages/MembersPage.tsx"
2026-03-14T21:47:13.898776Z  INFO tailwindcss_oxide::scanner: Reading "/home/moses/Desktop/Community_Hub/client/src/components/ui/slider.tsx"
2026-03-14T21:47:13.898826Z  INFO tailwindcss_oxide::scanner: Reading "/home/moses/Desktop/Community_Hub/client/src/components/ui/popover.tsx"
2026-03-14T21:47:13.898886Z  INFO tailwindcss_oxide::scanner: Reading "/home/moses/Desktop/Community_Hub/client/src/pages/AttendanceHistoryPage.tsx"
2026-03-14T21:47:13.898930Z  INFO tailwindcss_oxide::scanner: Reading "/home/moses/Desktop/Community_Hub/client/src/components/ui/radio-group.tsx"
2026-03-14T21:47:13.898944Z  INFO tailwindcss_oxide::scanner: Reading "/home/moses/Desktop/Community_Hub/client/src/components/ui/animations.tsx"
2026-03-14T21:47:13.899033Z  INFO tailwindcss_oxide::scanner: Reading "/home/moses/Desktop/Community_Hub/client/src/components/ui/toggle-group.tsx"
2026-03-14T21:47:13.899034Z  INFO tailwindcss_oxide::scanner: Reading "/home/moses/Desktop/Community_Hub/client/src/pages/BiblePage.tsx"
2026-03-14T21:47:13.899081Z  INFO tailwindcss_oxide::scanner: Reading "/home/moses/Desktop/Community_Hub/client/src/components/ui/dropdown-menu.tsx"
2026-03-14T21:47:13.899157Z  INFO tailwindcss_oxide::scanner: Reading "/home/moses/Desktop/Community_Hub/client/src/pages/SuperAdminPage.tsx"
2026-03-14T21:47:13.899170Z  INFO tailwindcss_oxide::scanner: Reading "/home/moses/Desktop/Community_Hub/client/src/components/ui/use-toast.ts"
2026-03-14T21:47:13.899201Z  INFO tailwindcss_oxide::scanner: Reading "/home/moses/Desktop/Community_Hub/client/src/components/ui/carousel.tsx"
2026-03-14T21:47:13.899281Z  INFO tailwindcss_oxide::scanner: Reading "/home/moses/Desktop/Community_Hub/client/src/components/ui/breadcrumb.tsx"
2026-03-14T21:47:13.899285Z  INFO tailwindcss_oxide::scanner: Reading "/home/moses/Desktop/Community_Hub/client/src/pages/MusicPage.tsx"
2026-03-14T21:47:13.899356Z  INFO tailwindcss_oxide::scanner: Reading "/home/moses/Desktop/Community_Hub/client/src/components/ui/badge.tsx"
2026-03-14T21:47:13.899403Z  INFO tailwindcss_oxide::scanner: Reading "/home/moses/Desktop/Community_Hub/client/src/components/ui/skeleton.tsx"
2026-03-14T21:47:13.899468Z  INFO tailwindcss_oxide::scanner: Reading "/home/moses/Desktop/Community_Hub/client/src/components/ui/context-menu.tsx"
2026-03-14T21:47:13.899473Z  INFO tailwindcss_oxide::scanner: Reading "/home/moses/Desktop/Community_Hub/client/src/pages/DashboardPage.tsx"
2026-03-14T21:47:13.899531Z  INFO tailwindcss_oxide::scanner: Reading "/home/moses/Desktop/Community_Hub/client/src/components/ui/resizable.tsx"
2026-03-14T21:47:13.899610Z  INFO tailwindcss_oxide::scanner: Reading "/home/moses/Desktop/Community_Hub/client/src/components/ui/alert.tsx"
2026-03-14T21:47:13.899649Z  INFO tailwindcss_oxide::scanner: Reading "/home/moses/Desktop/Community_Hub/client/src/pages/verifyEmail.tsx"
2026-03-14T21:47:13.899687Z  INFO tailwindcss_oxide::scanner: Reading "/home/moses/Desktop/Community_Hub/client/src/components/ui/navigation-menu.tsx"
2026-03-14T21:47:13.899715Z  INFO tailwindcss_oxide::scanner: Reading "/home/moses/Desktop/Community_Hub/client/src/components/ui/dialog.tsx"
2026-03-14T21:47:13.899771Z  INFO tailwindcss_oxide::scanner: Reading "/home/moses/Desktop/Community_Hub/client/src/pages/CelebrationsPage.tsx"
2026-03-14T21:47:13.899776Z  INFO tailwindcss_oxide::scanner: Reading "/home/moses/Desktop/Community_Hub/client/src/components/ui/textarea.tsx"
2026-03-14T21:47:13.899835Z  INFO tailwindcss_oxide::scanner: Reading "/home/moses/Desktop/Community_Hub/client/src/components/ui/hover-card.tsx"
2026-03-14T21:47:13.899889Z  INFO tailwindcss_oxide::scanner: Reading "/home/moses/Desktop/Community_Hub/client/src/components/ui/separator.tsx"
2026-03-14T21:47:13.899954Z  INFO tailwindcss_oxide::scanner: Reading "/home/moses/Desktop/Community_Hub/client/src/components/ui/avatar.tsx"
2026-03-14T21:47:13.899963Z  INFO tailwindcss_oxide::scanner: Reading "/home/moses/Desktop/Community_Hub/client/src/pages/LiveStreamPage.tsx"
2026-03-14T21:47:13.900011Z  INFO tailwindcss_oxide::scanner: Reading "/home/moses/Desktop/Community_Hub/client/src/components/ui/input-otp.tsx"
2026-03-14T21:47:13.900072Z  INFO tailwindcss_oxide::scanner: Reading "/home/moses/Desktop/Community_Hub/client/src/components/ui/accordion.tsx"
2026-03-14T21:47:13.900107Z  INFO tailwindcss_oxide::scanner: Reading "/home/moses/Desktop/Community_Hub/client/src/components/ui/drawer.tsx"
2026-03-14T21:47:13.900166Z  INFO tailwindcss_oxide::scanner: Reading "/home/moses/Desktop/Community_Hub/client/src/pages/DiscipleshipPage.tsx"
2026-03-14T21:47:13.900248Z  INFO tailwindcss_oxide::scanner: Reading "/home/moses/Desktop/Community_Hub/client/src/components/ui/sidebar.tsx"
2026-03-14T21:47:13.900278Z  INFO tailwindcss_oxide::scanner: Reading "/home/moses/Desktop/Community_Hub/client/src/components/ui/chart.tsx"
2026-03-14T21:47:13.900321Z  INFO tailwindcss_oxide::scanner: Reading "/home/moses/Desktop/Community_Hub/client/src/pages/GivePage.tsx"
2026-03-14T21:47:13.900376Z  INFO tailwindcss_oxide::scanner: Reading "/home/moses/Desktop/Community_Hub/client/src/components/ui/pagination.tsx"
2026-03-14T21:47:13.900435Z  INFO tailwindcss_oxide::scanner: Reading "/home/moses/Desktop/Community_Hub/client/src/pages/not-found.tsx"
2026-03-14T21:47:13.900442Z  INFO tailwindcss_oxide::scanner: Reading "/home/moses/Desktop/Community_Hub/client/src/pages/SermonDetailPage.tsx"
2026-03-14T21:47:13.900489Z  INFO tailwindcss_oxide::scanner: Reading "/home/moses/Desktop/Community_Hub/client/src/components/ui/checkbox.tsx"
2026-03-14T21:47:13.900517Z  INFO tailwindcss_oxide::scanner: Reading "/home/moses/Desktop/Community_Hub/client/src/components/ui/button.tsx"
2026-03-14T21:47:13.900534Z  INFO tailwindcss_oxide::scanner: Reading "/home/moses/Desktop/Community_Hub/client/src/pages/auth/callback.tsx"
2026-03-14T21:47:13.900580Z  INFO tailwindcss_oxide::scanner: Reading "/home/moses/Desktop/Community_Hub/client/src/pages/SocialFeedPage.tsx"
2026-03-14T21:47:13.900603Z  INFO tailwindcss_oxide::scanner: Reading "/home/moses/Desktop/Community_Hub/client/src/components/ui/switch.tsx"
2026-03-14T21:47:13.900634Z  INFO tailwindcss_oxide::scanner: Reading "/home/moses/Desktop/Community_Hub/client/src/components/ui/toggle.tsx"
2026-03-14T21:47:13.900686Z  INFO tailwindcss_oxide::scanner: Reading "/home/moses/Desktop/Community_Hub/client/src/pages/GroupsPage.tsx"
2026-03-14T21:47:13.900718Z  INFO tailwindcss_oxide::scanner: Reading "/home/moses/Desktop/Community_Hub/client/src/components/ui/card.tsx"
2026-03-14T21:47:13.900783Z  INFO tailwindcss_oxide::scanner: Reading "/home/moses/Desktop/Community_Hub/client/src/pages/AdminDashboardPage.tsx"
2026-03-14T21:47:13.900852Z  INFO tailwindcss_oxide::scanner: Reading "/home/moses/Desktop/Community_Hub/client/src/pages/CheckinPage.tsx"
2026-03-14T21:47:13.900937Z  INFO tailwindcss_oxide::scanner: Reading "/home/moses/Desktop/Community_Hub/client/src/pages/EventDetailPage.tsx"
2026-03-14T21:47:13.900993Z  INFO tailwindcss_oxide::scanner: Reading "/home/moses/Desktop/Community_Hub/client/src/pages/AnalyticsPage.tsx"
2026-03-14T21:47:13.901058Z  INFO tailwindcss_oxide::scanner: Reading "/home/moses/Desktop/Community_Hub/client/src/pages/HomePage.tsx"
2026-03-14T21:47:13.901098Z  INFO tailwindcss_oxide::scanner: Reading "/home/moses/Desktop/Community_Hub/client/src/pages/logout.tsx"
2026-03-14T21:47:13.901160Z  INFO tailwindcss_oxide::scanner: Reading "/home/moses/Desktop/Community_Hub/client/src/pages/VolunteerPage.tsx"
2026-03-14T21:47:13.901203Z  INFO tailwindcss_oxide::scanner: Reading "/home/moses/Desktop/Community_Hub/client/src/pages/PrayerPage.tsx"
2026-03-14T21:47:13.901233Z  INFO tailwindcss_oxide::scanner: Reading "/home/moses/Desktop/Community_Hub/client/src/components/ui/label.tsx"
2026-03-14T21:47:13.901276Z  INFO tailwindcss_oxide::scanner: Reading "/home/moses/Desktop/Community_Hub/client/src/pages/AdminLiveStreamPage.tsx"
2026-03-14T21:47:13.901289Z  INFO tailwindcss_oxide::scanner: Reading "/home/moses/Desktop/Community_Hub/client/src/components/ui/scroll-area.tsx"
2026-03-14T21:47:13.901335Z  INFO tailwindcss_oxide::scanner: Reading "/home/moses/Desktop/Community_Hub/client/src/pages/MessagesPage.tsx"
2026-03-14T21:47:13.901390Z  INFO tailwindcss_oxide::scanner: Reading "/home/moses/Desktop/Community_Hub/client/src/components/ui/sheet.tsx"
2026-03-14T21:47:13.901399Z  INFO tailwindcss_oxide::scanner: Reading "/home/moses/Desktop/Community_Hub/client/src/components/ui/progress.tsx"
2026-03-14T21:47:13.901448Z  INFO tailwindcss_oxide::scanner: Reading "/home/moses/Desktop/Community_Hub/client/src/pages/login.tsx"
2026-03-14T21:47:13.901495Z  INFO tailwindcss_oxide::scanner: Reading "/home/moses/Desktop/Community_Hub/client/src/pages/AbsentMembersPage.tsx"
2026-03-14T21:47:13.901500Z  INFO tailwindcss_oxide::scanner: Reading "/home/moses/Desktop/Community_Hub/client/src/components/ui/collapsible.tsx"
2026-03-14T21:47:13.901572Z  INFO tailwindcss_oxide::scanner: Reading "/home/moses/Desktop/Community_Hub/client/src/components/Footer.tsx"
2026-03-14T21:47:13.901581Z  INFO tailwindcss_oxide::scanner: Reading "/home/moses/Desktop/Community_Hub/client/src/pages/HouseCellsPage.tsx"
2026-03-14T21:47:13.901617Z  INFO tailwindcss_oxide::scanner: Reading "/home/moses/Desktop/Community_Hub/client/src/components/ui/tooltip.tsx"
2026-03-14T21:47:13.901690Z  INFO tailwindcss_oxide::scanner: Reading "/home/moses/Desktop/Community_Hub/client/src/components/LocationMap.tsx"
2026-03-14T21:47:13.901731Z  INFO tailwindcss_oxide::scanner: Reading "/home/moses/Desktop/Community_Hub/client/src/components/ui/form.tsx"
2026-03-14T21:47:13.901792Z  INFO tailwindcss_oxide::scanner: Reading "/home/moses/Desktop/Community_Hub/client/src/pages/SermonClipGeneratorPage.tsx"
2026-03-14T21:47:13.901841Z  INFO tailwindcss_oxide::scanner: Reading "/home/moses/Desktop/Community_Hub/client/src/components/ui/calendar.tsx"
2026-03-14T21:47:13.901800Z  INFO tailwindcss_oxide::scanner: Reading "/home/moses/Desktop/Community_Hub/client/src/components/ObjectUploader.tsx"
2026-03-14T21:47:13.901968Z  INFO tailwindcss_oxide::scanner: Reading "/home/moses/Desktop/Community_Hub/client/src/components/ui/menubar.tsx"
2026-03-14T21:47:13.901980Z  INFO tailwindcss_oxide::scanner: Reading "/home/moses/Desktop/Community_Hub/client/src/pages/SermonsPage.tsx"
2026-03-14T21:47:13.902027Z  INFO tailwindcss_oxide::scanner: Reading "/home/moses/Desktop/Community_Hub/client/src/components/LanguageSelector.tsx"
2026-03-14T21:47:13.902059Z  INFO tailwindcss_oxide::scanner: Reading "/home/moses/Desktop/Community_Hub/client/src/components/ui/table.tsx"
2026-03-14T21:47:13.902115Z  INFO tailwindcss_oxide::scanner: Reading "/home/moses/Desktop/Community_Hub/client/src/pages/DevotionalsPage.tsx"
2026-03-14T21:47:13.902178Z  INFO tailwindcss_oxide::scanner: Reading "/home/moses/Desktop/Community_Hub/client/src/components/PrayerCard.tsx"
2026-03-14T21:47:13.902207Z  INFO tailwindcss_oxide::scanner: Reading "/home/moses/Desktop/Community_Hub/client/src/components/ui/alert-dialog.tsx"
2026-03-14T21:47:13.902247Z  INFO tailwindcss_oxide::scanner: Reading "/home/moses/Desktop/Community_Hub/client/src/pages/AttendanceAnalyticsPage.tsx"
2026-03-14T21:47:13.902314Z  INFO tailwindcss_oxide::scanner: Reading "/home/moses/Desktop/Community_Hub/client/src/components/AppInstallBanner.tsx"
2026-03-14T21:47:13.902321Z  INFO tailwindcss_oxide::scanner: Reading "/home/moses/Desktop/Community_Hub/client/src/components/ui/aspect-ratio.tsx"
2026-03-14T21:47:13.902366Z  INFO tailwindcss_oxide::scanner: Reading "/home/moses/Desktop/Community_Hub/client/src/pages/EventsPage.tsx"
2026-03-14T21:47:13.902441Z  INFO tailwindcss_oxide::scanner: Reading "/home/moses/Desktop/Community_Hub/client/src/components/CreatePrayerDialog.tsx"
2026-03-14T21:47:13.902485Z  INFO tailwindcss_oxide::scanner: Reading "/home/moses/Desktop/Community_Hub/client/src/pages/LanguageSettingsPage.tsx"
2026-03-14T21:47:13.902538Z  INFO tailwindcss_oxide::scanner: Reading "/home/moses/Desktop/Community_Hub/client/src/components/ui/toast.tsx"
2026-03-14T21:47:13.902552Z  INFO tailwindcss_oxide::scanner: Reading "/home/moses/Desktop/Community_Hub/client/src/components/SermonCard.tsx"
2026-03-14T21:47:13.902597Z  INFO tailwindcss_oxide::scanner: Reading "/home/moses/Desktop/Community_Hub/client/src/lib/api-config.ts"
2026-03-14T21:47:13.902634Z  INFO tailwindcss_oxide::scanner: Reading "/home/moses/Desktop/Community_Hub/client/src/components/ui/toaster.tsx"
2026-03-14T21:47:13.902684Z  INFO tailwindcss_oxide::scanner: Reading "/home/moses/Desktop/Community_Hub/client/src/components/Navbar.tsx"
2026-03-14T21:47:13.902728Z  INFO tailwindcss_oxide::scanner: Reading "/home/moses/Desktop/Community_Hub/client/src/lib/auth-utils.ts"
2026-03-14T21:47:13.902753Z  INFO tailwindcss_oxide::scanner: Reading "/home/moses/Desktop/Community_Hub/client/src/components/ui/input.tsx"
2026-03-14T21:47:13.902785Z  INFO tailwindcss_oxide::scanner: Reading "/home/moses/Desktop/Community_Hub/client/vite.config.ts"
2026-03-14T21:47:13.902804Z  INFO tailwindcss_oxide::scanner: Reading "/home/moses/Desktop/Community_Hub/client/index.html"
2026-03-14T21:47:13.902833Z  INFO tailwindcss_oxide::scanner: Reading "/home/moses/Desktop/Community_Hub/client/src/hooks/use-websocket.ts"
2026-03-14T21:47:13.902859Z  INFO tailwindcss_oxide::scanner: Reading "/home/moses/Desktop/Community_Hub/client/src/lib/utils.ts"
2026-03-14T21:47:13.902906Z  INFO tailwindcss_oxide::scanner: Reading "/home/moses/Desktop/Community_Hub/client/components.json"
2026-03-14T21:47:13.902924Z  INFO tailwindcss_oxide::scanner: Reading "/home/moses/Desktop/Community_Hub/client/package.json"
2026-03-14T21:47:13.902948Z  INFO tailwindcss_oxide::scanner: Reading "/home/moses/Desktop/Community_Hub/client/src/App.tsx"
2026-03-14T21:47:13.902970Z  INFO tailwindcss_oxide::scanner: Reading "/home/moses/Desktop/Community_Hub/client/src/hooks/use-sermons.ts"
2026-03-14T21:47:13.902993Z  INFO tailwindcss_oxide::scanner: Reading "/home/moses/Desktop/Community_Hub/client/src/lib/api.ts"
2026-03-14T21:47:13.903025Z  INFO tailwindcss_oxide::scanner: Reading "/home/moses/Desktop/Community_Hub/client/src/vite-env.d.ts"
2026-03-14T21:47:13.903077Z  INFO tailwindcss_oxide::scanner: Reading "/home/moses/Desktop/Community_Hub/client/src/hooks/use-celebrations.ts"
2026-03-14T21:47:13.903109Z  INFO tailwindcss_oxide::scanner: Reading "/home/moses/Desktop/Community_Hub/client/src/lib/queryClient.ts"
2026-03-14T21:47:13.903132Z  INFO tailwindcss_oxide::scanner: Reading "/home/moses/Desktop/Community_Hub/client/src/lib/api-routes.ts"
2026-03-14T21:47:13.903176Z  INFO tailwindcss_oxide::scanner: Reading "/home/moses/Desktop/Community_Hub/client/src/hooks/use-branding.ts"
2026-03-14T21:47:13.903201Z  INFO tailwindcss_oxide::scanner: Reading "/home/moses/Desktop/Community_Hub/client/src/hooks/use-auth.ts"
2026-03-14T21:47:13.903245Z  INFO tailwindcss_oxide::scanner: Reading "/home/moses/Desktop/Community_Hub/client/src/hooks/use-toast.ts"
2026-03-14T21:47:13.903315Z  INFO tailwindcss_oxide::scanner: Reading "/home/moses/Desktop/Community_Hub/client/src/hooks/use-upload.ts"
2026-03-14T21:47:13.903322Z  INFO tailwindcss_oxide::scanner: Reading "/home/moses/Desktop/Community_Hub/client/src/hooks/use-prayer.ts"
2026-03-14T21:47:13.903368Z  INFO tailwindcss_oxide::scanner: Reading "/home/moses/Desktop/Community_Hub/client/src/hooks/use-attendance.ts"
2026-03-14T21:47:13.903429Z  INFO tailwindcss_oxide::scanner: Reading "/home/moses/Desktop/Community_Hub/client/src/hooks/use-events.ts"
2026-03-14T21:47:13.903492Z  INFO tailwindcss_oxide::scanner: Reading "/home/moses/Desktop/Community_Hub/client/src/hooks/use-language.tsx"
2026-03-14T21:47:13.903505Z  INFO tailwindcss_oxide::scanner: Reading "/home/moses/Desktop/Community_Hub/client/src/hooks/use-mobile.tsx"
2026-03-14T21:47:13.903546Z  INFO tailwindcss_oxide::scanner: Reading "/home/moses/Desktop/Community_Hub/client/src/hooks/use-messages.ts"
2026-03-14T21:47:13.903587Z  INFO tailwindcss_oxide::scanner: Reading "/home/moses/Desktop/Community_Hub/client/src/hooks/use-permissions.ts"
2026-03-14T21:47:13.903592Z  INFO tailwindcss_oxide::scanner: Reading "/home/moses/Desktop/Community_Hub/client/src/hooks/use-donations.ts"
2026-03-14T21:47:13.904246Z  INFO tailwindcss_oxide::scanner: Reading "/home/moses/Desktop/Community_Hub/client/src/pages/PrivacyPage.tsx"
2026-03-14T21:47:13.904389Z  INFO tailwindcss_oxide::scanner: Reading "/home/moses/Desktop/Community_Hub/client/src/types/api.ts"
2026-03-14T21:47:13.905294Z  INFO extract_candidates:read_all_files: tailwindcss_oxide::scanner: exit
2026-03-14T21:47:13.905319Z  INFO extract_candidates:parse_all_blobs: tailwindcss_oxide::scanner: enter
2026-03-14T21:47:13.905329Z  INFO extract_candidates:parse_all_blobs:extract: tailwindcss_oxide::scanner: enter
2026-03-14T21:47:13.922232Z  INFO extract_candidates:parse_all_blobs:extract: tailwindcss_oxide::scanner: exit
2026-03-14T21:47:13.922300Z  INFO extract_candidates:parse_all_blobs: tailwindcss_oxide::scanner: exit
2026-03-14T21:47:13.922312Z  INFO extract_candidates:read_all_files: tailwindcss_oxide::scanner: enter
2026-03-14T21:47:13.922319Z  INFO extract_candidates:read_all_files: tailwindcss_oxide::scanner: Reading 1 file(s)
2026-03-14T21:47:13.922357Z  INFO extract_candidates:read_all_files: tailwindcss_oxide::scanner: Reading "/home/moses/Desktop/Community_Hub/client/src/index.css"
2026-03-14T21:47:13.922365Z  INFO extract_candidates:read_all_files: tailwindcss_oxide::scanner: exit
2026-03-14T21:47:13.922369Z  INFO extract_candidates:extract_css_variables: tailwindcss_oxide::scanner: enter
2026-03-14T21:47:13.922372Z  INFO extract_candidates:extract_css_variables:extract: tailwindcss_oxide::scanner: enter
2026-03-14T21:47:13.922548Z  INFO extract_candidates:extract_css_variables:extract: tailwindcss_oxide::scanner: exit
2026-03-14T21:47:13.922555Z  INFO extract_candidates:extract_css_variables: tailwindcss_oxide::scanner: exit
2026-03-14T21:47:13.923981Z  INFO extract_candidates: tailwindcss_oxide::scanner: exit
2026-03-14T21:47:13.926443Z  INFO get_files: tailwindcss_oxide::scanner: enter
2026-03-14T21:47:13.926543Z  INFO get_files:scan_sources: tailwindcss_oxide::scanner: enter
2026-03-14T21:47:13.927134Z  INFO get_files:scan_sources: tailwindcss_oxide::scanner: Discovering "/home/moses/Desktop/Community_Hub/client/public"
2026-03-14T21:47:13.927427Z  INFO get_files:scan_sources: tailwindcss_oxide::scanner: Discovering "/home/moses/Desktop/Community_Hub/client/src"
2026-03-14T21:47:13.927531Z  INFO get_files:scan_sources: tailwindcss_oxide::scanner: Discovering "/home/moses/Desktop/Community_Hub/client/src/pages"
2026-03-14T21:47:13.927697Z  INFO get_files:scan_sources: tailwindcss_oxide::scanner: Discovering "/home/moses/Desktop/Community_Hub/client/src/pages/auth"
2026-03-14T21:47:13.927898Z  INFO get_files:scan_sources: tailwindcss_oxide::scanner: Discovering "/home/moses/Desktop/Community_Hub/client/src/types"
2026-03-14T21:47:13.927991Z  INFO get_files:scan_sources: tailwindcss_oxide::scanner: Discovering "/home/moses/Desktop/Community_Hub/client/src/lib"
2026-03-14T21:47:13.928089Z  INFO get_files:scan_sources: tailwindcss_oxide::scanner: Discovering "/home/moses/Desktop/Community_Hub/client/src/hooks"
2026-03-14T21:47:13.928200Z  INFO get_files:scan_sources: tailwindcss_oxide::scanner: Discovering "/home/moses/Desktop/Community_Hub/client/src/components"
2026-03-14T21:47:13.928253Z  INFO get_files:scan_sources: tailwindcss_oxide::scanner: Discovering "/home/moses/Desktop/Community_Hub/client/src/components/ui"
2026-03-14T21:47:13.928621Z  INFO get_files:scan_sources: tailwindcss_oxide::scanner: Discovering "/home/moses/Desktop/Community_Hub/client/client"
2026-03-14T21:47:13.928714Z  INFO get_files:scan_sources: tailwindcss_oxide::scanner: exit
2026-03-14T21:47:13.929103Z  INFO get_files: tailwindcss_oxide::scanner: exit
2026-03-14T21:47:13.929578Z  INFO get_globs: tailwindcss_oxide::scanner: enter
2026-03-14T21:47:13.929595Z  INFO get_globs:scan_sources: tailwindcss_oxide::scanner: enter
2026-03-14T21:47:13.930056Z  INFO get_globs:scan_sources: tailwindcss_oxide::scanner: Discovering "/home/moses/Desktop/Community_Hub/client/public"
2026-03-14T21:47:13.930311Z  INFO get_globs:scan_sources: tailwindcss_oxide::scanner: Discovering "/home/moses/Desktop/Community_Hub/client/src"
2026-03-14T21:47:13.930386Z  INFO get_globs:scan_sources: tailwindcss_oxide::scanner: Discovering "/home/moses/Desktop/Community_Hub/client/src/pages"
2026-03-14T21:47:13.930535Z  INFO get_globs:scan_sources: tailwindcss_oxide::scanner: Discovering "/home/moses/Desktop/Community_Hub/client/src/pages/auth"
2026-03-14T21:47:13.930714Z  INFO get_globs:scan_sources: tailwindcss_oxide::scanner: Discovering "/home/moses/Desktop/Community_Hub/client/src/types"
2026-03-14T21:47:13.930785Z  INFO get_globs:scan_sources: tailwindcss_oxide::scanner: Discovering "/home/moses/Desktop/Community_Hub/client/src/lib"
2026-03-14T21:47:13.930862Z  INFO get_globs:scan_sources: tailwindcss_oxide::scanner: Discovering "/home/moses/Desktop/Community_Hub/client/src/hooks"
2026-03-14T21:47:13.931017Z  INFO get_globs:scan_sources: tailwindcss_oxide::scanner: Discovering "/home/moses/Desktop/Community_Hub/client/src/components"
2026-03-14T21:47:13.931090Z  INFO get_globs:scan_sources: tailwindcss_oxide::scanner: Discovering "/home/moses/Desktop/Community_Hub/client/src/components/ui"
2026-03-14T21:47:13.931597Z  INFO get_globs:scan_sources: tailwindcss_oxide::scanner: Discovering "/home/moses/Desktop/Community_Hub/client/client"
2026-03-14T21:47:13.931726Z  INFO get_globs:scan_sources: tailwindcss_oxide::scanner: exit
2026-03-14T21:47:13.932466Z  INFO get_globs: tailwindcss_oxide::scanner: exit
