2026-03-14T21:47:17.610524Z  INFO tailwindcss_oxide::scanner: Provided sources:
2026-03-14T21:47:17.610594Z  INFO tailwindcss_oxide::scanner: Source: PublicSourceEntry { base: "/home/moses/Desktop/Community_Hub/client", pattern: "**/*", negated: false }
2026-03-14T21:47:17.610671Z  INFO tailwindcss_oxide::scanner: Optimized sources:
2026-03-14T21:47:17.610680Z  INFO tailwindcss_oxide::scanner: Source: Auto { base: "/home/moses/Desktop/Community_Hub/client" }
2026-03-14T21:47:17.624575Z  INFO scan_sources: tailwindcss_oxide::scanner: enter
2026-03-14T21:47:17.627688Z  INFO scan_sources: tailwindcss_oxide::scanner: Discovering "/home/moses/Desktop/Community_Hub/client/public"
2026-03-14T21:47:17.629859Z  INFO scan_sources: tailwindcss_oxide::scanner: Discovering "/home/moses/Desktop/Community_Hub/client/public/robots.txt"
2026-03-14T21:47:17.631929Z  INFO scan_sources: tailwindcss_oxide::scanner: Discovering "/home/moses/Desktop/Community_Hub/client/tsconfig.app.json"
2026-03-14T21:47:17.633172Z  INFO scan_sources: tailwindcss_oxide::scanner: Discovering "/home/moses/Desktop/Community_Hub/client/tsconfig.json"
2026-03-14T21:47:17.633723Z  INFO scan_sources: tailwindcss_oxide::scanner: Discovering "/home/moses/Desktop/Community_Hub/client/src"
2026-03-14T21:47:17.636382Z  INFO scan_sources: tailwindcss_oxide::scanner: Discovering "/home/moses/Desktop/Community_Hub/client/src/main.tsx"
2026-03-14T21:47:17.639087Z  INFO scan_sources: tailwindcss_oxide::scanner: Discovering "/home/moses/Desktop/Community_Hub/client/src/index.css"
2026-03-14T21:47:17.641430Z  INFO scan_sources: tailwindcss_oxide::scanner: Discovering "/home/moses/Desktop/Community_Hub/client/src/pages"
2026-03-14T21:47:17.641568Z  INFO scan_sources: tailwindcss_oxide::scanner: Discovering "/home/moses/Desktop/Community_Hub/client/src/pages/QRScannerPage.tsx"
2026-03-14T21:47:17.641622Z  INFO scan_sources: tailwindcss_oxide::scanner: Discovering "/home/moses/Desktop/Community_Hub/client/src/pages/MembersPage.tsx"
2026-03-14T21:47:17.641662Z  INFO scan_sources: tailwindcss_oxide::scanner: Discovering "/home/moses/Desktop/Community_Hub/client/src/pages/AttendanceHistoryPage.tsx"
2026-03-14T21:47:17.641707Z  INFO scan_sources: tailwindcss_oxide::scanner: Discovering "/home/moses/Desktop/Community_Hub/client/src/pages/BiblePage.tsx"
2026-03-14T21:47:17.641748Z  INFO scan_sources: tailwindcss_oxide::scanner: Discovering "/home/moses/Desktop/Community_Hub/client/src/pages/SuperAdminPage.tsx"
2026-03-14T21:47:17.641776Z  INFO scan_sources: tailwindcss_oxide::scanner: Discovering "/home/moses/Desktop/Community_Hub/client/src/pages/MusicPage.tsx"
2026-03-14T21:47:17.641807Z  INFO scan_sources: tailwindcss_oxide::scanner: Discovering "/home/moses/Desktop/Community_Hub/client/src/pages/DashboardPage.tsx"
2026-03-14T21:47:17.641870Z  INFO scan_sources: tailwindcss_oxide::scanner: Discovering "/home/moses/Desktop/Community_Hub/client/src/pages/verifyEmail.tsx"
2026-03-14T21:47:17.641903Z  INFO scan_sources: tailwindcss_oxide::scanner: Discovering "/home/moses/Desktop/Community_Hub/client/src/pages/CelebrationsPage.tsx"
2026-03-14T21:47:17.641953Z  INFO scan_sources: tailwindcss_oxide::scanner: Discovering "/home/moses/Desktop/Community_Hub/client/src/pages/LiveStreamPage.tsx"
2026-03-14T21:47:17.641987Z  INFO scan_sources: tailwindcss_oxide::scanner: Discovering "/home/moses/Desktop/Community_Hub/client/src/pages/DiscipleshipPage.tsx"
2026-03-14T21:47:17.642014Z  INFO scan_sources: tailwindcss_oxide::scanner: Discovering "/home/moses/Desktop/Community_Hub/client/src/pages/GivePage.tsx"
2026-03-14T21:47:17.642054Z  INFO scan_sources: tailwindcss_oxide::scanner: Discovering "/home/moses/Desktop/Community_Hub/client/src/pages/not-found.tsx"
2026-03-14T21:47:17.642107Z  INFO scan_sources: tailwindcss_oxide::scanner: Discovering "/home/moses/Desktop/Community_Hub/client/src/pages/auth"
2026-03-14T21:47:17.642178Z  INFO scan_sources: tailwindcss_oxide::scanner: Discovering "/home/moses/Desktop/Community_Hub/client/src/pages/auth/callback.tsx"
2026-03-14T21:47:17.642238Z  INFO scan_sources: tailwindcss_oxide::scanner: Discovering "/home/moses/Desktop/Community_Hub/client/src/pages/GroupsPage.tsx"
2026-03-14T21:47:17.642318Z  INFO scan_sources: tailwindcss_oxide::scanner: Discovering "/home/moses/Desktop/Community_Hub/client/src/pages/CheckinPage.tsx"
2026-03-14T21:47:17.642367Z  INFO scan_sources: tailwindcss_oxide::scanner: Discovering "/home/moses/Desktop/Community_Hub/client/src/pages/AnalyticsPage.tsx"
2026-03-14T21:47:17.642407Z  INFO scan_sources: tailwindcss_oxide::scanner: Discovering "/home/moses/Desktop/Community_Hub/client/src/pages/logout.tsx"
2026-03-14T21:47:17.642433Z  INFO scan_sources: tailwindcss_oxide::scanner: Discovering "/home/moses/Desktop/Community_Hub/client/src/pages/PrayerPage.tsx"
2026-03-14T21:47:17.642468Z  INFO scan_sources: tailwindcss_oxide::scanner: Discovering "/home/moses/Desktop/Community_Hub/client/src/pages/MessagesPage.tsx"
2026-03-14T21:47:17.642494Z  INFO scan_sources: tailwindcss_oxide::scanner: Discovering "/home/moses/Desktop/Community_Hub/client/src/pages/login.tsx"
2026-03-14T21:47:17.642519Z  INFO scan_sources: tailwindcss_oxide::scanner: Discovering "/home/moses/Desktop/Community_Hub/client/src/pages/HouseCellsPage.tsx"
2026-03-14T21:47:17.642547Z  INFO scan_sources: tailwindcss_oxide::scanner: Discovering "/home/moses/Desktop/Community_Hub/client/src/pages/SermonClipGeneratorPage.tsx"
2026-03-14T21:47:17.642583Z  INFO scan_sources: tailwindcss_oxide::scanner: Discovering "/home/moses/Desktop/Community_Hub/client/src/pages/SermonsPage.tsx"
2026-03-14T21:47:17.642611Z  INFO scan_sources: tailwindcss_oxide::scanner: Discovering "/home/moses/Desktop/Community_Hub/client/src/pages/DevotionalsPage.tsx"
2026-03-14T21:47:17.642637Z  INFO scan_sources: tailwindcss_oxide::scanner: Discovering "/home/moses/Desktop/Community_Hub/client/src/pages/AttendanceAnalyticsPage.tsx"
2026-03-14T21:47:17.642663Z  INFO scan_sources: tailwindcss_oxide::scanner: Discovering "/home/moses/Desktop/Community_Hub/client/src/pages/EventsPage.tsx"
2026-03-14T21:47:17.642692Z  INFO scan_sources: tailwindcss_oxide::scanner: Discovering "/home/moses/Desktop/Community_Hub/client/src/pages/LanguageSettingsPage.tsx"
2026-03-14T21:47:17.642720Z  INFO scan_sources: tailwindcss_oxide::scanner: Discovering "/home/moses/Desktop/Community_Hub/client/src/pages/SermonDetailPage.tsx"
2026-03-14T21:47:17.642753Z  INFO scan_sources: tailwindcss_oxide::scanner: Discovering "/home/moses/Desktop/Community_Hub/client/src/pages/SocialFeedPage.tsx"
2026-03-14T21:47:17.642777Z  INFO scan_sources: tailwindcss_oxide::scanner: Discovering "/home/moses/Desktop/Community_Hub/client/src/pages/AdminDashboardPage.tsx"
2026-03-14T21:47:17.642802Z  INFO scan_sources: tailwindcss_oxide::scanner: Discovering "/home/moses/Desktop/Community_Hub/client/src/pages/EventDetailPage.tsx"
2026-03-14T21:47:17.642825Z  INFO scan_sources: tailwindcss_oxide::scanner: Discovering "/home/moses/Desktop/Community_Hub/client/src/pages/HomePage.tsx"
2026-03-14T21:47:17.642852Z  INFO scan_sources: tailwindcss_oxide::scanner: Discovering "/home/moses/Desktop/Community_Hub/client/src/pages/VolunteerPage.tsx"
2026-03-14T21:47:17.642878Z  INFO scan_sources: tailwindcss_oxide::scanner: Discovering "/home/moses/Desktop/Community_Hub/client/src/pages/AdminLiveStreamPage.tsx"
2026-03-14T21:47:17.642906Z  INFO scan_sources: tailwindcss_oxide::scanner: Discovering "/home/moses/Desktop/Community_Hub/client/src/pages/AbsentMembersPage.tsx"
2026-03-14T21:47:17.642931Z  INFO scan_sources: tailwindcss_oxide::scanner: Discovering "/home/moses/Desktop/Community_Hub/client/src/pages/PrivacyPage.tsx"
2026-03-14T21:47:17.642990Z  INFO scan_sources: tailwindcss_oxide::scanner: Discovering "/home/moses/Desktop/Community_Hub/client/src/types"
2026-03-14T21:47:17.643048Z  INFO scan_sources: tailwindcss_oxide::scanner: Discovering "/home/moses/Desktop/Community_Hub/client/src/types/api.ts"
2026-03-14T21:47:17.643082Z  INFO scan_sources: tailwindcss_oxide::scanner: Discovering "/home/moses/Desktop/Community_Hub/client/src/App.tsx"
2026-03-14T21:47:17.643127Z  INFO scan_sources: tailwindcss_oxide::scanner: Discovering "/home/moses/Desktop/Community_Hub/client/src/vite-env.d.ts"
2026-03-14T21:47:17.643176Z  INFO scan_sources: tailwindcss_oxide::scanner: Discovering "/home/moses/Desktop/Community_Hub/client/src/lib"
2026-03-14T21:47:17.645336Z  INFO scan_sources: tailwindcss_oxide::scanner: Discovering "/home/moses/Desktop/Community_Hub/client/src/lib/utils.ts"
2026-03-14T21:47:17.645407Z  INFO scan_sources: tailwindcss_oxide::scanner: Discovering "/home/moses/Desktop/Community_Hub/client/src/lib/api.ts"
2026-03-14T21:47:17.645438Z  INFO scan_sources: tailwindcss_oxide::scanner: Discovering "/home/moses/Desktop/Community_Hub/client/src/lib/queryClient.ts"
2026-03-14T21:47:17.645460Z  INFO scan_sources: tailwindcss_oxide::scanner: Discovering "/home/moses/Desktop/Community_Hub/client/src/lib/api-routes.ts"
2026-03-14T21:47:17.645492Z  INFO scan_sources: tailwindcss_oxide::scanner: Discovering "/home/moses/Desktop/Community_Hub/client/src/lib/api-config.ts"
2026-03-14T21:47:17.645523Z  INFO scan_sources: tailwindcss_oxide::scanner: Discovering "/home/moses/Desktop/Community_Hub/client/src/lib/auth-utils.ts"
2026-03-14T21:47:17.645585Z  INFO scan_sources: tailwindcss_oxide::scanner: Discovering "/home/moses/Desktop/Community_Hub/client/src/hooks"
2026-03-14T21:47:17.645668Z  INFO scan_sources: tailwindcss_oxide::scanner: Discovering "/home/moses/Desktop/Community_Hub/client/src/hooks/use-websocket.ts"
2026-03-14T21:47:17.645696Z  INFO scan_sources: tailwindcss_oxide::scanner: Discovering "/home/moses/Desktop/Community_Hub/client/src/hooks/use-sermons.ts"
2026-03-14T21:47:17.645729Z  INFO scan_sources: tailwindcss_oxide::scanner: Discovering "/home/moses/Desktop/Community_Hub/client/src/hooks/use-celebrations.ts"
2026-03-14T21:47:17.645753Z  INFO scan_sources: tailwindcss_oxide::scanner: Discovering "/home/moses/Desktop/Community_Hub/client/src/hooks/use-branding.ts"
2026-03-14T21:47:17.645793Z  INFO scan_sources: tailwindcss_oxide::scanner: Discovering "/home/moses/Desktop/Community_Hub/client/src/hooks/use-upload.ts"
2026-03-14T21:47:17.645831Z  INFO scan_sources: tailwindcss_oxide::scanner: Discovering "/home/moses/Desktop/Community_Hub/client/src/hooks/use-language.tsx"
2026-03-14T21:47:17.645863Z  INFO scan_sources: tailwindcss_oxide::scanner: Discovering "/home/moses/Desktop/Community_Hub/client/src/hooks/use-auth.ts"
2026-03-14T21:47:17.645889Z  INFO scan_sources: tailwindcss_oxide::scanner: Discovering "/home/moses/Desktop/Community_Hub/client/src/hooks/use-prayer.ts"
2026-03-14T21:47:17.645909Z  INFO scan_sources: tailwindcss_oxide::scanner: Discovering "/home/moses/Desktop/Community_Hub/client/src/hooks/use-events.ts"
2026-03-14T21:47:17.645938Z  INFO scan_sources: tailwindcss_oxide::scanner: Discovering "/home/moses/Desktop/Community_Hub/client/src/hooks/use-mobile.tsx"
2026-03-14T21:47:17.645962Z  INFO scan_sources: tailwindcss_oxide::scanner: Discovering "/home/moses/Desktop/Community_Hub/client/src/hooks/use-toast.ts"
2026-03-14T21:47:17.645985Z  INFO scan_sources: tailwindcss_oxide::scanner: Discovering "/home/moses/Desktop/Community_Hub/client/src/hooks/use-attendance.ts"
2026-03-14T21:47:17.646010Z  INFO scan_sources: tailwindcss_oxide::scanner: Discovering "/home/moses/Desktop/Community_Hub/client/src/hooks/use-messages.ts"
2026-03-14T21:47:17.646043Z  INFO scan_sources: tailwindcss_oxide::scanner: Discovering "/home/moses/Desktop/Community_Hub/client/src/hooks/use-donations.ts"
2026-03-14T21:47:17.646067Z  INFO scan_sources: tailwindcss_oxide::scanner: Discovering "/home/moses/Desktop/Community_Hub/client/src/hooks/use-permissions.ts"
2026-03-14T21:47:17.646124Z  INFO scan_sources: tailwindcss_oxide::scanner: Discovering "/home/moses/Desktop/Community_Hub/client/src/components"
2026-03-14T21:47:17.646196Z  INFO scan_sources: tailwindcss_oxide::scanner: Discovering "/home/moses/Desktop/Community_Hub/client/src/components/PushNotificationSettings.tsx"
2026-03-14T21:47:17.646244Z  INFO scan_sources: tailwindcss_oxide::scanner: Discovering "/home/moses/Desktop/Community_Hub/client/src/components/EventCard.tsx"
2026-03-14T21:47:17.646291Z  INFO scan_sources: tailwindcss_oxide::scanner: Discovering "/home/moses/Desktop/Community_Hub/client/src/components/Layout.tsx"
2026-03-14T21:47:17.646328Z  INFO scan_sources: tailwindcss_oxide::scanner: Discovering "/home/moses/Desktop/Community_Hub/client/src/components/ui"
2026-03-14T21:47:17.646417Z  INFO scan_sources: tailwindcss_oxide::scanner: Discovering "/home/moses/Desktop/Community_Hub/client/src/components/ui/select.tsx"
2026-03-14T21:47:17.646455Z  INFO scan_sources: tailwindcss_oxide::scanner: Discovering "/home/moses/Desktop/Community_Hub/client/src/components/ui/slider.tsx"
2026-03-14T21:47:17.646479Z  INFO scan_sources: tailwindcss_oxide::scanner: Discovering "/home/moses/Desktop/Community_Hub/client/src/components/ui/radio-group.tsx"
2026-03-14T21:47:17.646519Z  INFO scan_sources: tailwindcss_oxide::scanner: Discovering "/home/moses/Desktop/Community_Hub/client/src/components/ui/dropdown-menu.tsx"
2026-03-14T21:47:17.646545Z  INFO scan_sources: tailwindcss_oxide::scanner: Discovering "/home/moses/Desktop/Community_Hub/client/src/components/ui/carousel.tsx"
2026-03-14T21:47:17.646581Z  INFO scan_sources: tailwindcss_oxide::scanner: Discovering "/home/moses/Desktop/Community_Hub/client/src/components/ui/badge.tsx"
2026-03-14T21:47:17.646607Z  INFO scan_sources: tailwindcss_oxide::scanner: Discovering "/home/moses/Desktop/Community_Hub/client/src/components/ui/context-menu.tsx"
2026-03-14T21:47:17.646640Z  INFO scan_sources: tailwindcss_oxide::scanner: Discovering "/home/moses/Desktop/Community_Hub/client/src/components/ui/alert.tsx"
2026-03-14T21:47:17.646665Z  INFO scan_sources: tailwindcss_oxide::scanner: Discovering "/home/moses/Desktop/Community_Hub/client/src/components/ui/dialog.tsx"
2026-03-14T21:47:17.646699Z  INFO scan_sources: tailwindcss_oxide::scanner: Discovering "/home/moses/Desktop/Community_Hub/client/src/components/ui/hover-card.tsx"
2026-03-14T21:47:17.646725Z  INFO scan_sources: tailwindcss_oxide::scanner: Discovering "/home/moses/Desktop/Community_Hub/client/src/components/ui/avatar.tsx"
2026-03-14T21:47:17.646750Z  INFO scan_sources: tailwindcss_oxide::scanner: Discovering "/home/moses/Desktop/Community_Hub/client/src/components/ui/accordion.tsx"
2026-03-14T21:47:17.646784Z  INFO scan_sources: tailwindcss_oxide::scanner: Discovering "/home/moses/Desktop/Community_Hub/client/src/components/ui/sidebar.tsx"
2026-03-14T21:47:17.646809Z  INFO scan_sources: tailwindcss_oxide::scanner: Discovering "/home/moses/Desktop/Community_Hub/client/src/components/ui/pagination.tsx"
2026-03-14T21:47:17.646847Z  INFO scan_sources: tailwindcss_oxide::scanner: Discovering "/home/moses/Desktop/Community_Hub/client/src/components/ui/button.tsx"
2026-03-14T21:47:17.646867Z  INFO scan_sources: tailwindcss_oxide::scanner: Discovering "/home/moses/Desktop/Community_Hub/client/src/components/ui/toggle.tsx"
2026-03-14T21:47:17.646889Z  INFO scan_sources: tailwindcss_oxide::scanner: Discovering "/home/moses/Desktop/Community_Hub/client/src/components/ui/label.tsx"
2026-03-14T21:47:17.646917Z  INFO scan_sources: tailwindcss_oxide::scanner: Discovering "/home/moses/Desktop/Community_Hub/client/src/components/ui/sheet.tsx"
2026-03-14T21:47:17.646937Z  INFO scan_sources: tailwindcss_oxide::scanner: Discovering "/home/moses/Desktop/Community_Hub/client/src/components/ui/collapsible.tsx"
2026-03-14T21:47:17.646956Z  INFO scan_sources: tailwindcss_oxide::scanner: Discovering "/home/moses/Desktop/Community_Hub/client/src/components/ui/tooltip.tsx"
2026-03-14T21:47:17.646984Z  INFO scan_sources: tailwindcss_oxide::scanner: Discovering "/home/moses/Desktop/Community_Hub/client/src/components/ui/form.tsx"
2026-03-14T21:47:17.647004Z  INFO scan_sources: tailwindcss_oxide::scanner: Discovering "/home/moses/Desktop/Community_Hub/client/src/components/ui/calendar.tsx"
2026-03-14T21:47:17.647023Z  INFO scan_sources: tailwindcss_oxide::scanner: Discovering "/home/moses/Desktop/Community_Hub/client/src/components/ui/menubar.tsx"
2026-03-14T21:47:17.647050Z  INFO scan_sources: tailwindcss_oxide::scanner: Discovering "/home/moses/Desktop/Community_Hub/client/src/components/ui/table.tsx"
2026-03-14T21:47:17.647076Z  INFO scan_sources: tailwindcss_oxide::scanner: Discovering "/home/moses/Desktop/Community_Hub/client/src/components/ui/alert-dialog.tsx"
2026-03-14T21:47:17.647101Z  INFO scan_sources: tailwindcss_oxide::scanner: Discovering "/home/moses/Desktop/Community_Hub/client/src/components/ui/aspect-ratio.tsx"
2026-03-14T21:47:17.647122Z  INFO scan_sources: tailwindcss_oxide::scanner: Discovering "/home/moses/Desktop/Community_Hub/client/src/components/ui/toast.tsx"
2026-03-14T21:47:17.647143Z  INFO scan_sources: tailwindcss_oxide::scanner: Discovering "/home/moses/Desktop/Community_Hub/client/src/components/ui/toaster.tsx"
2026-03-14T21:47:17.647169Z  INFO scan_sources: tailwindcss_oxide::scanner: Discovering "/home/moses/Desktop/Community_Hub/client/src/components/ui/input.tsx"
2026-03-14T21:47:17.647190Z  INFO scan_sources: tailwindcss_oxide::scanner: Discovering "/home/moses/Desktop/Community_Hub/client/src/components/ui/tabs.tsx"
2026-03-14T21:47:17.647208Z  INFO scan_sources: tailwindcss_oxide::scanner: Discovering "/home/moses/Desktop/Community_Hub/client/src/components/ui/command.tsx"
2026-03-14T21:47:17.647242Z  INFO scan_sources: tailwindcss_oxide::scanner: Discovering "/home/moses/Desktop/Community_Hub/client/src/components/ui/popover.tsx"
2026-03-14T21:47:17.647269Z  INFO scan_sources: tailwindcss_oxide::scanner: Discovering "/home/moses/Desktop/Community_Hub/client/src/components/ui/animations.tsx"
2026-03-14T21:47:17.647288Z  INFO scan_sources: tailwindcss_oxide::scanner: Discovering "/home/moses/Desktop/Community_Hub/client/src/components/ui/toggle-group.tsx"
2026-03-14T21:47:17.647308Z  INFO scan_sources: tailwindcss_oxide::scanner: Discovering "/home/moses/Desktop/Community_Hub/client/src/components/ui/use-toast.ts"
2026-03-14T21:47:17.647336Z  INFO scan_sources: tailwindcss_oxide::scanner: Discovering "/home/moses/Desktop/Community_Hub/client/src/components/ui/breadcrumb.tsx"
2026-03-14T21:47:17.647357Z  INFO scan_sources: tailwindcss_oxide::scanner: Discovering "/home/moses/Desktop/Community_Hub/client/src/components/ui/skeleton.tsx"
2026-03-14T21:47:17.647380Z  INFO scan_sources: tailwindcss_oxide::scanner: Discovering "/home/moses/Desktop/Community_Hub/client/src/components/ui/resizable.tsx"
2026-03-14T21:47:17.647408Z  INFO scan_sources: tailwindcss_oxide::scanner: Discovering "/home/moses/Desktop/Community_Hub/client/src/components/ui/navigation-menu.tsx"
2026-03-14T21:47:17.647428Z  INFO scan_sources: tailwindcss_oxide::scanner: Discovering "/home/moses/Desktop/Community_Hub/client/src/components/ui/textarea.tsx"
2026-03-14T21:47:17.647447Z  INFO scan_sources: tailwindcss_oxide::scanner: Discovering "/home/moses/Desktop/Community_Hub/client/src/components/ui/separator.tsx"
2026-03-14T21:47:17.647473Z  INFO scan_sources: tailwindcss_oxide::scanner: Discovering "/home/moses/Desktop/Community_Hub/client/src/components/ui/input-otp.tsx"
2026-03-14T21:47:17.647492Z  INFO scan_sources: tailwindcss_oxide::scanner: Discovering "/home/moses/Desktop/Community_Hub/client/src/components/ui/drawer.tsx"
2026-03-14T21:47:17.647539Z  INFO scan_sources: tailwindcss_oxide::scanner: Discovering "/home/moses/Desktop/Community_Hub/client/src/components/ui/chart.tsx"
2026-03-14T21:47:17.647563Z  INFO scan_sources: tailwindcss_oxide::scanner: Discovering "/home/moses/Desktop/Community_Hub/client/src/components/ui/checkbox.tsx"
2026-03-14T21:47:17.647582Z  INFO scan_sources: tailwindcss_oxide::scanner: Discovering "/home/moses/Desktop/Community_Hub/client/src/components/ui/switch.tsx"
2026-03-14T21:47:17.647607Z  INFO scan_sources: tailwindcss_oxide::scanner: Discovering "/home/moses/Desktop/Community_Hub/client/src/components/ui/card.tsx"
2026-03-14T21:47:17.647627Z  INFO scan_sources: tailwindcss_oxide::scanner: Discovering "/home/moses/Desktop/Community_Hub/client/src/components/ui/scroll-area.tsx"
2026-03-14T21:47:17.647649Z  INFO scan_sources: tailwindcss_oxide::scanner: Discovering "/home/moses/Desktop/Community_Hub/client/src/components/ui/progress.tsx"
2026-03-14T21:47:17.647696Z  INFO scan_sources: tailwindcss_oxide::scanner: Discovering "/home/moses/Desktop/Community_Hub/client/src/components/Footer.tsx"
2026-03-14T21:47:17.647724Z  INFO scan_sources: tailwindcss_oxide::scanner: Discovering "/home/moses/Desktop/Community_Hub/client/src/components/LocationMap.tsx"
2026-03-14T21:47:17.647746Z  INFO scan_sources: tailwindcss_oxide::scanner: Discovering "/home/moses/Desktop/Community_Hub/client/src/components/ObjectUploader.tsx"
2026-03-14T21:47:17.647773Z  INFO scan_sources: tailwindcss_oxide::scanner: Discovering "/home/moses/Desktop/Community_Hub/client/src/components/LanguageSelector.tsx"
2026-03-14T21:47:17.647794Z  INFO scan_sources: tailwindcss_oxide::scanner: Discovering "/home/moses/Desktop/Community_Hub/client/src/components/PrayerCard.tsx"
2026-03-14T21:47:17.647816Z  INFO scan_sources: tailwindcss_oxide::scanner: Discovering "/home/moses/Desktop/Community_Hub/client/src/components/AppInstallBanner.tsx"
2026-03-14T21:47:17.647840Z  INFO scan_sources: tailwindcss_oxide::scanner: Discovering "/home/moses/Desktop/Community_Hub/client/src/components/CreatePrayerDialog.tsx"
2026-03-14T21:47:17.647859Z  INFO scan_sources: tailwindcss_oxide::scanner: Discovering "/home/moses/Desktop/Community_Hub/client/src/components/SermonCard.tsx"
2026-03-14T21:47:17.647876Z  INFO scan_sources: tailwindcss_oxide::scanner: Discovering "/home/moses/Desktop/Community_Hub/client/src/components/Navbar.tsx"
2026-03-14T21:47:17.647927Z  INFO scan_sources: tailwindcss_oxide::scanner: Discovering "/home/moses/Desktop/Community_Hub/client/vite.config.ts"
2026-03-14T21:47:17.647963Z  INFO scan_sources: tailwindcss_oxide::scanner: Discovering "/home/moses/Desktop/Community_Hub/client/client"
2026-03-14T21:47:17.648020Z  INFO scan_sources: tailwindcss_oxide::scanner: Discovering "/home/moses/Desktop/Community_Hub/client/index.html"
2026-03-14T21:47:17.648041Z  INFO scan_sources: tailwindcss_oxide::scanner: Discovering "/home/moses/Desktop/Community_Hub/client/components.json"
2026-03-14T21:47:17.648094Z  INFO scan_sources: tailwindcss_oxide::scanner: Discovering "/home/moses/Desktop/Community_Hub/client/package.json"
2026-03-14T21:47:17.648168Z  INFO scan_sources: tailwindcss_oxide::scanner: exit
2026-03-14T21:47:17.648182Z  INFO extract_candidates: tailwindcss_oxide::scanner: enter
2026-03-14T21:47:17.648205Z  INFO extract_candidates:read_all_files: tailwindcss_oxide::scanner: enter
2026-03-14T21:47:17.650565Z  INFO extract_candidates:read_all_files: tailwindcss_oxide::scanner: Reading 130 file(s)
2026-03-14T21:47:17.651635Z  INFO tailwindcss_oxide::scanner: Reading "/home/moses/Desktop/Community_Hub/client/src/components/ui/tabs.tsx"
2026-03-14T21:47:17.651763Z  INFO tailwindcss_oxide::scanner: Reading "/home/moses/Desktop/Community_Hub/client/src/components/ui/command.tsx"
2026-03-14T21:47:17.651676Z  INFO tailwindcss_oxide::scanner: Reading "/home/moses/Desktop/Community_Hub/client/public/robots.txt"
2026-03-14T21:47:17.651707Z  INFO tailwindcss_oxide::scanner: Reading "/home/moses/Desktop/Community_Hub/client/src/components/ui/pagination.tsx"
2026-03-14T21:47:17.651817Z  INFO tailwindcss_oxide::scanner: Reading "/home/moses/Desktop/Community_Hub/client/src/components/ui/button.tsx"
2026-03-14T21:47:17.651836Z  INFO tailwindcss_oxide::scanner: Reading "/home/moses/Desktop/Community_Hub/client/src/components/ui/toggle.tsx"
2026-03-14T21:47:17.651870Z  INFO tailwindcss_oxide::scanner: Reading "/home/moses/Desktop/Community_Hub/client/tsconfig.app.json"
2026-03-14T21:47:17.651891Z  INFO tailwindcss_oxide::scanner: Reading "/home/moses/Desktop/Community_Hub/client/tsconfig.json"
2026-03-14T21:47:17.651909Z  INFO tailwindcss_oxide::scanner: Reading "/home/moses/Desktop/Community_Hub/client/src/main.tsx"
2026-03-14T21:47:17.651998Z  INFO tailwindcss_oxide::scanner: Reading "/home/moses/Desktop/Community_Hub/client/src/pages/QRScannerPage.tsx"
2026-03-14T21:47:17.652028Z  INFO tailwindcss_oxide::scanner: Reading "/home/moses/Desktop/Community_Hub/client/src/pages/MembersPage.tsx"
2026-03-14T21:47:17.651933Z  INFO tailwindcss_oxide::scanner: Reading "/home/moses/Desktop/Community_Hub/client/src/components/ui/popover.tsx"
2026-03-14T21:47:17.652081Z  INFO tailwindcss_oxide::scanner: Reading "/home/moses/Desktop/Community_Hub/client/src/components/ui/animations.tsx"
2026-03-14T21:47:17.652100Z  INFO tailwindcss_oxide::scanner: Reading "/home/moses/Desktop/Community_Hub/client/src/components/ui/toggle-group.tsx"
2026-03-14T21:47:17.652113Z  INFO tailwindcss_oxide::scanner: Reading "/home/moses/Desktop/Community_Hub/client/src/components/ui/use-toast.ts"
2026-03-14T21:47:17.651585Z  INFO tailwindcss_oxide::scanner: Reading "/home/moses/Desktop/Community_Hub/client/src/components/PushNotificationSettings.tsx"
2026-03-14T21:47:17.652165Z  INFO tailwindcss_oxide::scanner: Reading "/home/moses/Desktop/Community_Hub/client/src/components/EventCard.tsx"
2026-03-14T21:47:17.652200Z  INFO tailwindcss_oxide::scanner: Reading "/home/moses/Desktop/Community_Hub/client/src/components/Layout.tsx"
2026-03-14T21:47:17.652222Z  INFO tailwindcss_oxide::scanner: Reading "/home/moses/Desktop/Community_Hub/client/src/components/ui/select.tsx"
2026-03-14T21:47:17.652241Z  INFO tailwindcss_oxide::scanner: Reading "/home/moses/Desktop/Community_Hub/client/src/components/ui/slider.tsx"
2026-03-14T21:47:17.651955Z  INFO tailwindcss_oxide::scanner: Reading "/home/moses/Desktop/Community_Hub/client/src/components/ui/label.tsx"
2026-03-14T21:47:17.652286Z  INFO tailwindcss_oxide::scanner: Reading "/home/moses/Desktop/Community_Hub/client/src/components/ui/sheet.tsx"
2026-03-14T21:47:17.652303Z  INFO tailwindcss_oxide::scanner: Reading "/home/moses/Desktop/Community_Hub/client/src/components/ui/collapsible.tsx"
2026-03-14T21:47:17.652346Z  INFO tailwindcss_oxide::scanner: Reading "/home/moses/Desktop/Community_Hub/client/src/pages/AttendanceHistoryPage.tsx"
2026-03-14T21:47:17.652411Z  INFO tailwindcss_oxide::scanner: Reading "/home/moses/Desktop/Community_Hub/client/src/components/ui/breadcrumb.tsx"
2026-03-14T21:47:17.652432Z  INFO tailwindcss_oxide::scanner: Reading "/home/moses/Desktop/Community_Hub/client/src/components/ui/skeleton.tsx"
2026-03-14T21:47:17.652449Z  INFO tailwindcss_oxide::scanner: Reading "/home/moses/Desktop/Community_Hub/client/src/components/ui/resizable.tsx"
2026-03-14T21:47:17.652513Z  INFO tailwindcss_oxide::scanner: Reading "/home/moses/Desktop/Community_Hub/client/src/components/ui/navigation-menu.tsx"
2026-03-14T21:47:17.652534Z  INFO tailwindcss_oxide::scanner: Reading "/home/moses/Desktop/Community_Hub/client/src/components/ui/textarea.tsx"
2026-03-14T21:47:17.652469Z  INFO tailwindcss_oxide::scanner: Reading "/home/moses/Desktop/Community_Hub/client/src/components/ui/radio-group.tsx"
2026-03-14T21:47:17.652584Z  INFO tailwindcss_oxide::scanner: Reading "/home/moses/Desktop/Community_Hub/client/src/components/ui/dropdown-menu.tsx"
2026-03-14T21:47:17.652603Z  INFO tailwindcss_oxide::scanner: Reading "/home/moses/Desktop/Community_Hub/client/src/components/ui/carousel.tsx"
2026-03-14T21:47:17.652318Z  INFO tailwindcss_oxide::scanner: Reading "/home/moses/Desktop/Community_Hub/client/src/components/ui/tooltip.tsx"
2026-03-14T21:47:17.652648Z  INFO tailwindcss_oxide::scanner: Reading "/home/moses/Desktop/Community_Hub/client/src/components/ui/form.tsx"
2026-03-14T21:47:17.652666Z  INFO tailwindcss_oxide::scanner: Reading "/home/moses/Desktop/Community_Hub/client/src/components/ui/calendar.tsx"
2026-03-14T21:47:17.652385Z  INFO tailwindcss_oxide::scanner: Reading "/home/moses/Desktop/Community_Hub/client/src/pages/BiblePage.tsx"
2026-03-14T21:47:17.652727Z  INFO tailwindcss_oxide::scanner: Reading "/home/moses/Desktop/Community_Hub/client/src/pages/SuperAdminPage.tsx"
2026-03-14T21:47:17.652745Z  INFO tailwindcss_oxide::scanner: Reading "/home/moses/Desktop/Community_Hub/client/src/pages/MusicPage.tsx"
2026-03-14T21:47:17.652768Z  INFO tailwindcss_oxide::scanner: Reading "/home/moses/Desktop/Community_Hub/client/src/components/ui/separator.tsx"
2026-03-14T21:47:17.652854Z  INFO tailwindcss_oxide::scanner: Reading "/home/moses/Desktop/Community_Hub/client/src/components/ui/input-otp.tsx"
2026-03-14T21:47:17.652869Z  INFO tailwindcss_oxide::scanner: Reading "/home/moses/Desktop/Community_Hub/client/src/components/ui/drawer.tsx"
2026-03-14T21:47:17.652936Z  INFO tailwindcss_oxide::scanner: Reading "/home/moses/Desktop/Community_Hub/client/src/pages/DashboardPage.tsx"
2026-03-14T21:47:17.652786Z  INFO tailwindcss_oxide::scanner: Reading "/home/moses/Desktop/Community_Hub/client/src/components/ui/menubar.tsx"
2026-03-14T21:47:17.652985Z  INFO tailwindcss_oxide::scanner: Reading "/home/moses/Desktop/Community_Hub/client/src/components/ui/table.tsx"
2026-03-14T21:47:17.653004Z  INFO tailwindcss_oxide::scanner: Reading "/home/moses/Desktop/Community_Hub/client/src/components/ui/alert-dialog.tsx"
2026-03-14T21:47:17.652801Z  INFO tailwindcss_oxide::scanner: Reading "/home/moses/Desktop/Community_Hub/client/src/components/ui/badge.tsx"
2026-03-14T21:47:17.653046Z  INFO tailwindcss_oxide::scanner: Reading "/home/moses/Desktop/Community_Hub/client/src/components/ui/context-menu.tsx"
2026-03-14T21:47:17.653068Z  INFO tailwindcss_oxide::scanner: Reading "/home/moses/Desktop/Community_Hub/client/src/components/ui/alert.tsx"
2026-03-14T21:47:17.653123Z  INFO tailwindcss_oxide::scanner: Reading "/home/moses/Desktop/Community_Hub/client/src/pages/verifyEmail.tsx"
2026-03-14T21:47:17.653148Z  INFO tailwindcss_oxide::scanner: Reading "/home/moses/Desktop/Community_Hub/client/src/components/ui/aspect-ratio.tsx"
2026-03-14T21:47:17.653171Z  INFO tailwindcss_oxide::scanner: Reading "/home/moses/Desktop/Community_Hub/client/src/components/ui/chart.tsx"
2026-03-14T21:47:17.653290Z  INFO tailwindcss_oxide::scanner: Reading "/home/moses/Desktop/Community_Hub/client/src/components/ui/checkbox.tsx"
2026-03-14T21:47:17.653306Z  INFO tailwindcss_oxide::scanner: Reading "/home/moses/Desktop/Community_Hub/client/src/components/ui/switch.tsx"
2026-03-14T21:47:17.653321Z  INFO tailwindcss_oxide::scanner: Reading "/home/moses/Desktop/Community_Hub/client/src/components/ui/card.tsx"
2026-03-14T21:47:17.653348Z  INFO tailwindcss_oxide::scanner: Reading "/home/moses/Desktop/Community_Hub/client/src/components/ui/scroll-area.tsx"
2026-03-14T21:47:17.653364Z  INFO tailwindcss_oxide::scanner: Reading "/home/moses/Desktop/Community_Hub/client/src/components/ui/progress.tsx"
2026-03-14T21:47:17.653385Z  INFO tailwindcss_oxide::scanner: Reading "/home/moses/Desktop/Community_Hub/client/src/components/Footer.tsx"
2026-03-14T21:47:17.653451Z  INFO tailwindcss_oxide::scanner: Reading "/home/moses/Desktop/Community_Hub/client/src/components/LocationMap.tsx"
2026-03-14T21:47:17.653481Z  INFO tailwindcss_oxide::scanner: Reading "/home/moses/Desktop/Community_Hub/client/src/components/ObjectUploader.tsx"
2026-03-14T21:47:17.653579Z  INFO tailwindcss_oxide::scanner: Reading "/home/moses/Desktop/Community_Hub/client/src/components/ui/toast.tsx"
2026-03-14T21:47:17.653628Z  INFO tailwindcss_oxide::scanner: Reading "/home/moses/Desktop/Community_Hub/client/src/components/ui/toaster.tsx"
2026-03-14T21:47:17.653651Z  INFO tailwindcss_oxide::scanner: Reading "/home/moses/Desktop/Community_Hub/client/src/components/ui/input.tsx"
2026-03-14T21:47:17.653737Z  INFO tailwindcss_oxide::scanner: Reading "/home/moses/Desktop/Community_Hub/client/src/pages/SermonDetailPage.tsx"
2026-03-14T21:47:17.653860Z  INFO tailwindcss_oxide::scanner: Reading "/home/moses/Desktop/Community_Hub/client/src/pages/SocialFeedPage.tsx"
2026-03-14T21:47:17.654130Z  INFO tailwindcss_oxide::scanner: Reading "/home/moses/Desktop/Community_Hub/client/src/pages/AdminDashboardPage.tsx"
2026-03-14T21:47:17.654385Z  INFO tailwindcss_oxide::scanner: Reading "/home/moses/Desktop/Community_Hub/client/src/components/LanguageSelector.tsx"
2026-03-14T21:47:17.654494Z  INFO tailwindcss_oxide::scanner: Reading "/home/moses/Desktop/Community_Hub/client/src/components/PrayerCard.tsx"
2026-03-14T21:47:17.654531Z  INFO tailwindcss_oxide::scanner: Reading "/home/moses/Desktop/Community_Hub/client/src/components/AppInstallBanner.tsx"
2026-03-14T21:47:17.653180Z  INFO tailwindcss_oxide::scanner: Reading "/home/moses/Desktop/Community_Hub/client/src/components/ui/dialog.tsx"
2026-03-14T21:47:17.654688Z  INFO tailwindcss_oxide::scanner: Reading "/home/moses/Desktop/Community_Hub/client/src/components/ui/hover-card.tsx"
2026-03-14T21:47:17.654757Z  INFO tailwindcss_oxide::scanner: Reading "/home/moses/Desktop/Community_Hub/client/src/components/ui/avatar.tsx"
2026-03-14T21:47:17.654788Z  INFO tailwindcss_oxide::scanner: Reading "/home/moses/Desktop/Community_Hub/client/src/components/ui/accordion.tsx"
2026-03-14T21:47:17.654988Z  INFO tailwindcss_oxide::scanner: Reading "/home/moses/Desktop/Community_Hub/client/src/components/ui/sidebar.tsx"
2026-03-14T21:47:17.655140Z  INFO tailwindcss_oxide::scanner: Reading "/home/moses/Desktop/Community_Hub/client/src/components/Navbar.tsx"
2026-03-14T21:47:17.655300Z  INFO tailwindcss_oxide::scanner: Reading "/home/moses/Desktop/Community_Hub/client/vite.config.ts"
2026-03-14T21:47:17.655344Z  INFO tailwindcss_oxide::scanner: Reading "/home/moses/Desktop/Community_Hub/client/index.html"
2026-03-14T21:47:17.655522Z  INFO tailwindcss_oxide::scanner: Reading "/home/moses/Desktop/Community_Hub/client/components.json"
2026-03-14T21:47:17.655572Z  INFO tailwindcss_oxide::scanner: Reading "/home/moses/Desktop/Community_Hub/client/package.json"
2026-03-14T21:47:17.655624Z  INFO tailwindcss_oxide::scanner: Reading "/home/moses/Desktop/Community_Hub/client/src/pages/not-found.tsx"
2026-03-14T21:47:17.655667Z  INFO tailwindcss_oxide::scanner: Reading "/home/moses/Desktop/Community_Hub/client/src/pages/auth/callback.tsx"
2026-03-14T21:47:17.655707Z  INFO tailwindcss_oxide::scanner: Reading "/home/moses/Desktop/Community_Hub/client/src/pages/GroupsPage.tsx"
2026-03-14T21:47:17.655779Z  INFO tailwindcss_oxide::scanner: Reading "/home/moses/Desktop/Community_Hub/client/src/pages/CheckinPage.tsx"
2026-03-14T21:47:17.655885Z  INFO tailwindcss_oxide::scanner: Reading "/home/moses/Desktop/Community_Hub/client/src/pages/AnalyticsPage.tsx"
2026-03-14T21:47:17.655952Z  INFO tailwindcss_oxide::scanner: Reading "/home/moses/Desktop/Community_Hub/client/src/pages/logout.tsx"
2026-03-14T21:47:17.655999Z  INFO tailwindcss_oxide::scanner: Reading "/home/moses/Desktop/Community_Hub/client/src/pages/PrayerPage.tsx"
2026-03-14T21:47:17.656037Z  INFO tailwindcss_oxide::scanner: Reading "/home/moses/Desktop/Community_Hub/client/src/pages/MessagesPage.tsx"
2026-03-14T21:47:17.656084Z  INFO tailwindcss_oxide::scanner: Reading "/home/moses/Desktop/Community_Hub/client/src/pages/login.tsx"
2026-03-14T21:47:17.656159Z  INFO tailwindcss_oxide::scanner: Reading "/home/moses/Desktop/Community_Hub/client/src/pages/HouseCellsPage.tsx"
2026-03-14T21:47:17.656334Z  INFO tailwindcss_oxide::scanner: Reading "/home/moses/Desktop/Community_Hub/client/src/pages/SermonClipGeneratorPage.tsx"
2026-03-14T21:47:17.656442Z  INFO tailwindcss_oxide::scanner: Reading "/home/moses/Desktop/Community_Hub/client/src/pages/SermonsPage.tsx"
2026-03-14T21:47:17.656494Z  INFO tailwindcss_oxide::scanner: Reading "/home/moses/Desktop/Community_Hub/client/src/pages/DevotionalsPage.tsx"
2026-03-14T21:47:17.656561Z  INFO tailwindcss_oxide::scanner: Reading "/home/moses/Desktop/Community_Hub/client/src/pages/AttendanceAnalyticsPage.tsx"
2026-03-14T21:47:17.656597Z  INFO tailwindcss_oxide::scanner: Reading "/home/moses/Desktop/Community_Hub/client/src/pages/EventsPage.tsx"
2026-03-14T21:47:17.656634Z  INFO tailwindcss_oxide::scanner: Reading "/home/moses/Desktop/Community_Hub/client/src/pages/LanguageSettingsPage.tsx"
2026-03-14T21:47:17.656673Z  INFO tailwindcss_oxide::scanner: Reading "/home/moses/Desktop/Community_Hub/client/src/lib/api-config.ts"
2026-03-14T21:47:17.656708Z  INFO tailwindcss_oxide::scanner: Reading "/home/moses/Desktop/Community_Hub/client/src/lib/auth-utils.ts"
2026-03-14T21:47:17.656737Z  INFO tailwindcss_oxide::scanner: Reading "/home/moses/Desktop/Community_Hub/client/src/hooks/use-websocket.ts"
2026-03-14T21:47:17.656782Z  INFO tailwindcss_oxide::scanner: Reading "/home/moses/Desktop/Community_Hub/client/src/hooks/use-sermons.ts"
2026-03-14T21:47:17.656815Z  INFO tailwindcss_oxide::scanner: Reading "/home/moses/Desktop/Community_Hub/client/src/hooks/use-celebrations.ts"
2026-03-14T21:47:17.656844Z  INFO tailwindcss_oxide::scanner: Reading "/home/moses/Desktop/Community_Hub/client/src/hooks/use-branding.ts"
2026-03-14T21:47:17.656893Z  INFO tailwindcss_oxide::scanner: Reading "/home/moses/Desktop/Community_Hub/client/src/hooks/use-upload.ts"
2026-03-14T21:47:17.656999Z  INFO tailwindcss_oxide::scanner: Reading "/home/moses/Desktop/Community_Hub/client/src/hooks/use-language.tsx"
2026-03-14T21:47:17.657110Z  INFO tailwindcss_oxide::scanner: Reading "/home/moses/Desktop/Community_Hub/client/src/hooks/use-auth.ts"
2026-03-14T21:47:17.657155Z  INFO tailwindcss_oxide::scanner: Reading "/home/moses/Desktop/Community_Hub/client/src/hooks/use-prayer.ts"
2026-03-14T21:47:17.657194Z  INFO tailwindcss_oxide::scanner: Reading "/home/moses/Desktop/Community_Hub/client/src/hooks/use-events.ts"
2026-03-14T21:47:17.657517Z  INFO tailwindcss_oxide::scanner: Reading "/home/moses/Desktop/Community_Hub/client/src/pages/EventDetailPage.tsx"
2026-03-14T21:47:17.658161Z  INFO tailwindcss_oxide::scanner: Reading "/home/moses/Desktop/Community_Hub/client/src/pages/HomePage.tsx"
2026-03-14T21:47:17.658524Z  INFO tailwindcss_oxide::scanner: Reading "/home/moses/Desktop/Community_Hub/client/src/pages/VolunteerPage.tsx"
2026-03-14T21:47:17.658900Z  INFO tailwindcss_oxide::scanner: Reading "/home/moses/Desktop/Community_Hub/client/src/pages/AdminLiveStreamPage.tsx"
2026-03-14T21:47:17.658936Z  INFO tailwindcss_oxide::scanner: Reading "/home/moses/Desktop/Community_Hub/client/src/pages/AbsentMembersPage.tsx"
2026-03-14T21:47:17.653232Z  INFO tailwindcss_oxide::scanner: Reading "/home/moses/Desktop/Community_Hub/client/src/pages/CelebrationsPage.tsx"
2026-03-14T21:47:17.659135Z  INFO tailwindcss_oxide::scanner: Reading "/home/moses/Desktop/Community_Hub/client/src/pages/LiveStreamPage.tsx"
2026-03-14T21:47:17.659284Z  INFO tailwindcss_oxide::scanner: Reading "/home/moses/Desktop/Community_Hub/client/src/pages/DiscipleshipPage.tsx"
2026-03-14T21:47:17.659365Z  INFO tailwindcss_oxide::scanner: Reading "/home/moses/Desktop/Community_Hub/client/src/pages/GivePage.tsx"
2026-03-14T21:47:17.659398Z  INFO tailwindcss_oxide::scanner: Reading "/home/moses/Desktop/Community_Hub/client/src/hooks/use-toast.ts"
2026-03-14T21:47:17.659529Z  INFO tailwindcss_oxide::scanner: Reading "/home/moses/Desktop/Community_Hub/client/src/pages/PrivacyPage.tsx"
2026-03-14T21:47:17.659591Z  INFO tailwindcss_oxide::scanner: Reading "/home/moses/Desktop/Community_Hub/client/src/hooks/use-attendance.ts"
2026-03-14T21:47:17.659617Z  INFO tailwindcss_oxide::scanner: Reading "/home/moses/Desktop/Community_Hub/client/src/hooks/use-messages.ts"
2026-03-14T21:47:17.659660Z  INFO tailwindcss_oxide::scanner: Reading "/home/moses/Desktop/Community_Hub/client/src/hooks/use-donations.ts"
2026-03-14T21:47:17.659681Z  INFO tailwindcss_oxide::scanner: Reading "/home/moses/Desktop/Community_Hub/client/src/hooks/use-permissions.ts"
2026-03-14T21:47:17.659726Z  INFO tailwindcss_oxide::scanner: Reading "/home/moses/Desktop/Community_Hub/client/src/lib/utils.ts"
2026-03-14T21:47:17.659749Z  INFO tailwindcss_oxide::scanner: Reading "/home/moses/Desktop/Community_Hub/client/src/lib/api.ts"
2026-03-14T21:47:17.659855Z  INFO tailwindcss_oxide::scanner: Reading "/home/moses/Desktop/Community_Hub/client/src/types/api.ts"
2026-03-14T21:47:17.659875Z  INFO tailwindcss_oxide::scanner: Reading "/home/moses/Desktop/Community_Hub/client/src/App.tsx"
2026-03-14T21:47:17.659893Z  INFO tailwindcss_oxide::scanner: Reading "/home/moses/Desktop/Community_Hub/client/src/vite-env.d.ts"
2026-03-14T21:47:17.659949Z  INFO tailwindcss_oxide::scanner: Reading "/home/moses/Desktop/Community_Hub/client/src/lib/api-routes.ts"
2026-03-14T21:47:17.654844Z  INFO tailwindcss_oxide::scanner: Reading "/home/moses/Desktop/Community_Hub/client/src/components/CreatePrayerDialog.tsx"
2026-03-14T21:47:17.660006Z  INFO tailwindcss_oxide::scanner: Reading "/home/moses/Desktop/Community_Hub/client/src/components/SermonCard.tsx"
2026-03-14T21:47:17.659917Z  INFO tailwindcss_oxide::scanner: Reading "/home/moses/Desktop/Community_Hub/client/src/lib/queryClient.ts"
2026-03-14T21:47:17.660500Z  INFO tailwindcss_oxide::scanner: Reading "/home/moses/Desktop/Community_Hub/client/src/hooks/use-mobile.tsx"
2026-03-14T21:47:17.660911Z  INFO extract_candidates:read_all_files: tailwindcss_oxide::scanner: exit
2026-03-14T21:47:17.660931Z  INFO extract_candidates:parse_all_blobs: tailwindcss_oxide::scanner: enter
2026-03-14T21:47:17.660937Z  INFO extract_candidates:parse_all_blobs:extract: tailwindcss_oxide::scanner: enter
2026-03-14T21:47:17.707296Z  INFO extract_candidates:parse_all_blobs:extract: tailwindcss_oxide::scanner: exit
2026-03-14T21:47:17.707613Z  INFO extract_candidates:parse_all_blobs: tailwindcss_oxide::scanner: exit
2026-03-14T21:47:17.707651Z  INFO extract_candidates:read_all_files: tailwindcss_oxide::scanner: enter
2026-03-14T21:47:17.707676Z  INFO extract_candidates:read_all_files: tailwindcss_oxide::scanner: Reading 1 file(s)
2026-03-14T21:47:17.707812Z  INFO extract_candidates:read_all_files: tailwindcss_oxide::scanner: Reading "/home/moses/Desktop/Community_Hub/client/src/index.css"
2026-03-14T21:47:17.707854Z  INFO extract_candidates:read_all_files: tailwindcss_oxide::scanner: exit
2026-03-14T21:47:17.707867Z  INFO extract_candidates:extract_css_variables: tailwindcss_oxide::scanner: enter
2026-03-14T21:47:17.707875Z  INFO extract_candidates:extract_css_variables:extract: tailwindcss_oxide::scanner: enter
2026-03-14T21:47:17.714011Z  INFO extract_candidates:extract_css_variables:extract: tailwindcss_oxide::scanner: exit
2026-03-14T21:47:17.714454Z  INFO extract_candidates:extract_css_variables: tailwindcss_oxide::scanner: exit
2026-03-14T21:47:17.720828Z  INFO extract_candidates: tailwindcss_oxide::scanner: exit
2026-03-14T21:47:17.734991Z  INFO get_files: tailwindcss_oxide::scanner: enter
2026-03-14T21:47:17.735051Z  INFO get_files:scan_sources: tailwindcss_oxide::scanner: enter
2026-03-14T21:47:17.735979Z  INFO get_files:scan_sources: tailwindcss_oxide::scanner: Discovering "/home/moses/Desktop/Community_Hub/client/public"
2026-03-14T21:47:17.739083Z  INFO get_files:scan_sources: tailwindcss_oxide::scanner: Discovering "/home/moses/Desktop/Community_Hub/client/src"
2026-03-14T21:47:17.739208Z  INFO get_files:scan_sources: tailwindcss_oxide::scanner: Discovering "/home/moses/Desktop/Community_Hub/client/src/pages"
2026-03-14T21:47:17.739651Z  INFO get_files:scan_sources: tailwindcss_oxide::scanner: Discovering "/home/moses/Desktop/Community_Hub/client/src/pages/auth"
2026-03-14T21:47:17.739950Z  INFO get_files:scan_sources: tailwindcss_oxide::scanner: Discovering "/home/moses/Desktop/Community_Hub/client/src/types"
2026-03-14T21:47:17.740053Z  INFO get_files:scan_sources: tailwindcss_oxide::scanner: Discovering "/home/moses/Desktop/Community_Hub/client/src/lib"
2026-03-14T21:47:17.740147Z  INFO get_files:scan_sources: tailwindcss_oxide::scanner: Discovering "/home/moses/Desktop/Community_Hub/client/src/hooks"
2026-03-14T21:47:17.740329Z  INFO get_files:scan_sources: tailwindcss_oxide::scanner: Discovering "/home/moses/Desktop/Community_Hub/client/src/components"
2026-03-14T21:47:17.740405Z  INFO get_files:scan_sources: tailwindcss_oxide::scanner: Discovering "/home/moses/Desktop/Community_Hub/client/src/components/ui"
2026-03-14T21:47:17.745389Z  INFO get_files:scan_sources: tailwindcss_oxide::scanner: Discovering "/home/moses/Desktop/Community_Hub/client/client"
2026-03-14T21:47:17.745618Z  INFO get_files:scan_sources: tailwindcss_oxide::scanner: exit
2026-03-14T21:47:17.746875Z  INFO get_files: tailwindcss_oxide::scanner: exit
2026-03-14T21:47:17.747410Z  INFO get_globs: tailwindcss_oxide::scanner: enter
2026-03-14T21:47:17.747429Z  INFO get_globs:scan_sources: tailwindcss_oxide::scanner: enter
2026-03-14T21:47:17.748080Z  INFO get_globs:scan_sources: tailwindcss_oxide::scanner: Discovering "/home/moses/Desktop/Community_Hub/client/public"
2026-03-14T21:47:17.753509Z  INFO get_globs:scan_sources: tailwindcss_oxide::scanner: Discovering "/home/moses/Desktop/Community_Hub/client/src"
2026-03-14T21:47:17.753733Z  INFO get_globs:scan_sources: tailwindcss_oxide::scanner: Discovering "/home/moses/Desktop/Community_Hub/client/src/pages"
2026-03-14T21:47:17.754003Z  INFO get_globs:scan_sources: tailwindcss_oxide::scanner: Discovering "/home/moses/Desktop/Community_Hub/client/src/pages/auth"
2026-03-14T21:47:17.755032Z  INFO get_globs:scan_sources: tailwindcss_oxide::scanner: Discovering "/home/moses/Desktop/Community_Hub/client/src/types"
2026-03-14T21:47:17.755955Z  INFO get_globs:scan_sources: tailwindcss_oxide::scanner: Discovering "/home/moses/Desktop/Community_Hub/client/src/lib"
2026-03-14T21:47:17.756639Z  INFO get_globs:scan_sources: tailwindcss_oxide::scanner: Discovering "/home/moses/Desktop/Community_Hub/client/src/hooks"
2026-03-14T21:47:17.759918Z  INFO get_globs:scan_sources: tailwindcss_oxide::scanner: Discovering "/home/moses/Desktop/Community_Hub/client/src/components"
2026-03-14T21:47:17.760377Z  INFO get_globs:scan_sources: tailwindcss_oxide::scanner: Discovering "/home/moses/Desktop/Community_Hub/client/src/components/ui"
2026-03-14T21:47:17.765180Z  INFO get_globs:scan_sources: tailwindcss_oxide::scanner: Discovering "/home/moses/Desktop/Community_Hub/client/client"
2026-03-14T21:47:17.765700Z  INFO get_globs:scan_sources: tailwindcss_oxide::scanner: exit
2026-03-14T21:47:17.768035Z  INFO get_globs: tailwindcss_oxide::scanner: exit
