2026-03-14T23:06:48.649769Z  INFO tailwindcss_oxide::scanner: Provided sources:
2026-03-14T23:06:48.649940Z  INFO tailwindcss_oxide::scanner: Source: PublicSourceEntry { base: "/home/moses/Desktop/Community_Hub/client", pattern: "**/*", negated: false }
2026-03-14T23:06:48.650000Z  INFO tailwindcss_oxide::scanner: Optimized sources:
2026-03-14T23:06:48.650004Z  INFO tailwindcss_oxide::scanner: Source: Auto { base: "/home/moses/Desktop/Community_Hub/client" }
2026-03-14T23:06:48.653022Z  INFO scan_sources: tailwindcss_oxide::scanner: enter
2026-03-14T23:06:48.654049Z  INFO scan_sources: tailwindcss_oxide::scanner: Discovering "/home/moses/Desktop/Community_Hub/client/public"
2026-03-14T23:06:48.654299Z  INFO scan_sources: tailwindcss_oxide::scanner: Discovering "/home/moses/Desktop/Community_Hub/client/public/robots.txt"
2026-03-14T23:06:48.654480Z  INFO scan_sources: tailwindcss_oxide::scanner: Discovering "/home/moses/Desktop/Community_Hub/client/tsconfig.app.json"
2026-03-14T23:06:48.654536Z  INFO scan_sources: tailwindcss_oxide::scanner: Discovering "/home/moses/Desktop/Community_Hub/client/tsconfig.json"
2026-03-14T23:06:48.654620Z  INFO scan_sources: tailwindcss_oxide::scanner: Discovering "/home/moses/Desktop/Community_Hub/client/src"
2026-03-14T23:06:48.654715Z  INFO scan_sources: tailwindcss_oxide::scanner: Discovering "/home/moses/Desktop/Community_Hub/client/src/main.tsx"
2026-03-14T23:06:48.654772Z  INFO scan_sources: tailwindcss_oxide::scanner: Discovering "/home/moses/Desktop/Community_Hub/client/src/index.css"
2026-03-14T23:06:48.654827Z  INFO scan_sources: tailwindcss_oxide::scanner: Discovering "/home/moses/Desktop/Community_Hub/client/src/pages"
2026-03-14T23:06:48.654912Z  INFO scan_sources: tailwindcss_oxide::scanner: Discovering "/home/moses/Desktop/Community_Hub/client/src/pages/QRScannerPage.tsx"
2026-03-14T23:06:48.654962Z  INFO scan_sources: tailwindcss_oxide::scanner: Discovering "/home/moses/Desktop/Community_Hub/client/src/pages/MembersPage.tsx"
2026-03-14T23:06:48.655011Z  INFO scan_sources: tailwindcss_oxide::scanner: Discovering "/home/moses/Desktop/Community_Hub/client/src/pages/AttendanceHistoryPage.tsx"
2026-03-14T23:06:48.655056Z  INFO scan_sources: tailwindcss_oxide::scanner: Discovering "/home/moses/Desktop/Community_Hub/client/src/pages/BiblePage.tsx"
2026-03-14T23:06:48.655101Z  INFO scan_sources: tailwindcss_oxide::scanner: Discovering "/home/moses/Desktop/Community_Hub/client/src/pages/SuperAdminPage.tsx"
2026-03-14T23:06:48.655144Z  INFO scan_sources: tailwindcss_oxide::scanner: Discovering "/home/moses/Desktop/Community_Hub/client/src/pages/MusicPage.tsx"
2026-03-14T23:06:48.655189Z  INFO scan_sources: tailwindcss_oxide::scanner: Discovering "/home/moses/Desktop/Community_Hub/client/src/pages/DashboardPage.tsx"
2026-03-14T23:06:48.655248Z  INFO scan_sources: tailwindcss_oxide::scanner: Discovering "/home/moses/Desktop/Community_Hub/client/src/pages/verifyEmail.tsx"
2026-03-14T23:06:48.655296Z  INFO scan_sources: tailwindcss_oxide::scanner: Discovering "/home/moses/Desktop/Community_Hub/client/src/pages/CelebrationsPage.tsx"
2026-03-14T23:06:48.655345Z  INFO scan_sources: tailwindcss_oxide::scanner: Discovering "/home/moses/Desktop/Community_Hub/client/src/pages/LiveStreamPage.tsx"
2026-03-14T23:06:48.655391Z  INFO scan_sources: tailwindcss_oxide::scanner: Discovering "/home/moses/Desktop/Community_Hub/client/src/pages/DiscipleshipPage.tsx"
2026-03-14T23:06:48.655435Z  INFO scan_sources: tailwindcss_oxide::scanner: Discovering "/home/moses/Desktop/Community_Hub/client/src/pages/GivePage.tsx"
2026-03-14T23:06:48.655485Z  INFO scan_sources: tailwindcss_oxide::scanner: Discovering "/home/moses/Desktop/Community_Hub/client/src/pages/not-found.tsx"
2026-03-14T23:06:48.655536Z  INFO scan_sources: tailwindcss_oxide::scanner: Discovering "/home/moses/Desktop/Community_Hub/client/src/pages/auth"
2026-03-14T23:06:48.655602Z  INFO scan_sources: tailwindcss_oxide::scanner: Discovering "/home/moses/Desktop/Community_Hub/client/src/pages/auth/callback.tsx"
2026-03-14T23:06:48.655663Z  INFO scan_sources: tailwindcss_oxide::scanner: Discovering "/home/moses/Desktop/Community_Hub/client/src/pages/GroupsPage.tsx"
2026-03-14T23:06:48.655717Z  INFO scan_sources: tailwindcss_oxide::scanner: Discovering "/home/moses/Desktop/Community_Hub/client/src/pages/CheckinPage.tsx"
2026-03-14T23:06:48.655760Z  INFO scan_sources: tailwindcss_oxide::scanner: Discovering "/home/moses/Desktop/Community_Hub/client/src/pages/AnalyticsPage.tsx"
2026-03-14T23:06:48.655807Z  INFO scan_sources: tailwindcss_oxide::scanner: Discovering "/home/moses/Desktop/Community_Hub/client/src/pages/logout.tsx"
2026-03-14T23:06:48.655850Z  INFO scan_sources: tailwindcss_oxide::scanner: Discovering "/home/moses/Desktop/Community_Hub/client/src/pages/PrayerPage.tsx"
2026-03-14T23:06:48.655895Z  INFO scan_sources: tailwindcss_oxide::scanner: Discovering "/home/moses/Desktop/Community_Hub/client/src/pages/MessagesPage.tsx"
2026-03-14T23:06:48.655940Z  INFO scan_sources: tailwindcss_oxide::scanner: Discovering "/home/moses/Desktop/Community_Hub/client/src/pages/login.tsx"
2026-03-14T23:06:48.655983Z  INFO scan_sources: tailwindcss_oxide::scanner: Discovering "/home/moses/Desktop/Community_Hub/client/src/pages/HouseCellsPage.tsx"
2026-03-14T23:06:48.656025Z  INFO scan_sources: tailwindcss_oxide::scanner: Discovering "/home/moses/Desktop/Community_Hub/client/src/pages/SermonClipGeneratorPage.tsx"
2026-03-14T23:06:48.656070Z  INFO scan_sources: tailwindcss_oxide::scanner: Discovering "/home/moses/Desktop/Community_Hub/client/src/pages/SermonsPage.tsx"
2026-03-14T23:06:48.656110Z  INFO scan_sources: tailwindcss_oxide::scanner: Discovering "/home/moses/Desktop/Community_Hub/client/src/pages/DevotionalsPage.tsx"
2026-03-14T23:06:48.656152Z  INFO scan_sources: tailwindcss_oxide::scanner: Discovering "/home/moses/Desktop/Community_Hub/client/src/pages/AttendanceAnalyticsPage.tsx"
2026-03-14T23:06:48.656193Z  INFO scan_sources: tailwindcss_oxide::scanner: Discovering "/home/moses/Desktop/Community_Hub/client/src/pages/EventsPage.tsx"
2026-03-14T23:06:48.656242Z  INFO scan_sources: tailwindcss_oxide::scanner: Discovering "/home/moses/Desktop/Community_Hub/client/src/pages/LanguageSettingsPage.tsx"
2026-03-14T23:06:48.656263Z  INFO scan_sources: tailwindcss_oxide::scanner: Discovering "/home/moses/Desktop/Community_Hub/client/src/pages/SermonDetailPage.tsx"
2026-03-14T23:06:48.656278Z  INFO scan_sources: tailwindcss_oxide::scanner: Discovering "/home/moses/Desktop/Community_Hub/client/src/pages/SocialFeedPage.tsx"
2026-03-14T23:06:48.656294Z  INFO scan_sources: tailwindcss_oxide::scanner: Discovering "/home/moses/Desktop/Community_Hub/client/src/pages/AdminDashboardPage.tsx"
2026-03-14T23:06:48.656309Z  INFO scan_sources: tailwindcss_oxide::scanner: Discovering "/home/moses/Desktop/Community_Hub/client/src/pages/EventDetailPage.tsx"
2026-03-14T23:06:48.656324Z  INFO scan_sources: tailwindcss_oxide::scanner: Discovering "/home/moses/Desktop/Community_Hub/client/src/pages/HomePage.tsx"
2026-03-14T23:06:48.656340Z  INFO scan_sources: tailwindcss_oxide::scanner: Discovering "/home/moses/Desktop/Community_Hub/client/src/pages/VolunteerPage.tsx"
2026-03-14T23:06:48.656355Z  INFO scan_sources: tailwindcss_oxide::scanner: Discovering "/home/moses/Desktop/Community_Hub/client/src/pages/AdminLiveStreamPage.tsx"
2026-03-14T23:06:48.656370Z  INFO scan_sources: tailwindcss_oxide::scanner: Discovering "/home/moses/Desktop/Community_Hub/client/src/pages/AbsentMembersPage.tsx"
2026-03-14T23:06:48.656385Z  INFO scan_sources: tailwindcss_oxide::scanner: Discovering "/home/moses/Desktop/Community_Hub/client/src/pages/PrivacyPage.tsx"
2026-03-14T23:06:48.656411Z  INFO scan_sources: tailwindcss_oxide::scanner: Discovering "/home/moses/Desktop/Community_Hub/client/src/types"
2026-03-14T23:06:48.656447Z  INFO scan_sources: tailwindcss_oxide::scanner: Discovering "/home/moses/Desktop/Community_Hub/client/src/types/api.ts"
2026-03-14T23:06:48.656466Z  INFO scan_sources: tailwindcss_oxide::scanner: Discovering "/home/moses/Desktop/Community_Hub/client/src/App.tsx"
2026-03-14T23:06:48.656489Z  INFO scan_sources: tailwindcss_oxide::scanner: Discovering "/home/moses/Desktop/Community_Hub/client/src/vite-env.d.ts"
2026-03-14T23:06:48.656514Z  INFO scan_sources: tailwindcss_oxide::scanner: Discovering "/home/moses/Desktop/Community_Hub/client/src/lib"
2026-03-14T23:06:48.656551Z  INFO scan_sources: tailwindcss_oxide::scanner: Discovering "/home/moses/Desktop/Community_Hub/client/src/lib/utils.ts"
2026-03-14T23:06:48.656567Z  INFO scan_sources: tailwindcss_oxide::scanner: Discovering "/home/moses/Desktop/Community_Hub/client/src/lib/api.ts"
2026-03-14T23:06:48.656584Z  INFO scan_sources: tailwindcss_oxide::scanner: Discovering "/home/moses/Desktop/Community_Hub/client/src/lib/queryClient.ts"
2026-03-14T23:06:48.656599Z  INFO scan_sources: tailwindcss_oxide::scanner: Discovering "/home/moses/Desktop/Community_Hub/client/src/lib/api-routes.ts"
2026-03-14T23:06:48.656614Z  INFO scan_sources: tailwindcss_oxide::scanner: Discovering "/home/moses/Desktop/Community_Hub/client/src/lib/api-config.ts"
2026-03-14T23:06:48.656628Z  INFO scan_sources: tailwindcss_oxide::scanner: Discovering "/home/moses/Desktop/Community_Hub/client/src/lib/auth-utils.ts"
2026-03-14T23:06:48.656651Z  INFO scan_sources: tailwindcss_oxide::scanner: Discovering "/home/moses/Desktop/Community_Hub/client/src/hooks"
2026-03-14T23:06:48.656690Z  INFO scan_sources: tailwindcss_oxide::scanner: Discovering "/home/moses/Desktop/Community_Hub/client/src/hooks/use-websocket.ts"
2026-03-14T23:06:48.656704Z  INFO scan_sources: tailwindcss_oxide::scanner: Discovering "/home/moses/Desktop/Community_Hub/client/src/hooks/use-sermons.ts"
2026-03-14T23:06:48.656719Z  INFO scan_sources: tailwindcss_oxide::scanner: Discovering "/home/moses/Desktop/Community_Hub/client/src/hooks/use-celebrations.ts"
2026-03-14T23:06:48.656734Z  INFO scan_sources: tailwindcss_oxide::scanner: Discovering "/home/moses/Desktop/Community_Hub/client/src/hooks/use-branding.ts"
2026-03-14T23:06:48.656749Z  INFO scan_sources: tailwindcss_oxide::scanner: Discovering "/home/moses/Desktop/Community_Hub/client/src/hooks/use-upload.ts"
2026-03-14T23:06:48.656776Z  INFO scan_sources: tailwindcss_oxide::scanner: Discovering "/home/moses/Desktop/Community_Hub/client/src/hooks/use-language.tsx"
2026-03-14T23:06:48.656794Z  INFO scan_sources: tailwindcss_oxide::scanner: Discovering "/home/moses/Desktop/Community_Hub/client/src/hooks/use-auth.ts"
2026-03-14T23:06:48.656811Z  INFO scan_sources: tailwindcss_oxide::scanner: Discovering "/home/moses/Desktop/Community_Hub/client/src/hooks/use-prayer.ts"
2026-03-14T23:06:48.656827Z  INFO scan_sources: tailwindcss_oxide::scanner: Discovering "/home/moses/Desktop/Community_Hub/client/src/hooks/use-events.ts"
2026-03-14T23:06:48.656844Z  INFO scan_sources: tailwindcss_oxide::scanner: Discovering "/home/moses/Desktop/Community_Hub/client/src/hooks/use-mobile.tsx"
2026-03-14T23:06:48.656861Z  INFO scan_sources: tailwindcss_oxide::scanner: Discovering "/home/moses/Desktop/Community_Hub/client/src/hooks/use-toast.ts"
2026-03-14T23:06:48.656877Z  INFO scan_sources: tailwindcss_oxide::scanner: Discovering "/home/moses/Desktop/Community_Hub/client/src/hooks/use-attendance.ts"
2026-03-14T23:06:48.656896Z  INFO scan_sources: tailwindcss_oxide::scanner: Discovering "/home/moses/Desktop/Community_Hub/client/src/hooks/use-messages.ts"
2026-03-14T23:06:48.656913Z  INFO scan_sources: tailwindcss_oxide::scanner: Discovering "/home/moses/Desktop/Community_Hub/client/src/hooks/use-donations.ts"
2026-03-14T23:06:48.656931Z  INFO scan_sources: tailwindcss_oxide::scanner: Discovering "/home/moses/Desktop/Community_Hub/client/src/hooks/use-permissions.ts"
2026-03-14T23:06:48.656956Z  INFO scan_sources: tailwindcss_oxide::scanner: Discovering "/home/moses/Desktop/Community_Hub/client/src/components"
2026-03-14T23:06:48.656999Z  INFO scan_sources: tailwindcss_oxide::scanner: Discovering "/home/moses/Desktop/Community_Hub/client/src/components/PushNotificationSettings.tsx"
2026-03-14T23:06:48.657017Z  INFO scan_sources: tailwindcss_oxide::scanner: Discovering "/home/moses/Desktop/Community_Hub/client/src/components/EventCard.tsx"
2026-03-14T23:06:48.657039Z  INFO scan_sources: tailwindcss_oxide::scanner: Discovering "/home/moses/Desktop/Community_Hub/client/src/components/Layout.tsx"
2026-03-14T23:06:48.657060Z  INFO scan_sources: tailwindcss_oxide::scanner: Discovering "/home/moses/Desktop/Community_Hub/client/src/components/ui"
2026-03-14T23:06:48.657123Z  INFO scan_sources: tailwindcss_oxide::scanner: Discovering "/home/moses/Desktop/Community_Hub/client/src/components/ui/select.tsx"
2026-03-14T23:06:48.657141Z  INFO scan_sources: tailwindcss_oxide::scanner: Discovering "/home/moses/Desktop/Community_Hub/client/src/components/ui/slider.tsx"
2026-03-14T23:06:48.657158Z  INFO scan_sources: tailwindcss_oxide::scanner: Discovering "/home/moses/Desktop/Community_Hub/client/src/components/ui/radio-group.tsx"
2026-03-14T23:06:48.657179Z  INFO scan_sources: tailwindcss_oxide::scanner: Discovering "/home/moses/Desktop/Community_Hub/client/src/components/ui/dropdown-menu.tsx"
2026-03-14T23:06:48.657196Z  INFO scan_sources: tailwindcss_oxide::scanner: Discovering "/home/moses/Desktop/Community_Hub/client/src/components/ui/carousel.tsx"
2026-03-14T23:06:48.657226Z  INFO scan_sources: tailwindcss_oxide::scanner: Discovering "/home/moses/Desktop/Community_Hub/client/src/components/ui/badge.tsx"
2026-03-14T23:06:48.657247Z  INFO scan_sources: tailwindcss_oxide::scanner: Discovering "/home/moses/Desktop/Community_Hub/client/src/components/ui/context-menu.tsx"
2026-03-14T23:06:48.657264Z  INFO scan_sources: tailwindcss_oxide::scanner: Discovering "/home/moses/Desktop/Community_Hub/client/src/components/ui/alert.tsx"
2026-03-14T23:06:48.657282Z  INFO scan_sources: tailwindcss_oxide::scanner: Discovering "/home/moses/Desktop/Community_Hub/client/src/components/ui/dialog.tsx"
2026-03-14T23:06:48.657299Z  INFO scan_sources: tailwindcss_oxide::scanner: Discovering "/home/moses/Desktop/Community_Hub/client/src/components/ui/hover-card.tsx"
2026-03-14T23:06:48.657317Z  INFO scan_sources: tailwindcss_oxide::scanner: Discovering "/home/moses/Desktop/Community_Hub/client/src/components/ui/avatar.tsx"
2026-03-14T23:06:48.657333Z  INFO scan_sources: tailwindcss_oxide::scanner: Discovering "/home/moses/Desktop/Community_Hub/client/src/components/ui/accordion.tsx"
2026-03-14T23:06:48.657351Z  INFO scan_sources: tailwindcss_oxide::scanner: Discovering "/home/moses/Desktop/Community_Hub/client/src/components/ui/sidebar.tsx"
2026-03-14T23:06:48.657369Z  INFO scan_sources: tailwindcss_oxide::scanner: Discovering "/home/moses/Desktop/Community_Hub/client/src/components/ui/pagination.tsx"
2026-03-14T23:06:48.657387Z  INFO scan_sources: tailwindcss_oxide::scanner: Discovering "/home/moses/Desktop/Community_Hub/client/src/components/ui/button.tsx"
2026-03-14T23:06:48.657405Z  INFO scan_sources: tailwindcss_oxide::scanner: Discovering "/home/moses/Desktop/Community_Hub/client/src/components/ui/toggle.tsx"
2026-03-14T23:06:48.657423Z  INFO scan_sources: tailwindcss_oxide::scanner: Discovering "/home/moses/Desktop/Community_Hub/client/src/components/ui/label.tsx"
2026-03-14T23:06:48.657440Z  INFO scan_sources: tailwindcss_oxide::scanner: Discovering "/home/moses/Desktop/Community_Hub/client/src/components/ui/sheet.tsx"
2026-03-14T23:06:48.657458Z  INFO scan_sources: tailwindcss_oxide::scanner: Discovering "/home/moses/Desktop/Community_Hub/client/src/components/ui/collapsible.tsx"
2026-03-14T23:06:48.657476Z  INFO scan_sources: tailwindcss_oxide::scanner: Discovering "/home/moses/Desktop/Community_Hub/client/src/components/ui/tooltip.tsx"
2026-03-14T23:06:48.657493Z  INFO scan_sources: tailwindcss_oxide::scanner: Discovering "/home/moses/Desktop/Community_Hub/client/src/components/ui/form.tsx"
2026-03-14T23:06:48.657511Z  INFO scan_sources: tailwindcss_oxide::scanner: Discovering "/home/moses/Desktop/Community_Hub/client/src/components/ui/calendar.tsx"
2026-03-14T23:06:48.657528Z  INFO scan_sources: tailwindcss_oxide::scanner: Discovering "/home/moses/Desktop/Community_Hub/client/src/components/ui/menubar.tsx"
2026-03-14T23:06:48.657546Z  INFO scan_sources: tailwindcss_oxide::scanner: Discovering "/home/moses/Desktop/Community_Hub/client/src/components/ui/table.tsx"
2026-03-14T23:06:48.657567Z  INFO scan_sources: tailwindcss_oxide::scanner: Discovering "/home/moses/Desktop/Community_Hub/client/src/components/ui/alert-dialog.tsx"
2026-03-14T23:06:48.657585Z  INFO scan_sources: tailwindcss_oxide::scanner: Discovering "/home/moses/Desktop/Community_Hub/client/src/components/ui/aspect-ratio.tsx"
2026-03-14T23:06:48.657603Z  INFO scan_sources: tailwindcss_oxide::scanner: Discovering "/home/moses/Desktop/Community_Hub/client/src/components/ui/toast.tsx"
2026-03-14T23:06:48.657620Z  INFO scan_sources: tailwindcss_oxide::scanner: Discovering "/home/moses/Desktop/Community_Hub/client/src/components/ui/toaster.tsx"
2026-03-14T23:06:48.657637Z  INFO scan_sources: tailwindcss_oxide::scanner: Discovering "/home/moses/Desktop/Community_Hub/client/src/components/ui/input.tsx"
2026-03-14T23:06:48.657654Z  INFO scan_sources: tailwindcss_oxide::scanner: Discovering "/home/moses/Desktop/Community_Hub/client/src/components/ui/tabs.tsx"
2026-03-14T23:06:48.657671Z  INFO scan_sources: tailwindcss_oxide::scanner: Discovering "/home/moses/Desktop/Community_Hub/client/src/components/ui/command.tsx"
2026-03-14T23:06:48.657691Z  INFO scan_sources: tailwindcss_oxide::scanner: Discovering "/home/moses/Desktop/Community_Hub/client/src/components/ui/popover.tsx"
2026-03-14T23:06:48.657708Z  INFO scan_sources: tailwindcss_oxide::scanner: Discovering "/home/moses/Desktop/Community_Hub/client/src/components/ui/animations.tsx"
2026-03-14T23:06:48.657724Z  INFO scan_sources: tailwindcss_oxide::scanner: Discovering "/home/moses/Desktop/Community_Hub/client/src/components/ui/toggle-group.tsx"
2026-03-14T23:06:48.657742Z  INFO scan_sources: tailwindcss_oxide::scanner: Discovering "/home/moses/Desktop/Community_Hub/client/src/components/ui/use-toast.ts"
2026-03-14T23:06:48.657761Z  INFO scan_sources: tailwindcss_oxide::scanner: Discovering "/home/moses/Desktop/Community_Hub/client/src/components/ui/breadcrumb.tsx"
2026-03-14T23:06:48.657779Z  INFO scan_sources: tailwindcss_oxide::scanner: Discovering "/home/moses/Desktop/Community_Hub/client/src/components/ui/skeleton.tsx"
2026-03-14T23:06:48.657800Z  INFO scan_sources: tailwindcss_oxide::scanner: Discovering "/home/moses/Desktop/Community_Hub/client/src/components/ui/resizable.tsx"
2026-03-14T23:06:48.657819Z  INFO scan_sources: tailwindcss_oxide::scanner: Discovering "/home/moses/Desktop/Community_Hub/client/src/components/ui/navigation-menu.tsx"
2026-03-14T23:06:48.657836Z  INFO scan_sources: tailwindcss_oxide::scanner: Discovering "/home/moses/Desktop/Community_Hub/client/src/components/ui/textarea.tsx"
2026-03-14T23:06:48.657854Z  INFO scan_sources: tailwindcss_oxide::scanner: Discovering "/home/moses/Desktop/Community_Hub/client/src/components/ui/separator.tsx"
2026-03-14T23:06:48.657871Z  INFO scan_sources: tailwindcss_oxide::scanner: Discovering "/home/moses/Desktop/Community_Hub/client/src/components/ui/input-otp.tsx"
2026-03-14T23:06:48.657889Z  INFO scan_sources: tailwindcss_oxide::scanner: Discovering "/home/moses/Desktop/Community_Hub/client/src/components/ui/drawer.tsx"
2026-03-14T23:06:48.657927Z  INFO scan_sources: tailwindcss_oxide::scanner: Discovering "/home/moses/Desktop/Community_Hub/client/src/components/ui/chart.tsx"
2026-03-14T23:06:48.657944Z  INFO scan_sources: tailwindcss_oxide::scanner: Discovering "/home/moses/Desktop/Community_Hub/client/src/components/ui/checkbox.tsx"
2026-03-14T23:06:48.657963Z  INFO scan_sources: tailwindcss_oxide::scanner: Discovering "/home/moses/Desktop/Community_Hub/client/src/components/ui/switch.tsx"
2026-03-14T23:06:48.657980Z  INFO scan_sources: tailwindcss_oxide::scanner: Discovering "/home/moses/Desktop/Community_Hub/client/src/components/ui/card.tsx"
2026-03-14T23:06:48.657998Z  INFO scan_sources: tailwindcss_oxide::scanner: Discovering "/home/moses/Desktop/Community_Hub/client/src/components/ui/scroll-area.tsx"
2026-03-14T23:06:48.658018Z  INFO scan_sources: tailwindcss_oxide::scanner: Discovering "/home/moses/Desktop/Community_Hub/client/src/components/ui/progress.tsx"
2026-03-14T23:06:48.658052Z  INFO scan_sources: tailwindcss_oxide::scanner: Discovering "/home/moses/Desktop/Community_Hub/client/src/components/Footer.tsx"
2026-03-14T23:06:48.658070Z  INFO scan_sources: tailwindcss_oxide::scanner: Discovering "/home/moses/Desktop/Community_Hub/client/src/components/LocationMap.tsx"
2026-03-14T23:06:48.658089Z  INFO scan_sources: tailwindcss_oxide::scanner: Discovering "/home/moses/Desktop/Community_Hub/client/src/components/ObjectUploader.tsx"
2026-03-14T23:06:48.658107Z  INFO scan_sources: tailwindcss_oxide::scanner: Discovering "/home/moses/Desktop/Community_Hub/client/src/components/LanguageSelector.tsx"
2026-03-14T23:06:48.658125Z  INFO scan_sources: tailwindcss_oxide::scanner: Discovering "/home/moses/Desktop/Community_Hub/client/src/components/PrayerCard.tsx"
2026-03-14T23:06:48.658143Z  INFO scan_sources: tailwindcss_oxide::scanner: Discovering "/home/moses/Desktop/Community_Hub/client/src/components/AppInstallBanner.tsx"
2026-03-14T23:06:48.658161Z  INFO scan_sources: tailwindcss_oxide::scanner: Discovering "/home/moses/Desktop/Community_Hub/client/src/components/CreatePrayerDialog.tsx"
2026-03-14T23:06:48.658179Z  INFO scan_sources: tailwindcss_oxide::scanner: Discovering "/home/moses/Desktop/Community_Hub/client/src/components/SermonCard.tsx"
2026-03-14T23:06:48.658197Z  INFO scan_sources: tailwindcss_oxide::scanner: Discovering "/home/moses/Desktop/Community_Hub/client/src/components/Navbar.tsx"
2026-03-14T23:06:48.659095Z  INFO scan_sources: tailwindcss_oxide::scanner: Discovering "/home/moses/Desktop/Community_Hub/client/vite.config.ts"
2026-03-14T23:06:48.659318Z  INFO scan_sources: tailwindcss_oxide::scanner: Discovering "/home/moses/Desktop/Community_Hub/client/client"
2026-03-14T23:06:48.659518Z  INFO scan_sources: tailwindcss_oxide::scanner: Discovering "/home/moses/Desktop/Community_Hub/client/index.html"
2026-03-14T23:06:48.659536Z  INFO scan_sources: tailwindcss_oxide::scanner: Discovering "/home/moses/Desktop/Community_Hub/client/components.json"
2026-03-14T23:06:48.659652Z  INFO scan_sources: tailwindcss_oxide::scanner: Discovering "/home/moses/Desktop/Community_Hub/client/package.json"
2026-03-14T23:06:48.659768Z  INFO scan_sources: tailwindcss_oxide::scanner: exit
2026-03-14T23:06:48.659783Z  INFO extract_candidates: tailwindcss_oxide::scanner: enter
2026-03-14T23:06:48.659895Z  INFO extract_candidates:read_all_files: tailwindcss_oxide::scanner: enter
2026-03-14T23:06:48.659909Z  INFO extract_candidates:read_all_files: tailwindcss_oxide::scanner: Reading 130 file(s)
2026-03-14T23:06:48.661615Z  INFO tailwindcss_oxide::scanner: Reading "/home/moses/Desktop/Community_Hub/client/public/robots.txt"
2026-03-14T23:06:48.661759Z  INFO tailwindcss_oxide::scanner: Reading "/home/moses/Desktop/Community_Hub/client/src/components/PushNotificationSettings.tsx"
2026-03-14T23:06:48.662248Z  INFO tailwindcss_oxide::scanner: Reading "/home/moses/Desktop/Community_Hub/client/src/lib/api-config.ts"
2026-03-14T23:06:48.662350Z  INFO tailwindcss_oxide::scanner: Reading "/home/moses/Desktop/Community_Hub/client/src/lib/auth-utils.ts"
2026-03-14T23:06:48.662443Z  INFO tailwindcss_oxide::scanner: Reading "/home/moses/Desktop/Community_Hub/client/src/hooks/use-websocket.ts"
2026-03-14T23:06:48.662353Z  INFO tailwindcss_oxide::scanner: Reading "/home/moses/Desktop/Community_Hub/client/tsconfig.app.json"
2026-03-14T23:06:48.662538Z  INFO tailwindcss_oxide::scanner: Reading "/home/moses/Desktop/Community_Hub/client/src/hooks/use-sermons.ts"
2026-03-14T23:06:48.662664Z  INFO tailwindcss_oxide::scanner: Reading "/home/moses/Desktop/Community_Hub/client/tsconfig.json"
2026-03-14T23:06:48.662730Z  INFO tailwindcss_oxide::scanner: Reading "/home/moses/Desktop/Community_Hub/client/src/hooks/use-celebrations.ts"
2026-03-14T23:06:48.662762Z  INFO tailwindcss_oxide::scanner: Reading "/home/moses/Desktop/Community_Hub/client/src/components/EventCard.tsx"
2026-03-14T23:06:48.662946Z  INFO tailwindcss_oxide::scanner: Reading "/home/moses/Desktop/Community_Hub/client/src/main.tsx"
2026-03-14T23:06:48.662976Z  INFO tailwindcss_oxide::scanner: Reading "/home/moses/Desktop/Community_Hub/client/src/hooks/use-branding.ts"
2026-03-14T23:06:48.663099Z  INFO tailwindcss_oxide::scanner: Reading "/home/moses/Desktop/Community_Hub/client/src/components/Layout.tsx"
2026-03-14T23:06:48.663160Z  INFO tailwindcss_oxide::scanner: Reading "/home/moses/Desktop/Community_Hub/client/src/hooks/use-upload.ts"
2026-03-14T23:06:48.663240Z  INFO tailwindcss_oxide::scanner: Reading "/home/moses/Desktop/Community_Hub/client/src/components/ui/select.tsx"
2026-03-14T23:06:48.663000Z  INFO tailwindcss_oxide::scanner: Reading "/home/moses/Desktop/Community_Hub/client/src/pages/SermonDetailPage.tsx"
2026-03-14T23:06:48.663359Z  INFO tailwindcss_oxide::scanner: Reading "/home/moses/Desktop/Community_Hub/client/src/hooks/use-language.tsx"
2026-03-14T23:06:48.663432Z  INFO tailwindcss_oxide::scanner: Reading "/home/moses/Desktop/Community_Hub/client/src/components/ui/slider.tsx"
2026-03-14T23:06:48.663473Z  INFO tailwindcss_oxide::scanner: Reading "/home/moses/Desktop/Community_Hub/client/src/pages/QRScannerPage.tsx"
2026-03-14T23:06:48.663625Z  INFO tailwindcss_oxide::scanner: Reading "/home/moses/Desktop/Community_Hub/client/src/hooks/use-auth.ts"
2026-03-14T23:06:48.663640Z  INFO tailwindcss_oxide::scanner: Reading "/home/moses/Desktop/Community_Hub/client/src/pages/SocialFeedPage.tsx"
2026-03-14T23:06:48.663879Z  INFO tailwindcss_oxide::scanner: Reading "/home/moses/Desktop/Community_Hub/client/src/pages/AdminDashboardPage.tsx"
2026-03-14T23:06:48.664000Z  INFO tailwindcss_oxide::scanner: Reading "/home/moses/Desktop/Community_Hub/client/src/components/ui/radio-group.tsx"
2026-03-14T23:06:48.664051Z  INFO tailwindcss_oxide::scanner: Reading "/home/moses/Desktop/Community_Hub/client/src/pages/MembersPage.tsx"
2026-03-14T23:06:48.664052Z  INFO tailwindcss_oxide::scanner: Reading "/home/moses/Desktop/Community_Hub/client/src/pages/EventDetailPage.tsx"
2026-03-14T23:06:48.664089Z  INFO tailwindcss_oxide::scanner: Reading "/home/moses/Desktop/Community_Hub/client/src/hooks/use-prayer.ts"
2026-03-14T23:06:48.664124Z  INFO tailwindcss_oxide::scanner: Reading "/home/moses/Desktop/Community_Hub/client/src/components/ui/dropdown-menu.tsx"
2026-03-14T23:06:48.664208Z  INFO tailwindcss_oxide::scanner: Reading "/home/moses/Desktop/Community_Hub/client/src/pages/HomePage.tsx"
2026-03-14T23:06:48.664239Z  INFO tailwindcss_oxide::scanner: Reading "/home/moses/Desktop/Community_Hub/client/src/components/ui/carousel.tsx"
2026-03-14T23:06:48.664274Z  INFO tailwindcss_oxide::scanner: Reading "/home/moses/Desktop/Community_Hub/client/src/hooks/use-events.ts"
2026-03-14T23:06:48.664302Z  INFO tailwindcss_oxide::scanner: Reading "/home/moses/Desktop/Community_Hub/client/src/pages/AttendanceHistoryPage.tsx"
2026-03-14T23:06:48.664361Z  INFO tailwindcss_oxide::scanner: Reading "/home/moses/Desktop/Community_Hub/client/src/hooks/use-mobile.tsx"
2026-03-14T23:06:48.664384Z  INFO tailwindcss_oxide::scanner: Reading "/home/moses/Desktop/Community_Hub/client/src/components/ui/badge.tsx"
2026-03-14T23:06:48.664432Z  INFO tailwindcss_oxide::scanner: Reading "/home/moses/Desktop/Community_Hub/client/src/pages/VolunteerPage.tsx"
2026-03-14T23:06:48.664453Z  INFO tailwindcss_oxide::scanner: Reading "/home/moses/Desktop/Community_Hub/client/src/pages/BiblePage.tsx"
2026-03-14T23:06:48.664501Z  INFO tailwindcss_oxide::scanner: Reading "/home/moses/Desktop/Community_Hub/client/src/hooks/use-toast.ts"
2026-03-14T23:06:48.664525Z  INFO tailwindcss_oxide::scanner: Reading "/home/moses/Desktop/Community_Hub/client/src/components/ui/context-menu.tsx"
2026-03-14T23:06:48.664550Z  INFO tailwindcss_oxide::scanner: Reading "/home/moses/Desktop/Community_Hub/client/src/pages/AdminLiveStreamPage.tsx"
2026-03-14T23:06:48.664590Z  INFO tailwindcss_oxide::scanner: Reading "/home/moses/Desktop/Community_Hub/client/src/pages/SuperAdminPage.tsx"
2026-03-14T23:06:48.664630Z  INFO tailwindcss_oxide::scanner: Reading "/home/moses/Desktop/Community_Hub/client/src/hooks/use-attendance.ts"
2026-03-14T23:06:48.664655Z  INFO tailwindcss_oxide::scanner: Reading "/home/moses/Desktop/Community_Hub/client/src/components/ui/alert.tsx"
2026-03-14T23:06:48.664710Z  INFO tailwindcss_oxide::scanner: Reading "/home/moses/Desktop/Community_Hub/client/src/pages/AbsentMembersPage.tsx"
2026-03-14T23:06:48.664718Z  INFO tailwindcss_oxide::scanner: Reading "/home/moses/Desktop/Community_Hub/client/src/pages/MusicPage.tsx"
2026-03-14T23:06:48.664765Z  INFO tailwindcss_oxide::scanner: Reading "/home/moses/Desktop/Community_Hub/client/src/hooks/use-messages.ts"
2026-03-14T23:06:48.664787Z  INFO tailwindcss_oxide::scanner: Reading "/home/moses/Desktop/Community_Hub/client/src/components/ui/dialog.tsx"
2026-03-14T23:06:48.664851Z  INFO tailwindcss_oxide::scanner: Reading "/home/moses/Desktop/Community_Hub/client/src/pages/PrivacyPage.tsx"
2026-03-14T23:06:48.664880Z  INFO tailwindcss_oxide::scanner: Reading "/home/moses/Desktop/Community_Hub/client/src/hooks/use-donations.ts"
2026-03-14T23:06:48.664904Z  INFO tailwindcss_oxide::scanner: Reading "/home/moses/Desktop/Community_Hub/client/src/components/ui/hover-card.tsx"
2026-03-14T23:06:48.664983Z  INFO tailwindcss_oxide::scanner: Reading "/home/moses/Desktop/Community_Hub/client/src/pages/DashboardPage.tsx"
2026-03-14T23:06:48.664986Z  INFO tailwindcss_oxide::scanner: Reading "/home/moses/Desktop/Community_Hub/client/src/types/api.ts"
2026-03-14T23:06:48.664998Z  INFO tailwindcss_oxide::scanner: Reading "/home/moses/Desktop/Community_Hub/client/src/hooks/use-permissions.ts"
2026-03-14T23:06:48.665033Z  INFO tailwindcss_oxide::scanner: Reading "/home/moses/Desktop/Community_Hub/client/src/App.tsx"
2026-03-14T23:06:48.665062Z  INFO tailwindcss_oxide::scanner: Reading "/home/moses/Desktop/Community_Hub/client/src/components/ui/avatar.tsx"
2026-03-14T23:06:48.665086Z  INFO tailwindcss_oxide::scanner: Reading "/home/moses/Desktop/Community_Hub/client/src/lib/utils.ts"
2026-03-14T23:06:48.665146Z  INFO tailwindcss_oxide::scanner: Reading "/home/moses/Desktop/Community_Hub/client/src/pages/verifyEmail.tsx"
2026-03-14T23:06:48.665178Z  INFO tailwindcss_oxide::scanner: Reading "/home/moses/Desktop/Community_Hub/client/src/components/ui/accordion.tsx"
2026-03-14T23:06:48.665271Z  INFO tailwindcss_oxide::scanner: Reading "/home/moses/Desktop/Community_Hub/client/src/vite-env.d.ts"
2026-03-14T23:06:48.665275Z  INFO tailwindcss_oxide::scanner: Reading "/home/moses/Desktop/Community_Hub/client/src/pages/CelebrationsPage.tsx"
2026-03-14T23:06:48.665334Z  INFO tailwindcss_oxide::scanner: Reading "/home/moses/Desktop/Community_Hub/client/src/lib/api.ts"
2026-03-14T23:06:48.665369Z  INFO tailwindcss_oxide::scanner: Reading "/home/moses/Desktop/Community_Hub/client/src/components/ui/sidebar.tsx"
2026-03-14T23:06:48.665408Z  INFO tailwindcss_oxide::scanner: Reading "/home/moses/Desktop/Community_Hub/client/src/pages/LiveStreamPage.tsx"
2026-03-14T23:06:48.665422Z  INFO tailwindcss_oxide::scanner: Reading "/home/moses/Desktop/Community_Hub/client/src/components/ui/tabs.tsx"
2026-03-14T23:06:48.665451Z  INFO tailwindcss_oxide::scanner: Reading "/home/moses/Desktop/Community_Hub/client/src/lib/queryClient.ts"
2026-03-14T23:06:48.665494Z  INFO tailwindcss_oxide::scanner: Reading "/home/moses/Desktop/Community_Hub/client/src/components/ui/pagination.tsx"
2026-03-14T23:06:48.665550Z  INFO tailwindcss_oxide::scanner: Reading "/home/moses/Desktop/Community_Hub/client/src/components/ui/command.tsx"
2026-03-14T23:06:48.665553Z  INFO tailwindcss_oxide::scanner: Reading "/home/moses/Desktop/Community_Hub/client/src/lib/api-routes.ts"
2026-03-14T23:06:48.665618Z  INFO tailwindcss_oxide::scanner: Reading "/home/moses/Desktop/Community_Hub/client/src/pages/DiscipleshipPage.tsx"
2026-03-14T23:06:48.665604Z  INFO tailwindcss_oxide::scanner: Reading "/home/moses/Desktop/Community_Hub/client/src/components/ui/button.tsx"
2026-03-14T23:06:48.665672Z  INFO tailwindcss_oxide::scanner: Reading "/home/moses/Desktop/Community_Hub/client/src/components/ui/popover.tsx"
2026-03-14T23:06:48.665736Z  INFO tailwindcss_oxide::scanner: Reading "/home/moses/Desktop/Community_Hub/client/src/pages/not-found.tsx"
2026-03-14T23:06:48.665770Z  INFO tailwindcss_oxide::scanner: Reading "/home/moses/Desktop/Community_Hub/client/src/components/ui/toggle.tsx"
2026-03-14T23:06:48.665784Z  INFO tailwindcss_oxide::scanner: Reading "/home/moses/Desktop/Community_Hub/client/src/components/ui/animations.tsx"
2026-03-14T23:06:48.665799Z  INFO tailwindcss_oxide::scanner: Reading "/home/moses/Desktop/Community_Hub/client/src/pages/GivePage.tsx"
2026-03-14T23:06:48.665844Z  INFO tailwindcss_oxide::scanner: Reading "/home/moses/Desktop/Community_Hub/client/src/pages/auth/callback.tsx"
2026-03-14T23:06:48.665905Z  INFO tailwindcss_oxide::scanner: Reading "/home/moses/Desktop/Community_Hub/client/src/components/ui/label.tsx"
2026-03-14T23:06:48.665930Z  INFO tailwindcss_oxide::scanner: Reading "/home/moses/Desktop/Community_Hub/client/src/components/ui/switch.tsx"
2026-03-14T23:06:48.665977Z  INFO tailwindcss_oxide::scanner: Reading "/home/moses/Desktop/Community_Hub/client/src/components/ui/toggle-group.tsx"
2026-03-14T23:06:48.666014Z  INFO tailwindcss_oxide::scanner: Reading "/home/moses/Desktop/Community_Hub/client/src/components/ui/sheet.tsx"
2026-03-14T23:06:48.666044Z  INFO tailwindcss_oxide::scanner: Reading "/home/moses/Desktop/Community_Hub/client/src/components/ui/card.tsx"
2026-03-14T23:06:48.666072Z  INFO tailwindcss_oxide::scanner: Reading "/home/moses/Desktop/Community_Hub/client/src/pages/GroupsPage.tsx"
2026-03-14T23:06:48.666124Z  INFO tailwindcss_oxide::scanner: Reading "/home/moses/Desktop/Community_Hub/client/src/components/ui/use-toast.ts"
2026-03-14T23:06:48.666128Z  INFO tailwindcss_oxide::scanner: Reading "/home/moses/Desktop/Community_Hub/client/src/components/ui/collapsible.tsx"
2026-03-14T23:06:48.666188Z  INFO tailwindcss_oxide::scanner: Reading "/home/moses/Desktop/Community_Hub/client/src/components/ui/scroll-area.tsx"
2026-03-14T23:06:48.666209Z  INFO tailwindcss_oxide::scanner: Reading "/home/moses/Desktop/Community_Hub/client/src/pages/CheckinPage.tsx"
2026-03-14T23:06:48.666248Z  INFO tailwindcss_oxide::scanner: Reading "/home/moses/Desktop/Community_Hub/client/src/components/ui/breadcrumb.tsx"
2026-03-14T23:06:48.666291Z  INFO tailwindcss_oxide::scanner: Reading "/home/moses/Desktop/Community_Hub/client/src/components/ui/progress.tsx"
2026-03-14T23:06:48.666317Z  INFO tailwindcss_oxide::scanner: Reading "/home/moses/Desktop/Community_Hub/client/src/components/ui/tooltip.tsx"
2026-03-14T23:06:48.666360Z  INFO tailwindcss_oxide::scanner: Reading "/home/moses/Desktop/Community_Hub/client/src/components/ui/skeleton.tsx"
2026-03-14T23:06:48.666372Z  INFO tailwindcss_oxide::scanner: Reading "/home/moses/Desktop/Community_Hub/client/src/pages/AnalyticsPage.tsx"
2026-03-14T23:06:48.666424Z  INFO tailwindcss_oxide::scanner: Reading "/home/moses/Desktop/Community_Hub/client/src/components/ui/form.tsx"
2026-03-14T23:06:48.666444Z  INFO tailwindcss_oxide::scanner: Reading "/home/moses/Desktop/Community_Hub/client/src/components/Footer.tsx"
2026-03-14T23:06:48.666491Z  INFO tailwindcss_oxide::scanner: Reading "/home/moses/Desktop/Community_Hub/client/src/components/ui/resizable.tsx"
2026-03-14T23:06:48.666492Z  INFO tailwindcss_oxide::scanner: Reading "/home/moses/Desktop/Community_Hub/client/src/pages/logout.tsx"
2026-03-14T23:06:48.666525Z  INFO tailwindcss_oxide::scanner: Reading "/home/moses/Desktop/Community_Hub/client/src/components/ui/calendar.tsx"
2026-03-14T23:06:48.666573Z  INFO tailwindcss_oxide::scanner: Reading "/home/moses/Desktop/Community_Hub/client/src/components/LocationMap.tsx"
2026-03-14T23:06:48.666605Z  INFO tailwindcss_oxide::scanner: Reading "/home/moses/Desktop/Community_Hub/client/src/pages/PrayerPage.tsx"
2026-03-14T23:06:48.666604Z  INFO tailwindcss_oxide::scanner: Reading "/home/moses/Desktop/Community_Hub/client/src/components/ui/navigation-menu.tsx"
2026-03-14T23:06:48.666672Z  INFO tailwindcss_oxide::scanner: Reading "/home/moses/Desktop/Community_Hub/client/src/components/ObjectUploader.tsx"
2026-03-14T23:06:48.666699Z  INFO tailwindcss_oxide::scanner: Reading "/home/moses/Desktop/Community_Hub/client/src/components/ui/menubar.tsx"
2026-03-14T23:06:48.666724Z  INFO tailwindcss_oxide::scanner: Reading "/home/moses/Desktop/Community_Hub/client/src/components/ui/textarea.tsx"
2026-03-14T23:06:48.666738Z  INFO tailwindcss_oxide::scanner: Reading "/home/moses/Desktop/Community_Hub/client/src/pages/MessagesPage.tsx"
2026-03-14T23:06:48.666778Z  INFO tailwindcss_oxide::scanner: Reading "/home/moses/Desktop/Community_Hub/client/src/components/LanguageSelector.tsx"
2026-03-14T23:06:48.666813Z  INFO tailwindcss_oxide::scanner: Reading "/home/moses/Desktop/Community_Hub/client/src/components/ui/table.tsx"
2026-03-14T23:06:48.666832Z  INFO tailwindcss_oxide::scanner: Reading "/home/moses/Desktop/Community_Hub/client/src/components/ui/separator.tsx"
2026-03-14T23:06:48.666858Z  INFO tailwindcss_oxide::scanner: Reading "/home/moses/Desktop/Community_Hub/client/src/pages/login.tsx"
2026-03-14T23:06:48.666890Z  INFO tailwindcss_oxide::scanner: Reading "/home/moses/Desktop/Community_Hub/client/src/components/PrayerCard.tsx"
2026-03-14T23:06:48.666923Z  INFO tailwindcss_oxide::scanner: Reading "/home/moses/Desktop/Community_Hub/client/src/components/ui/alert-dialog.tsx"
2026-03-14T23:06:48.666934Z  INFO tailwindcss_oxide::scanner: Reading "/home/moses/Desktop/Community_Hub/client/src/components/ui/input-otp.tsx"
2026-03-14T23:06:48.666962Z  INFO tailwindcss_oxide::scanner: Reading "/home/moses/Desktop/Community_Hub/client/src/pages/HouseCellsPage.tsx"
2026-03-14T23:06:48.667013Z  INFO tailwindcss_oxide::scanner: Reading "/home/moses/Desktop/Community_Hub/client/src/components/AppInstallBanner.tsx"
2026-03-14T23:06:48.667018Z  INFO tailwindcss_oxide::scanner: Reading "/home/moses/Desktop/Community_Hub/client/src/components/ui/drawer.tsx"
2026-03-14T23:06:48.667037Z  INFO tailwindcss_oxide::scanner: Reading "/home/moses/Desktop/Community_Hub/client/src/components/ui/aspect-ratio.tsx"
2026-03-14T23:06:48.667125Z  INFO tailwindcss_oxide::scanner: Reading "/home/moses/Desktop/Community_Hub/client/src/pages/SermonClipGeneratorPage.tsx"
2026-03-14T23:06:48.667180Z  INFO tailwindcss_oxide::scanner: Reading "/home/moses/Desktop/Community_Hub/client/src/components/ui/chart.tsx"
2026-03-14T23:06:48.667185Z  INFO tailwindcss_oxide::scanner: Reading "/home/moses/Desktop/Community_Hub/client/src/components/ui/toast.tsx"
2026-03-14T23:06:48.667220Z  INFO tailwindcss_oxide::scanner: Reading "/home/moses/Desktop/Community_Hub/client/src/components/CreatePrayerDialog.tsx"
2026-03-14T23:06:48.667284Z  INFO tailwindcss_oxide::scanner: Reading "/home/moses/Desktop/Community_Hub/client/src/pages/SermonsPage.tsx"
2026-03-14T23:06:48.667325Z  INFO tailwindcss_oxide::scanner: Reading "/home/moses/Desktop/Community_Hub/client/src/components/ui/toaster.tsx"
2026-03-14T23:06:48.667325Z  INFO tailwindcss_oxide::scanner: Reading "/home/moses/Desktop/Community_Hub/client/src/components/ui/checkbox.tsx"
2026-03-14T23:06:48.667343Z  INFO tailwindcss_oxide::scanner: Reading "/home/moses/Desktop/Community_Hub/client/src/components/SermonCard.tsx"
2026-03-14T23:06:48.667415Z  INFO tailwindcss_oxide::scanner: Reading "/home/moses/Desktop/Community_Hub/client/src/pages/DevotionalsPage.tsx"
2026-03-14T23:06:48.667436Z  INFO tailwindcss_oxide::scanner: Reading "/home/moses/Desktop/Community_Hub/client/src/pages/EventsPage.tsx"
2026-03-14T23:06:48.667460Z  INFO tailwindcss_oxide::scanner: Reading "/home/moses/Desktop/Community_Hub/client/src/components/ui/input.tsx"
2026-03-14T23:06:48.667479Z  INFO tailwindcss_oxide::scanner: Reading "/home/moses/Desktop/Community_Hub/client/index.html"
2026-03-14T23:06:48.667504Z  INFO tailwindcss_oxide::scanner: Reading "/home/moses/Desktop/Community_Hub/client/src/components/Navbar.tsx"
2026-03-14T23:06:48.667554Z  INFO tailwindcss_oxide::scanner: Reading "/home/moses/Desktop/Community_Hub/client/src/pages/AttendanceAnalyticsPage.tsx"
2026-03-14T23:06:48.667568Z  INFO tailwindcss_oxide::scanner: Reading "/home/moses/Desktop/Community_Hub/client/package.json"
2026-03-14T23:06:48.667585Z  INFO tailwindcss_oxide::scanner: Reading "/home/moses/Desktop/Community_Hub/client/src/pages/LanguageSettingsPage.tsx"
2026-03-14T23:06:48.667626Z  INFO tailwindcss_oxide::scanner: Reading "/home/moses/Desktop/Community_Hub/client/components.json"
2026-03-14T23:06:48.667670Z  INFO tailwindcss_oxide::scanner: Reading "/home/moses/Desktop/Community_Hub/client/vite.config.ts"
2026-03-14T23:06:48.667784Z  INFO extract_candidates:read_all_files: tailwindcss_oxide::scanner: exit
2026-03-14T23:06:48.667808Z  INFO extract_candidates:parse_all_blobs: tailwindcss_oxide::scanner: enter
2026-03-14T23:06:48.667813Z  INFO extract_candidates:parse_all_blobs:extract: tailwindcss_oxide::scanner: enter
2026-03-14T23:06:48.682594Z  INFO extract_candidates:parse_all_blobs:extract: tailwindcss_oxide::scanner: exit
2026-03-14T23:06:48.682696Z  INFO extract_candidates:parse_all_blobs: tailwindcss_oxide::scanner: exit
2026-03-14T23:06:48.682706Z  INFO extract_candidates:read_all_files: tailwindcss_oxide::scanner: enter
2026-03-14T23:06:48.682710Z  INFO extract_candidates:read_all_files: tailwindcss_oxide::scanner: Reading 1 file(s)
2026-03-14T23:06:48.682742Z  INFO extract_candidates:read_all_files: tailwindcss_oxide::scanner: Reading "/home/moses/Desktop/Community_Hub/client/src/index.css"
2026-03-14T23:06:48.682750Z  INFO extract_candidates:read_all_files: tailwindcss_oxide::scanner: exit
2026-03-14T23:06:48.682754Z  INFO extract_candidates:extract_css_variables: tailwindcss_oxide::scanner: enter
2026-03-14T23:06:48.682764Z  INFO extract_candidates:extract_css_variables:extract: tailwindcss_oxide::scanner: enter
2026-03-14T23:06:48.683022Z  INFO extract_candidates:extract_css_variables:extract: tailwindcss_oxide::scanner: exit
2026-03-14T23:06:48.683043Z  INFO extract_candidates:extract_css_variables: tailwindcss_oxide::scanner: exit
2026-03-14T23:06:48.684328Z  INFO extract_candidates: tailwindcss_oxide::scanner: exit
2026-03-14T23:06:48.687007Z  INFO get_files: tailwindcss_oxide::scanner: enter
2026-03-14T23:06:48.687025Z  INFO get_files:scan_sources: tailwindcss_oxide::scanner: enter
2026-03-14T23:06:48.687546Z  INFO get_files:scan_sources: tailwindcss_oxide::scanner: Discovering "/home/moses/Desktop/Community_Hub/client/public"
2026-03-14T23:06:48.687770Z  INFO get_files:scan_sources: tailwindcss_oxide::scanner: Discovering "/home/moses/Desktop/Community_Hub/client/src"
2026-03-14T23:06:48.687837Z  INFO get_files:scan_sources: tailwindcss_oxide::scanner: Discovering "/home/moses/Desktop/Community_Hub/client/src/pages"
2026-03-14T23:06:48.687977Z  INFO get_files:scan_sources: tailwindcss_oxide::scanner: Discovering "/home/moses/Desktop/Community_Hub/client/src/pages/auth"
2026-03-14T23:06:48.688136Z  INFO get_files:scan_sources: tailwindcss_oxide::scanner: Discovering "/home/moses/Desktop/Community_Hub/client/src/types"
2026-03-14T23:06:48.688203Z  INFO get_files:scan_sources: tailwindcss_oxide::scanner: Discovering "/home/moses/Desktop/Community_Hub/client/src/lib"
2026-03-14T23:06:48.688288Z  INFO get_files:scan_sources: tailwindcss_oxide::scanner: Discovering "/home/moses/Desktop/Community_Hub/client/src/hooks"
2026-03-14T23:06:48.688408Z  INFO get_files:scan_sources: tailwindcss_oxide::scanner: Discovering "/home/moses/Desktop/Community_Hub/client/src/components"
2026-03-14T23:06:48.688463Z  INFO get_files:scan_sources: tailwindcss_oxide::scanner: Discovering "/home/moses/Desktop/Community_Hub/client/src/components/ui"
2026-03-14T23:06:48.688858Z  INFO get_files:scan_sources: tailwindcss_oxide::scanner: Discovering "/home/moses/Desktop/Community_Hub/client/client"
2026-03-14T23:06:48.688976Z  INFO get_files:scan_sources: tailwindcss_oxide::scanner: exit
2026-03-14T23:06:48.689078Z  INFO get_files: tailwindcss_oxide::scanner: exit
2026-03-14T23:06:48.689453Z  INFO get_globs: tailwindcss_oxide::scanner: enter
2026-03-14T23:06:48.689464Z  INFO get_globs:scan_sources: tailwindcss_oxide::scanner: enter
2026-03-14T23:06:48.689932Z  INFO get_globs:scan_sources: tailwindcss_oxide::scanner: Discovering "/home/moses/Desktop/Community_Hub/client/public"
2026-03-14T23:06:48.690185Z  INFO get_globs:scan_sources: tailwindcss_oxide::scanner: Discovering "/home/moses/Desktop/Community_Hub/client/src"
2026-03-14T23:06:48.690263Z  INFO get_globs:scan_sources: tailwindcss_oxide::scanner: Discovering "/home/moses/Desktop/Community_Hub/client/src/pages"
2026-03-14T23:06:48.690426Z  INFO get_globs:scan_sources: tailwindcss_oxide::scanner: Discovering "/home/moses/Desktop/Community_Hub/client/src/pages/auth"
2026-03-14T23:06:48.690616Z  INFO get_globs:scan_sources: tailwindcss_oxide::scanner: Discovering "/home/moses/Desktop/Community_Hub/client/src/types"
2026-03-14T23:06:48.690697Z  INFO get_globs:scan_sources: tailwindcss_oxide::scanner: Discovering "/home/moses/Desktop/Community_Hub/client/src/lib"
2026-03-14T23:06:48.690791Z  INFO get_globs:scan_sources: tailwindcss_oxide::scanner: Discovering "/home/moses/Desktop/Community_Hub/client/src/hooks"
2026-03-14T23:06:48.690926Z  INFO get_globs:scan_sources: tailwindcss_oxide::scanner: Discovering "/home/moses/Desktop/Community_Hub/client/src/components"
2026-03-14T23:06:48.690990Z  INFO get_globs:scan_sources: tailwindcss_oxide::scanner: Discovering "/home/moses/Desktop/Community_Hub/client/src/components/ui"
2026-03-14T23:06:48.691394Z  INFO get_globs:scan_sources: tailwindcss_oxide::scanner: Discovering "/home/moses/Desktop/Community_Hub/client/client"
2026-03-14T23:06:48.691517Z  INFO get_globs:scan_sources: tailwindcss_oxide::scanner: exit
2026-03-14T23:06:48.692224Z  INFO get_globs: tailwindcss_oxide::scanner: exit
