2026-03-14T23:17:48.707347Z  INFO tailwindcss_oxide::scanner: Provided sources:
2026-03-14T23:17:48.707377Z  INFO tailwindcss_oxide::scanner: Source: PublicSourceEntry { base: "/home/moses/Desktop/Community_Hub/client", pattern: "**/*", negated: false }
2026-03-14T23:17:48.707571Z  INFO tailwindcss_oxide::scanner: Optimized sources:
2026-03-14T23:17:48.707574Z  INFO tailwindcss_oxide::scanner: Source: Auto { base: "/home/moses/Desktop/Community_Hub/client" }
2026-03-14T23:17:48.710159Z  INFO scan_sources: tailwindcss_oxide::scanner: enter
2026-03-14T23:17:48.710931Z  INFO scan_sources: tailwindcss_oxide::scanner: Discovering "/home/moses/Desktop/Community_Hub/client/public"
2026-03-14T23:17:48.711090Z  INFO scan_sources: tailwindcss_oxide::scanner: Discovering "/home/moses/Desktop/Community_Hub/client/public/robots.txt"
2026-03-14T23:17:48.711204Z  INFO scan_sources: tailwindcss_oxide::scanner: Discovering "/home/moses/Desktop/Community_Hub/client/tsconfig.app.json"
2026-03-14T23:17:48.711230Z  INFO scan_sources: tailwindcss_oxide::scanner: Discovering "/home/moses/Desktop/Community_Hub/client/tsconfig.json"
2026-03-14T23:17:48.711282Z  INFO scan_sources: tailwindcss_oxide::scanner: Discovering "/home/moses/Desktop/Community_Hub/client/src"
2026-03-14T23:17:48.711332Z  INFO scan_sources: tailwindcss_oxide::scanner: Discovering "/home/moses/Desktop/Community_Hub/client/src/main.tsx"
2026-03-14T23:17:48.711357Z  INFO scan_sources: tailwindcss_oxide::scanner: Discovering "/home/moses/Desktop/Community_Hub/client/src/index.css"
2026-03-14T23:17:48.711384Z  INFO scan_sources: tailwindcss_oxide::scanner: Discovering "/home/moses/Desktop/Community_Hub/client/src/pages"
2026-03-14T23:17:48.711443Z  INFO scan_sources: tailwindcss_oxide::scanner: Discovering "/home/moses/Desktop/Community_Hub/client/src/pages/QRScannerPage.tsx"
2026-03-14T23:17:48.711462Z  INFO scan_sources: tailwindcss_oxide::scanner: Discovering "/home/moses/Desktop/Community_Hub/client/src/pages/MembersPage.tsx"
2026-03-14T23:17:48.711484Z  INFO scan_sources: tailwindcss_oxide::scanner: Discovering "/home/moses/Desktop/Community_Hub/client/src/pages/AttendanceHistoryPage.tsx"
2026-03-14T23:17:48.711505Z  INFO scan_sources: tailwindcss_oxide::scanner: Discovering "/home/moses/Desktop/Community_Hub/client/src/pages/BiblePage.tsx"
2026-03-14T23:17:48.711524Z  INFO scan_sources: tailwindcss_oxide::scanner: Discovering "/home/moses/Desktop/Community_Hub/client/src/pages/SuperAdminPage.tsx"
2026-03-14T23:17:48.711544Z  INFO scan_sources: tailwindcss_oxide::scanner: Discovering "/home/moses/Desktop/Community_Hub/client/src/pages/MusicPage.tsx"
2026-03-14T23:17:48.711562Z  INFO scan_sources: tailwindcss_oxide::scanner: Discovering "/home/moses/Desktop/Community_Hub/client/src/pages/DashboardPage.tsx"
2026-03-14T23:17:48.711590Z  INFO scan_sources: tailwindcss_oxide::scanner: Discovering "/home/moses/Desktop/Community_Hub/client/src/pages/verifyEmail.tsx"
2026-03-14T23:17:48.711610Z  INFO scan_sources: tailwindcss_oxide::scanner: Discovering "/home/moses/Desktop/Community_Hub/client/src/pages/CelebrationsPage.tsx"
2026-03-14T23:17:48.711632Z  INFO scan_sources: tailwindcss_oxide::scanner: Discovering "/home/moses/Desktop/Community_Hub/client/src/pages/LiveStreamPage.tsx"
2026-03-14T23:17:48.711650Z  INFO scan_sources: tailwindcss_oxide::scanner: Discovering "/home/moses/Desktop/Community_Hub/client/src/pages/DiscipleshipPage.tsx"
2026-03-14T23:17:48.711668Z  INFO scan_sources: tailwindcss_oxide::scanner: Discovering "/home/moses/Desktop/Community_Hub/client/src/pages/GivePage.tsx"
2026-03-14T23:17:48.711692Z  INFO scan_sources: tailwindcss_oxide::scanner: Discovering "/home/moses/Desktop/Community_Hub/client/src/pages/not-found.tsx"
2026-03-14T23:17:48.711717Z  INFO scan_sources: tailwindcss_oxide::scanner: Discovering "/home/moses/Desktop/Community_Hub/client/src/pages/auth"
2026-03-14T23:17:48.711757Z  INFO scan_sources: tailwindcss_oxide::scanner: Discovering "/home/moses/Desktop/Community_Hub/client/src/pages/auth/callback.tsx"
2026-03-14T23:17:48.711778Z  INFO scan_sources: tailwindcss_oxide::scanner: Discovering "/home/moses/Desktop/Community_Hub/client/src/pages/GroupsPage.tsx"
2026-03-14T23:17:48.711806Z  INFO scan_sources: tailwindcss_oxide::scanner: Discovering "/home/moses/Desktop/Community_Hub/client/src/pages/CheckinPage.tsx"
2026-03-14T23:17:48.711824Z  INFO scan_sources: tailwindcss_oxide::scanner: Discovering "/home/moses/Desktop/Community_Hub/client/src/pages/AnalyticsPage.tsx"
2026-03-14T23:17:48.711848Z  INFO scan_sources: tailwindcss_oxide::scanner: Discovering "/home/moses/Desktop/Community_Hub/client/src/pages/logout.tsx"
2026-03-14T23:17:48.711866Z  INFO scan_sources: tailwindcss_oxide::scanner: Discovering "/home/moses/Desktop/Community_Hub/client/src/pages/PrayerPage.tsx"
2026-03-14T23:17:48.711883Z  INFO scan_sources: tailwindcss_oxide::scanner: Discovering "/home/moses/Desktop/Community_Hub/client/src/pages/MessagesPage.tsx"
2026-03-14T23:17:48.711901Z  INFO scan_sources: tailwindcss_oxide::scanner: Discovering "/home/moses/Desktop/Community_Hub/client/src/pages/login.tsx"
2026-03-14T23:17:48.711922Z  INFO scan_sources: tailwindcss_oxide::scanner: Discovering "/home/moses/Desktop/Community_Hub/client/src/pages/HouseCellsPage.tsx"
2026-03-14T23:17:48.711939Z  INFO scan_sources: tailwindcss_oxide::scanner: Discovering "/home/moses/Desktop/Community_Hub/client/src/pages/SermonClipGeneratorPage.tsx"
2026-03-14T23:17:48.711962Z  INFO scan_sources: tailwindcss_oxide::scanner: Discovering "/home/moses/Desktop/Community_Hub/client/src/pages/SermonsPage.tsx"
2026-03-14T23:17:48.711984Z  INFO scan_sources: tailwindcss_oxide::scanner: Discovering "/home/moses/Desktop/Community_Hub/client/src/pages/DevotionalsPage.tsx"
2026-03-14T23:17:48.712002Z  INFO scan_sources: tailwindcss_oxide::scanner: Discovering "/home/moses/Desktop/Community_Hub/client/src/pages/AttendanceAnalyticsPage.tsx"
2026-03-14T23:17:48.712022Z  INFO scan_sources: tailwindcss_oxide::scanner: Discovering "/home/moses/Desktop/Community_Hub/client/src/pages/EventsPage.tsx"
2026-03-14T23:17:48.712039Z  INFO scan_sources: tailwindcss_oxide::scanner: Discovering "/home/moses/Desktop/Community_Hub/client/src/pages/LanguageSettingsPage.tsx"
2026-03-14T23:17:48.712060Z  INFO scan_sources: tailwindcss_oxide::scanner: Discovering "/home/moses/Desktop/Community_Hub/client/src/pages/SermonDetailPage.tsx"
2026-03-14T23:17:48.712077Z  INFO scan_sources: tailwindcss_oxide::scanner: Discovering "/home/moses/Desktop/Community_Hub/client/src/pages/SocialFeedPage.tsx"
2026-03-14T23:17:48.712095Z  INFO scan_sources: tailwindcss_oxide::scanner: Discovering "/home/moses/Desktop/Community_Hub/client/src/pages/AdminDashboardPage.tsx"
2026-03-14T23:17:48.712112Z  INFO scan_sources: tailwindcss_oxide::scanner: Discovering "/home/moses/Desktop/Community_Hub/client/src/pages/EventDetailPage.tsx"
2026-03-14T23:17:48.712132Z  INFO scan_sources: tailwindcss_oxide::scanner: Discovering "/home/moses/Desktop/Community_Hub/client/src/pages/HomePage.tsx"
2026-03-14T23:17:48.712150Z  INFO scan_sources: tailwindcss_oxide::scanner: Discovering "/home/moses/Desktop/Community_Hub/client/src/pages/VolunteerPage.tsx"
2026-03-14T23:17:48.712169Z  INFO scan_sources: tailwindcss_oxide::scanner: Discovering "/home/moses/Desktop/Community_Hub/client/src/pages/AdminLiveStreamPage.tsx"
2026-03-14T23:17:48.712187Z  INFO scan_sources: tailwindcss_oxide::scanner: Discovering "/home/moses/Desktop/Community_Hub/client/src/pages/AbsentMembersPage.tsx"
2026-03-14T23:17:48.712204Z  INFO scan_sources: tailwindcss_oxide::scanner: Discovering "/home/moses/Desktop/Community_Hub/client/src/pages/PrivacyPage.tsx"
2026-03-14T23:17:48.712236Z  INFO scan_sources: tailwindcss_oxide::scanner: Discovering "/home/moses/Desktop/Community_Hub/client/src/types"
2026-03-14T23:17:48.712282Z  INFO scan_sources: tailwindcss_oxide::scanner: Discovering "/home/moses/Desktop/Community_Hub/client/src/types/api.ts"
2026-03-14T23:17:48.712306Z  INFO scan_sources: tailwindcss_oxide::scanner: Discovering "/home/moses/Desktop/Community_Hub/client/src/App.tsx"
2026-03-14T23:17:48.712331Z  INFO scan_sources: tailwindcss_oxide::scanner: Discovering "/home/moses/Desktop/Community_Hub/client/src/vite-env.d.ts"
2026-03-14T23:17:48.712358Z  INFO scan_sources: tailwindcss_oxide::scanner: Discovering "/home/moses/Desktop/Community_Hub/client/src/lib"
2026-03-14T23:17:48.712399Z  INFO scan_sources: tailwindcss_oxide::scanner: Discovering "/home/moses/Desktop/Community_Hub/client/src/lib/utils.ts"
2026-03-14T23:17:48.712416Z  INFO scan_sources: tailwindcss_oxide::scanner: Discovering "/home/moses/Desktop/Community_Hub/client/src/lib/api.ts"
2026-03-14T23:17:48.712435Z  INFO scan_sources: tailwindcss_oxide::scanner: Discovering "/home/moses/Desktop/Community_Hub/client/src/lib/queryClient.ts"
2026-03-14T23:17:48.712456Z  INFO scan_sources: tailwindcss_oxide::scanner: Discovering "/home/moses/Desktop/Community_Hub/client/src/lib/api-routes.ts"
2026-03-14T23:17:48.712473Z  INFO scan_sources: tailwindcss_oxide::scanner: Discovering "/home/moses/Desktop/Community_Hub/client/src/lib/api-config.ts"
2026-03-14T23:17:48.712490Z  INFO scan_sources: tailwindcss_oxide::scanner: Discovering "/home/moses/Desktop/Community_Hub/client/src/lib/auth-utils.ts"
2026-03-14T23:17:48.712516Z  INFO scan_sources: tailwindcss_oxide::scanner: Discovering "/home/moses/Desktop/Community_Hub/client/src/hooks"
2026-03-14T23:17:48.712566Z  INFO scan_sources: tailwindcss_oxide::scanner: Discovering "/home/moses/Desktop/Community_Hub/client/src/hooks/use-websocket.ts"
2026-03-14T23:17:48.712582Z  INFO scan_sources: tailwindcss_oxide::scanner: Discovering "/home/moses/Desktop/Community_Hub/client/src/hooks/use-sermons.ts"
2026-03-14T23:17:48.712600Z  INFO scan_sources: tailwindcss_oxide::scanner: Discovering "/home/moses/Desktop/Community_Hub/client/src/hooks/use-celebrations.ts"
2026-03-14T23:17:48.712617Z  INFO scan_sources: tailwindcss_oxide::scanner: Discovering "/home/moses/Desktop/Community_Hub/client/src/hooks/use-branding.ts"
2026-03-14T23:17:48.712635Z  INFO scan_sources: tailwindcss_oxide::scanner: Discovering "/home/moses/Desktop/Community_Hub/client/src/hooks/use-upload.ts"
2026-03-14T23:17:48.712662Z  INFO scan_sources: tailwindcss_oxide::scanner: Discovering "/home/moses/Desktop/Community_Hub/client/src/hooks/use-language.tsx"
2026-03-14T23:17:48.712680Z  INFO scan_sources: tailwindcss_oxide::scanner: Discovering "/home/moses/Desktop/Community_Hub/client/src/hooks/use-auth.ts"
2026-03-14T23:17:48.712697Z  INFO scan_sources: tailwindcss_oxide::scanner: Discovering "/home/moses/Desktop/Community_Hub/client/src/hooks/use-prayer.ts"
2026-03-14T23:17:48.712717Z  INFO scan_sources: tailwindcss_oxide::scanner: Discovering "/home/moses/Desktop/Community_Hub/client/src/hooks/use-events.ts"
2026-03-14T23:17:48.712735Z  INFO scan_sources: tailwindcss_oxide::scanner: Discovering "/home/moses/Desktop/Community_Hub/client/src/hooks/use-mobile.tsx"
2026-03-14T23:17:48.712755Z  INFO scan_sources: tailwindcss_oxide::scanner: Discovering "/home/moses/Desktop/Community_Hub/client/src/hooks/use-toast.ts"
2026-03-14T23:17:48.712772Z  INFO scan_sources: tailwindcss_oxide::scanner: Discovering "/home/moses/Desktop/Community_Hub/client/src/hooks/use-attendance.ts"
2026-03-14T23:17:48.712793Z  INFO scan_sources: tailwindcss_oxide::scanner: Discovering "/home/moses/Desktop/Community_Hub/client/src/hooks/use-messages.ts"
2026-03-14T23:17:48.712811Z  INFO scan_sources: tailwindcss_oxide::scanner: Discovering "/home/moses/Desktop/Community_Hub/client/src/hooks/use-donations.ts"
2026-03-14T23:17:48.712829Z  INFO scan_sources: tailwindcss_oxide::scanner: Discovering "/home/moses/Desktop/Community_Hub/client/src/hooks/use-permissions.ts"
2026-03-14T23:17:48.712855Z  INFO scan_sources: tailwindcss_oxide::scanner: Discovering "/home/moses/Desktop/Community_Hub/client/src/components"
2026-03-14T23:17:48.712901Z  INFO scan_sources: tailwindcss_oxide::scanner: Discovering "/home/moses/Desktop/Community_Hub/client/src/components/PushNotificationSettings.tsx"
2026-03-14T23:17:48.712918Z  INFO scan_sources: tailwindcss_oxide::scanner: Discovering "/home/moses/Desktop/Community_Hub/client/src/components/EventCard.tsx"
2026-03-14T23:17:48.712940Z  INFO scan_sources: tailwindcss_oxide::scanner: Discovering "/home/moses/Desktop/Community_Hub/client/src/components/Layout.tsx"
2026-03-14T23:17:48.712964Z  INFO scan_sources: tailwindcss_oxide::scanner: Discovering "/home/moses/Desktop/Community_Hub/client/src/components/ui"
2026-03-14T23:17:48.713022Z  INFO scan_sources: tailwindcss_oxide::scanner: Discovering "/home/moses/Desktop/Community_Hub/client/src/components/ui/select.tsx"
2026-03-14T23:17:48.713039Z  INFO scan_sources: tailwindcss_oxide::scanner: Discovering "/home/moses/Desktop/Community_Hub/client/src/components/ui/slider.tsx"
2026-03-14T23:17:48.713057Z  INFO scan_sources: tailwindcss_oxide::scanner: Discovering "/home/moses/Desktop/Community_Hub/client/src/components/ui/radio-group.tsx"
2026-03-14T23:17:48.713078Z  INFO scan_sources: tailwindcss_oxide::scanner: Discovering "/home/moses/Desktop/Community_Hub/client/src/components/ui/dropdown-menu.tsx"
2026-03-14T23:17:48.713096Z  INFO scan_sources: tailwindcss_oxide::scanner: Discovering "/home/moses/Desktop/Community_Hub/client/src/components/ui/carousel.tsx"
2026-03-14T23:17:48.713119Z  INFO scan_sources: tailwindcss_oxide::scanner: Discovering "/home/moses/Desktop/Community_Hub/client/src/components/ui/badge.tsx"
2026-03-14T23:17:48.713136Z  INFO scan_sources: tailwindcss_oxide::scanner: Discovering "/home/moses/Desktop/Community_Hub/client/src/components/ui/context-menu.tsx"
2026-03-14T23:17:48.713154Z  INFO scan_sources: tailwindcss_oxide::scanner: Discovering "/home/moses/Desktop/Community_Hub/client/src/components/ui/alert.tsx"
2026-03-14T23:17:48.713172Z  INFO scan_sources: tailwindcss_oxide::scanner: Discovering "/home/moses/Desktop/Community_Hub/client/src/components/ui/dialog.tsx"
2026-03-14T23:17:48.713192Z  INFO scan_sources: tailwindcss_oxide::scanner: Discovering "/home/moses/Desktop/Community_Hub/client/src/components/ui/hover-card.tsx"
2026-03-14T23:17:48.713209Z  INFO scan_sources: tailwindcss_oxide::scanner: Discovering "/home/moses/Desktop/Community_Hub/client/src/components/ui/avatar.tsx"
2026-03-14T23:17:48.713233Z  INFO scan_sources: tailwindcss_oxide::scanner: Discovering "/home/moses/Desktop/Community_Hub/client/src/components/ui/accordion.tsx"
2026-03-14T23:17:48.713256Z  INFO scan_sources: tailwindcss_oxide::scanner: Discovering "/home/moses/Desktop/Community_Hub/client/src/components/ui/sidebar.tsx"
2026-03-14T23:17:48.713274Z  INFO scan_sources: tailwindcss_oxide::scanner: Discovering "/home/moses/Desktop/Community_Hub/client/src/components/ui/pagination.tsx"
2026-03-14T23:17:48.713292Z  INFO scan_sources: tailwindcss_oxide::scanner: Discovering "/home/moses/Desktop/Community_Hub/client/src/components/ui/button.tsx"
2026-03-14T23:17:48.713309Z  INFO scan_sources: tailwindcss_oxide::scanner: Discovering "/home/moses/Desktop/Community_Hub/client/src/components/ui/toggle.tsx"
2026-03-14T23:17:48.713329Z  INFO scan_sources: tailwindcss_oxide::scanner: Discovering "/home/moses/Desktop/Community_Hub/client/src/components/ui/label.tsx"
2026-03-14T23:17:48.713346Z  INFO scan_sources: tailwindcss_oxide::scanner: Discovering "/home/moses/Desktop/Community_Hub/client/src/components/ui/sheet.tsx"
2026-03-14T23:17:48.713364Z  INFO scan_sources: tailwindcss_oxide::scanner: Discovering "/home/moses/Desktop/Community_Hub/client/src/components/ui/collapsible.tsx"
2026-03-14T23:17:48.713381Z  INFO scan_sources: tailwindcss_oxide::scanner: Discovering "/home/moses/Desktop/Community_Hub/client/src/components/ui/tooltip.tsx"
2026-03-14T23:17:48.713399Z  INFO scan_sources: tailwindcss_oxide::scanner: Discovering "/home/moses/Desktop/Community_Hub/client/src/components/ui/form.tsx"
2026-03-14T23:17:48.713416Z  INFO scan_sources: tailwindcss_oxide::scanner: Discovering "/home/moses/Desktop/Community_Hub/client/src/components/ui/calendar.tsx"
2026-03-14T23:17:48.713433Z  INFO scan_sources: tailwindcss_oxide::scanner: Discovering "/home/moses/Desktop/Community_Hub/client/src/components/ui/menubar.tsx"
2026-03-14T23:17:48.713449Z  INFO scan_sources: tailwindcss_oxide::scanner: Discovering "/home/moses/Desktop/Community_Hub/client/src/components/ui/table.tsx"
2026-03-14T23:17:48.713471Z  INFO scan_sources: tailwindcss_oxide::scanner: Discovering "/home/moses/Desktop/Community_Hub/client/src/components/ui/alert-dialog.tsx"
2026-03-14T23:17:48.713492Z  INFO scan_sources: tailwindcss_oxide::scanner: Discovering "/home/moses/Desktop/Community_Hub/client/src/components/ui/aspect-ratio.tsx"
2026-03-14T23:17:48.713510Z  INFO scan_sources: tailwindcss_oxide::scanner: Discovering "/home/moses/Desktop/Community_Hub/client/src/components/ui/toast.tsx"
2026-03-14T23:17:48.713526Z  INFO scan_sources: tailwindcss_oxide::scanner: Discovering "/home/moses/Desktop/Community_Hub/client/src/components/ui/toaster.tsx"
2026-03-14T23:17:48.713542Z  INFO scan_sources: tailwindcss_oxide::scanner: Discovering "/home/moses/Desktop/Community_Hub/client/src/components/ui/input.tsx"
2026-03-14T23:17:48.713560Z  INFO scan_sources: tailwindcss_oxide::scanner: Discovering "/home/moses/Desktop/Community_Hub/client/src/components/ui/tabs.tsx"
2026-03-14T23:17:48.713577Z  INFO scan_sources: tailwindcss_oxide::scanner: Discovering "/home/moses/Desktop/Community_Hub/client/src/components/ui/command.tsx"
2026-03-14T23:17:48.713595Z  INFO scan_sources: tailwindcss_oxide::scanner: Discovering "/home/moses/Desktop/Community_Hub/client/src/components/ui/popover.tsx"
2026-03-14T23:17:48.713611Z  INFO scan_sources: tailwindcss_oxide::scanner: Discovering "/home/moses/Desktop/Community_Hub/client/src/components/ui/animations.tsx"
2026-03-14T23:17:48.713631Z  INFO scan_sources: tailwindcss_oxide::scanner: Discovering "/home/moses/Desktop/Community_Hub/client/src/components/ui/toggle-group.tsx"
2026-03-14T23:17:48.713648Z  INFO scan_sources: tailwindcss_oxide::scanner: Discovering "/home/moses/Desktop/Community_Hub/client/src/components/ui/use-toast.ts"
2026-03-14T23:17:48.713665Z  INFO scan_sources: tailwindcss_oxide::scanner: Discovering "/home/moses/Desktop/Community_Hub/client/src/components/ui/breadcrumb.tsx"
2026-03-14T23:17:48.713682Z  INFO scan_sources: tailwindcss_oxide::scanner: Discovering "/home/moses/Desktop/Community_Hub/client/src/components/ui/skeleton.tsx"
2026-03-14T23:17:48.713703Z  INFO scan_sources: tailwindcss_oxide::scanner: Discovering "/home/moses/Desktop/Community_Hub/client/src/components/ui/resizable.tsx"
2026-03-14T23:17:48.713723Z  INFO scan_sources: tailwindcss_oxide::scanner: Discovering "/home/moses/Desktop/Community_Hub/client/src/components/ui/navigation-menu.tsx"
2026-03-14T23:17:48.713741Z  INFO scan_sources: tailwindcss_oxide::scanner: Discovering "/home/moses/Desktop/Community_Hub/client/src/components/ui/textarea.tsx"
2026-03-14T23:17:48.713757Z  INFO scan_sources: tailwindcss_oxide::scanner: Discovering "/home/moses/Desktop/Community_Hub/client/src/components/ui/separator.tsx"
2026-03-14T23:17:48.713777Z  INFO scan_sources: tailwindcss_oxide::scanner: Discovering "/home/moses/Desktop/Community_Hub/client/src/components/ui/input-otp.tsx"
2026-03-14T23:17:48.713793Z  INFO scan_sources: tailwindcss_oxide::scanner: Discovering "/home/moses/Desktop/Community_Hub/client/src/components/ui/drawer.tsx"
2026-03-14T23:17:48.713828Z  INFO scan_sources: tailwindcss_oxide::scanner: Discovering "/home/moses/Desktop/Community_Hub/client/src/components/ui/chart.tsx"
2026-03-14T23:17:48.713845Z  INFO scan_sources: tailwindcss_oxide::scanner: Discovering "/home/moses/Desktop/Community_Hub/client/src/components/ui/checkbox.tsx"
2026-03-14T23:17:48.713861Z  INFO scan_sources: tailwindcss_oxide::scanner: Discovering "/home/moses/Desktop/Community_Hub/client/src/components/ui/switch.tsx"
2026-03-14T23:17:48.713878Z  INFO scan_sources: tailwindcss_oxide::scanner: Discovering "/home/moses/Desktop/Community_Hub/client/src/components/ui/card.tsx"
2026-03-14T23:17:48.713895Z  INFO scan_sources: tailwindcss_oxide::scanner: Discovering "/home/moses/Desktop/Community_Hub/client/src/components/ui/scroll-area.tsx"
2026-03-14T23:17:48.713918Z  INFO scan_sources: tailwindcss_oxide::scanner: Discovering "/home/moses/Desktop/Community_Hub/client/src/components/ui/progress.tsx"
2026-03-14T23:17:48.713949Z  INFO scan_sources: tailwindcss_oxide::scanner: Discovering "/home/moses/Desktop/Community_Hub/client/src/components/Footer.tsx"
2026-03-14T23:17:48.713967Z  INFO scan_sources: tailwindcss_oxide::scanner: Discovering "/home/moses/Desktop/Community_Hub/client/src/components/LocationMap.tsx"
2026-03-14T23:17:48.713986Z  INFO scan_sources: tailwindcss_oxide::scanner: Discovering "/home/moses/Desktop/Community_Hub/client/src/components/ObjectUploader.tsx"
2026-03-14T23:17:48.714004Z  INFO scan_sources: tailwindcss_oxide::scanner: Discovering "/home/moses/Desktop/Community_Hub/client/src/components/LanguageSelector.tsx"
2026-03-14T23:17:48.714022Z  INFO scan_sources: tailwindcss_oxide::scanner: Discovering "/home/moses/Desktop/Community_Hub/client/src/components/PrayerCard.tsx"
2026-03-14T23:17:48.714042Z  INFO scan_sources: tailwindcss_oxide::scanner: Discovering "/home/moses/Desktop/Community_Hub/client/src/components/AppInstallBanner.tsx"
2026-03-14T23:17:48.714059Z  INFO scan_sources: tailwindcss_oxide::scanner: Discovering "/home/moses/Desktop/Community_Hub/client/src/components/CreatePrayerDialog.tsx"
2026-03-14T23:17:48.714078Z  INFO scan_sources: tailwindcss_oxide::scanner: Discovering "/home/moses/Desktop/Community_Hub/client/src/components/SermonCard.tsx"
2026-03-14T23:17:48.714095Z  INFO scan_sources: tailwindcss_oxide::scanner: Discovering "/home/moses/Desktop/Community_Hub/client/src/components/Navbar.tsx"
2026-03-14T23:17:48.714133Z  INFO scan_sources: tailwindcss_oxide::scanner: Discovering "/home/moses/Desktop/Community_Hub/client/vite.config.ts"
2026-03-14T23:17:48.714155Z  INFO scan_sources: tailwindcss_oxide::scanner: Discovering "/home/moses/Desktop/Community_Hub/client/client"
2026-03-14T23:17:48.714199Z  INFO scan_sources: tailwindcss_oxide::scanner: Discovering "/home/moses/Desktop/Community_Hub/client/index.html"
2026-03-14T23:17:48.714219Z  INFO scan_sources: tailwindcss_oxide::scanner: Discovering "/home/moses/Desktop/Community_Hub/client/components.json"
2026-03-14T23:17:48.714379Z  INFO scan_sources: tailwindcss_oxide::scanner: Discovering "/home/moses/Desktop/Community_Hub/client/package.json"
2026-03-14T23:17:48.714438Z  INFO scan_sources: tailwindcss_oxide::scanner: exit
2026-03-14T23:17:48.714446Z  INFO extract_candidates: tailwindcss_oxide::scanner: enter
2026-03-14T23:17:48.714469Z  INFO extract_candidates:read_all_files: tailwindcss_oxide::scanner: enter
2026-03-14T23:17:48.714475Z  INFO extract_candidates:read_all_files: tailwindcss_oxide::scanner: Reading 130 file(s)
2026-03-14T23:17:48.715148Z  INFO tailwindcss_oxide::scanner: Reading "/home/moses/Desktop/Community_Hub/client/public/robots.txt"
2026-03-14T23:17:48.715154Z  INFO tailwindcss_oxide::scanner: Reading "/home/moses/Desktop/Community_Hub/client/src/pages/not-found.tsx"
2026-03-14T23:17:48.715241Z  INFO tailwindcss_oxide::scanner: Reading "/home/moses/Desktop/Community_Hub/client/src/components/PushNotificationSettings.tsx"
2026-03-14T23:17:48.715290Z  INFO tailwindcss_oxide::scanner: Reading "/home/moses/Desktop/Community_Hub/client/src/pages/auth/callback.tsx"
2026-03-14T23:17:48.715329Z  INFO tailwindcss_oxide::scanner: Reading "/home/moses/Desktop/Community_Hub/client/tsconfig.app.json"
2026-03-14T23:17:48.715348Z  INFO tailwindcss_oxide::scanner: Reading "/home/moses/Desktop/Community_Hub/client/tsconfig.json"
2026-03-14T23:17:48.715362Z  INFO tailwindcss_oxide::scanner: Reading "/home/moses/Desktop/Community_Hub/client/src/main.tsx"
2026-03-14T23:17:48.715401Z  INFO tailwindcss_oxide::scanner: Reading "/home/moses/Desktop/Community_Hub/client/src/pages/GroupsPage.tsx"
2026-03-14T23:17:48.715445Z  INFO tailwindcss_oxide::scanner: Reading "/home/moses/Desktop/Community_Hub/client/src/components/EventCard.tsx"
2026-03-14T23:17:48.715476Z  INFO tailwindcss_oxide::scanner: Reading "/home/moses/Desktop/Community_Hub/client/src/pages/QRScannerPage.tsx"
2026-03-14T23:17:48.715536Z  INFO tailwindcss_oxide::scanner: Reading "/home/moses/Desktop/Community_Hub/client/src/pages/CheckinPage.tsx"
2026-03-14T23:17:48.715592Z  INFO tailwindcss_oxide::scanner: Reading "/home/moses/Desktop/Community_Hub/client/src/components/Layout.tsx"
2026-03-14T23:17:48.715612Z  INFO tailwindcss_oxide::scanner: Reading "/home/moses/Desktop/Community_Hub/client/src/pages/MembersPage.tsx"
2026-03-14T23:17:48.715683Z  INFO tailwindcss_oxide::scanner: Reading "/home/moses/Desktop/Community_Hub/client/src/pages/AnalyticsPage.tsx"
2026-03-14T23:17:48.715726Z  INFO tailwindcss_oxide::scanner: Reading "/home/moses/Desktop/Community_Hub/client/src/components/ui/select.tsx"
2026-03-14T23:17:48.715768Z  INFO tailwindcss_oxide::scanner: Reading "/home/moses/Desktop/Community_Hub/client/src/pages/SermonDetailPage.tsx"
2026-03-14T23:17:48.715825Z  INFO tailwindcss_oxide::scanner: Reading "/home/moses/Desktop/Community_Hub/client/src/pages/AttendanceHistoryPage.tsx"
2026-03-14T23:17:48.715867Z  INFO tailwindcss_oxide::scanner: Reading "/home/moses/Desktop/Community_Hub/client/src/pages/logout.tsx"
2026-03-14T23:17:48.715867Z  INFO tailwindcss_oxide::scanner: Reading "/home/moses/Desktop/Community_Hub/client/src/components/ui/slider.tsx"
2026-03-14T23:17:48.715955Z  INFO tailwindcss_oxide::scanner: Reading "/home/moses/Desktop/Community_Hub/client/src/pages/SocialFeedPage.tsx"
2026-03-14T23:17:48.715990Z  INFO tailwindcss_oxide::scanner: Reading "/home/moses/Desktop/Community_Hub/client/src/components/ui/radio-group.tsx"
2026-03-14T23:17:48.715993Z  INFO tailwindcss_oxide::scanner: Reading "/home/moses/Desktop/Community_Hub/client/src/pages/PrayerPage.tsx"
2026-03-14T23:17:48.716020Z  INFO tailwindcss_oxide::scanner: Reading "/home/moses/Desktop/Community_Hub/client/src/pages/BiblePage.tsx"
2026-03-14T23:17:48.716190Z  INFO tailwindcss_oxide::scanner: Reading "/home/moses/Desktop/Community_Hub/client/src/pages/AdminDashboardPage.tsx"
2026-03-14T23:17:48.716211Z  INFO tailwindcss_oxide::scanner: Reading "/home/moses/Desktop/Community_Hub/client/src/pages/MessagesPage.tsx"
2026-03-14T23:17:48.716257Z  INFO tailwindcss_oxide::scanner: Reading "/home/moses/Desktop/Community_Hub/client/src/components/ui/dropdown-menu.tsx"
2026-03-14T23:17:48.716260Z  INFO tailwindcss_oxide::scanner: Reading "/home/moses/Desktop/Community_Hub/client/src/pages/SuperAdminPage.tsx"
2026-03-14T23:17:48.716348Z  INFO tailwindcss_oxide::scanner: Reading "/home/moses/Desktop/Community_Hub/client/src/pages/login.tsx"
2026-03-14T23:17:48.716389Z  INFO tailwindcss_oxide::scanner: Reading "/home/moses/Desktop/Community_Hub/client/src/pages/MusicPage.tsx"
2026-03-14T23:17:48.716390Z  INFO tailwindcss_oxide::scanner: Reading "/home/moses/Desktop/Community_Hub/client/src/components/ui/carousel.tsx"
2026-03-14T23:17:48.716462Z  INFO tailwindcss_oxide::scanner: Reading "/home/moses/Desktop/Community_Hub/client/src/pages/HouseCellsPage.tsx"
2026-03-14T23:17:48.716544Z  INFO tailwindcss_oxide::scanner: Reading "/home/moses/Desktop/Community_Hub/client/src/pages/DashboardPage.tsx"
2026-03-14T23:17:48.716631Z  INFO tailwindcss_oxide::scanner: Reading "/home/moses/Desktop/Community_Hub/client/src/pages/SermonClipGeneratorPage.tsx"
2026-03-14T23:17:48.716670Z  INFO tailwindcss_oxide::scanner: Reading "/home/moses/Desktop/Community_Hub/client/src/components/ui/badge.tsx"
2026-03-14T23:17:48.716681Z  INFO tailwindcss_oxide::scanner: Reading "/home/moses/Desktop/Community_Hub/client/src/pages/verifyEmail.tsx"
2026-03-14T23:17:48.716748Z  INFO tailwindcss_oxide::scanner: Reading "/home/moses/Desktop/Community_Hub/client/src/pages/EventDetailPage.tsx"
2026-03-14T23:17:48.716770Z  INFO tailwindcss_oxide::scanner: Reading "/home/moses/Desktop/Community_Hub/client/src/pages/SermonsPage.tsx"
2026-03-14T23:17:48.716805Z  INFO tailwindcss_oxide::scanner: Reading "/home/moses/Desktop/Community_Hub/client/src/pages/CelebrationsPage.tsx"
2026-03-14T23:17:48.716847Z  INFO tailwindcss_oxide::scanner: Reading "/home/moses/Desktop/Community_Hub/client/src/components/ui/context-menu.tsx"
2026-03-14T23:17:48.716909Z  INFO tailwindcss_oxide::scanner: Reading "/home/moses/Desktop/Community_Hub/client/src/pages/LiveStreamPage.tsx"
2026-03-14T23:17:48.716950Z  INFO tailwindcss_oxide::scanner: Reading "/home/moses/Desktop/Community_Hub/client/src/pages/DevotionalsPage.tsx"
2026-03-14T23:17:48.716977Z  INFO tailwindcss_oxide::scanner: Reading "/home/moses/Desktop/Community_Hub/client/src/components/ui/alert.tsx"
2026-03-14T23:17:48.717045Z  INFO tailwindcss_oxide::scanner: Reading "/home/moses/Desktop/Community_Hub/client/src/pages/DiscipleshipPage.tsx"
2026-03-14T23:17:48.717089Z  INFO tailwindcss_oxide::scanner: Reading "/home/moses/Desktop/Community_Hub/client/src/components/ui/dialog.tsx"
2026-03-14T23:17:48.717105Z  INFO tailwindcss_oxide::scanner: Reading "/home/moses/Desktop/Community_Hub/client/src/pages/AttendanceAnalyticsPage.tsx"
2026-03-14T23:17:48.717174Z  INFO tailwindcss_oxide::scanner: Reading "/home/moses/Desktop/Community_Hub/client/src/pages/GivePage.tsx"
2026-03-14T23:17:48.717232Z  INFO tailwindcss_oxide::scanner: Reading "/home/moses/Desktop/Community_Hub/client/src/components/ui/hover-card.tsx"
2026-03-14T23:17:48.717235Z  INFO tailwindcss_oxide::scanner: Reading "/home/moses/Desktop/Community_Hub/client/src/pages/EventsPage.tsx"
2026-03-14T23:17:48.717291Z  INFO tailwindcss_oxide::scanner: Reading "/home/moses/Desktop/Community_Hub/client/src/components/ui/tabs.tsx"
2026-03-14T23:17:48.717115Z  INFO tailwindcss_oxide::scanner: Reading "/home/moses/Desktop/Community_Hub/client/src/pages/HomePage.tsx"
2026-03-14T23:17:48.717357Z  INFO tailwindcss_oxide::scanner: Reading "/home/moses/Desktop/Community_Hub/client/src/components/ui/avatar.tsx"
2026-03-14T23:17:48.717475Z  INFO tailwindcss_oxide::scanner: Reading "/home/moses/Desktop/Community_Hub/client/src/components/ui/accordion.tsx"
2026-03-14T23:17:48.717499Z  INFO tailwindcss_oxide::scanner: Reading "/home/moses/Desktop/Community_Hub/client/src/pages/VolunteerPage.tsx"
2026-03-14T23:17:48.717619Z  INFO tailwindcss_oxide::scanner: Reading "/home/moses/Desktop/Community_Hub/client/src/pages/AdminLiveStreamPage.tsx"
2026-03-14T23:17:48.717625Z  INFO tailwindcss_oxide::scanner: Reading "/home/moses/Desktop/Community_Hub/client/src/components/ui/sidebar.tsx"
2026-03-14T23:17:48.717706Z  INFO tailwindcss_oxide::scanner: Reading "/home/moses/Desktop/Community_Hub/client/src/pages/LanguageSettingsPage.tsx"
2026-03-14T23:17:48.717757Z  INFO tailwindcss_oxide::scanner: Reading "/home/moses/Desktop/Community_Hub/client/src/components/ui/pagination.tsx"
2026-03-14T23:17:48.717805Z  INFO tailwindcss_oxide::scanner: Reading "/home/moses/Desktop/Community_Hub/client/src/lib/api-config.ts"
2026-03-14T23:17:48.717841Z  INFO tailwindcss_oxide::scanner: Reading "/home/moses/Desktop/Community_Hub/client/src/components/ui/command.tsx"
2026-03-14T23:17:48.717882Z  INFO tailwindcss_oxide::scanner: Reading "/home/moses/Desktop/Community_Hub/client/src/components/ui/button.tsx"
2026-03-14T23:17:48.717891Z  INFO tailwindcss_oxide::scanner: Reading "/home/moses/Desktop/Community_Hub/client/src/lib/auth-utils.ts"
2026-03-14T23:17:48.717937Z  INFO tailwindcss_oxide::scanner: Reading "/home/moses/Desktop/Community_Hub/client/src/pages/AbsentMembersPage.tsx"
2026-03-14T23:17:48.717947Z  INFO tailwindcss_oxide::scanner: Reading "/home/moses/Desktop/Community_Hub/client/src/components/ui/popover.tsx"
2026-03-14T23:17:48.717991Z  INFO tailwindcss_oxide::scanner: Reading "/home/moses/Desktop/Community_Hub/client/src/hooks/use-websocket.ts"
2026-03-14T23:17:48.718028Z  INFO tailwindcss_oxide::scanner: Reading "/home/moses/Desktop/Community_Hub/client/src/components/ui/toggle.tsx"
2026-03-14T23:17:48.718054Z  INFO tailwindcss_oxide::scanner: Reading "/home/moses/Desktop/Community_Hub/client/src/components/ui/animations.tsx"
2026-03-14T23:17:48.718085Z  INFO tailwindcss_oxide::scanner: Reading "/home/moses/Desktop/Community_Hub/client/src/hooks/use-sermons.ts"
2026-03-14T23:17:48.718167Z  INFO tailwindcss_oxide::scanner: Reading "/home/moses/Desktop/Community_Hub/client/src/components/ui/toggle-group.tsx"
2026-03-14T23:17:48.718195Z  INFO tailwindcss_oxide::scanner: Reading "/home/moses/Desktop/Community_Hub/client/src/hooks/use-celebrations.ts"
2026-03-14T23:17:48.718234Z  INFO tailwindcss_oxide::scanner: Reading "/home/moses/Desktop/Community_Hub/client/src/components/ui/label.tsx"
2026-03-14T23:17:48.718253Z  INFO tailwindcss_oxide::scanner: Reading "/home/moses/Desktop/Community_Hub/client/src/pages/PrivacyPage.tsx"
2026-03-14T23:17:48.718307Z  INFO tailwindcss_oxide::scanner: Reading "/home/moses/Desktop/Community_Hub/client/src/hooks/use-branding.ts"
2026-03-14T23:17:48.718349Z  INFO tailwindcss_oxide::scanner: Reading "/home/moses/Desktop/Community_Hub/client/src/components/ui/use-toast.ts"
2026-03-14T23:17:48.718350Z  INFO tailwindcss_oxide::scanner: Reading "/home/moses/Desktop/Community_Hub/client/src/components/ui/sheet.tsx"
2026-03-14T23:17:48.718395Z  INFO tailwindcss_oxide::scanner: Reading "/home/moses/Desktop/Community_Hub/client/src/hooks/use-upload.ts"
2026-03-14T23:17:48.718459Z  INFO tailwindcss_oxide::scanner: Reading "/home/moses/Desktop/Community_Hub/client/src/components/ui/collapsible.tsx"
2026-03-14T23:17:48.718467Z  INFO tailwindcss_oxide::scanner: Reading "/home/moses/Desktop/Community_Hub/client/src/components/ui/breadcrumb.tsx"
2026-03-14T23:17:48.718551Z  INFO tailwindcss_oxide::scanner: Reading "/home/moses/Desktop/Community_Hub/client/src/hooks/use-language.tsx"
2026-03-14T23:17:48.718569Z  INFO tailwindcss_oxide::scanner: Reading "/home/moses/Desktop/Community_Hub/client/src/types/api.ts"
2026-03-14T23:17:48.718596Z  INFO tailwindcss_oxide::scanner: Reading "/home/moses/Desktop/Community_Hub/client/src/App.tsx"
2026-03-14T23:17:48.718599Z  INFO tailwindcss_oxide::scanner: Reading "/home/moses/Desktop/Community_Hub/client/src/components/ui/tooltip.tsx"
2026-03-14T23:17:48.718669Z  INFO tailwindcss_oxide::scanner: Reading "/home/moses/Desktop/Community_Hub/client/src/components/ui/skeleton.tsx"
2026-03-14T23:17:48.718701Z  INFO tailwindcss_oxide::scanner: Reading "/home/moses/Desktop/Community_Hub/client/src/hooks/use-auth.ts"
2026-03-14T23:17:48.718751Z  INFO tailwindcss_oxide::scanner: Reading "/home/moses/Desktop/Community_Hub/client/src/components/ui/form.tsx"
2026-03-14T23:17:48.718833Z  INFO tailwindcss_oxide::scanner: Reading "/home/moses/Desktop/Community_Hub/client/src/vite-env.d.ts"
2026-03-14T23:17:48.718838Z  INFO tailwindcss_oxide::scanner: Reading "/home/moses/Desktop/Community_Hub/client/src/components/ui/resizable.tsx"
2026-03-14T23:17:48.718876Z  INFO tailwindcss_oxide::scanner: Reading "/home/moses/Desktop/Community_Hub/client/src/components/ui/calendar.tsx"
2026-03-14T23:17:48.719038Z  INFO tailwindcss_oxide::scanner: Reading "/home/moses/Desktop/Community_Hub/client/src/components/ui/navigation-menu.tsx"
2026-03-14T23:17:48.719080Z  INFO tailwindcss_oxide::scanner: Reading "/home/moses/Desktop/Community_Hub/client/src/components/ui/menubar.tsx"
2026-03-14T23:17:48.719093Z  INFO tailwindcss_oxide::scanner: Reading "/home/moses/Desktop/Community_Hub/client/src/lib/utils.ts"
2026-03-14T23:17:48.719153Z  INFO tailwindcss_oxide::scanner: Reading "/home/moses/Desktop/Community_Hub/client/src/components/ui/textarea.tsx"
2026-03-14T23:17:48.719208Z  INFO tailwindcss_oxide::scanner: Reading "/home/moses/Desktop/Community_Hub/client/src/components/ui/table.tsx"
2026-03-14T23:17:48.719259Z  INFO tailwindcss_oxide::scanner: Reading "/home/moses/Desktop/Community_Hub/client/src/components/ui/separator.tsx"
2026-03-14T23:17:48.719322Z  INFO tailwindcss_oxide::scanner: Reading "/home/moses/Desktop/Community_Hub/client/src/components/ui/alert-dialog.tsx"
2026-03-14T23:17:48.719339Z  INFO tailwindcss_oxide::scanner: Reading "/home/moses/Desktop/Community_Hub/client/src/lib/api.ts"
2026-03-14T23:17:48.719374Z  INFO tailwindcss_oxide::scanner: Reading "/home/moses/Desktop/Community_Hub/client/src/components/ui/input-otp.tsx"
2026-03-14T23:17:48.719430Z  INFO tailwindcss_oxide::scanner: Reading "/home/moses/Desktop/Community_Hub/client/src/components/ui/aspect-ratio.tsx"
2026-03-14T23:17:48.719436Z  INFO tailwindcss_oxide::scanner: Reading "/home/moses/Desktop/Community_Hub/client/src/lib/queryClient.ts"
2026-03-14T23:17:48.719458Z  INFO tailwindcss_oxide::scanner: Reading "/home/moses/Desktop/Community_Hub/client/src/components/ui/drawer.tsx"
2026-03-14T23:17:48.719540Z  INFO tailwindcss_oxide::scanner: Reading "/home/moses/Desktop/Community_Hub/client/src/components/ui/toast.tsx"
2026-03-14T23:17:48.719604Z  INFO tailwindcss_oxide::scanner: Reading "/home/moses/Desktop/Community_Hub/client/src/components/ui/chart.tsx"
2026-03-14T23:17:48.719646Z  INFO tailwindcss_oxide::scanner: Reading "/home/moses/Desktop/Community_Hub/client/src/components/ui/toaster.tsx"
2026-03-14T23:17:48.719673Z  INFO tailwindcss_oxide::scanner: Reading "/home/moses/Desktop/Community_Hub/client/src/lib/api-routes.ts"
2026-03-14T23:17:48.719716Z  INFO tailwindcss_oxide::scanner: Reading "/home/moses/Desktop/Community_Hub/client/src/components/ui/checkbox.tsx"
2026-03-14T23:17:48.719771Z  INFO tailwindcss_oxide::scanner: Reading "/home/moses/Desktop/Community_Hub/client/src/components/ui/input.tsx"
2026-03-14T23:17:48.719841Z  INFO tailwindcss_oxide::scanner: Reading "/home/moses/Desktop/Community_Hub/client/src/components/ui/switch.tsx"
2026-03-14T23:17:48.719853Z  INFO tailwindcss_oxide::scanner: Reading "/home/moses/Desktop/Community_Hub/client/src/hooks/use-toast.ts"
2026-03-14T23:17:48.719889Z  INFO tailwindcss_oxide::scanner: Reading "/home/moses/Desktop/Community_Hub/client/src/components/PrayerCard.tsx"
2026-03-14T23:17:48.719944Z  INFO tailwindcss_oxide::scanner: Reading "/home/moses/Desktop/Community_Hub/client/src/components/ui/card.tsx"
2026-03-14T23:17:48.719997Z  INFO tailwindcss_oxide::scanner: Reading "/home/moses/Desktop/Community_Hub/client/src/components/AppInstallBanner.tsx"
2026-03-14T23:17:48.720053Z  INFO tailwindcss_oxide::scanner: Reading "/home/moses/Desktop/Community_Hub/client/src/components/ui/scroll-area.tsx"
2026-03-14T23:17:48.720112Z  INFO tailwindcss_oxide::scanner: Reading "/home/moses/Desktop/Community_Hub/client/src/components/CreatePrayerDialog.tsx"
2026-03-14T23:17:48.720122Z  INFO tailwindcss_oxide::scanner: Reading "/home/moses/Desktop/Community_Hub/client/src/hooks/use-attendance.ts"
2026-03-14T23:17:48.720168Z  INFO tailwindcss_oxide::scanner: Reading "/home/moses/Desktop/Community_Hub/client/src/components/ui/progress.tsx"
2026-03-14T23:17:48.720229Z  INFO tailwindcss_oxide::scanner: Reading "/home/moses/Desktop/Community_Hub/client/src/components/SermonCard.tsx"
2026-03-14T23:17:48.720229Z  INFO tailwindcss_oxide::scanner: Reading "/home/moses/Desktop/Community_Hub/client/src/hooks/use-prayer.ts"
2026-03-14T23:17:48.720283Z  INFO tailwindcss_oxide::scanner: Reading "/home/moses/Desktop/Community_Hub/client/src/components/Footer.tsx"
2026-03-14T23:17:48.720359Z  INFO tailwindcss_oxide::scanner: Reading "/home/moses/Desktop/Community_Hub/client/src/components/Navbar.tsx"
2026-03-14T23:17:48.720368Z  INFO tailwindcss_oxide::scanner: Reading "/home/moses/Desktop/Community_Hub/client/src/hooks/use-messages.ts"
2026-03-14T23:17:48.720423Z  INFO tailwindcss_oxide::scanner: Reading "/home/moses/Desktop/Community_Hub/client/src/hooks/use-events.ts"
2026-03-14T23:17:48.720490Z  INFO tailwindcss_oxide::scanner: Reading "/home/moses/Desktop/Community_Hub/client/src/components/LocationMap.tsx"
2026-03-14T23:17:48.720514Z  INFO tailwindcss_oxide::scanner: Reading "/home/moses/Desktop/Community_Hub/client/src/hooks/use-mobile.tsx"
2026-03-14T23:17:48.720598Z  INFO tailwindcss_oxide::scanner: Reading "/home/moses/Desktop/Community_Hub/client/src/components/ObjectUploader.tsx"
2026-03-14T23:17:48.720620Z  INFO tailwindcss_oxide::scanner: Reading "/home/moses/Desktop/Community_Hub/client/src/hooks/use-permissions.ts"
2026-03-14T23:17:48.720621Z  INFO tailwindcss_oxide::scanner: Reading "/home/moses/Desktop/Community_Hub/client/src/hooks/use-donations.ts"
2026-03-14T23:17:48.720635Z  INFO tailwindcss_oxide::scanner: Reading "/home/moses/Desktop/Community_Hub/client/index.html"
2026-03-14T23:17:48.720650Z  INFO tailwindcss_oxide::scanner: Reading "/home/moses/Desktop/Community_Hub/client/package.json"
2026-03-14T23:17:48.720687Z  INFO tailwindcss_oxide::scanner: Reading "/home/moses/Desktop/Community_Hub/client/vite.config.ts"
2026-03-14T23:17:48.720715Z  INFO tailwindcss_oxide::scanner: Reading "/home/moses/Desktop/Community_Hub/client/src/components/LanguageSelector.tsx"
2026-03-14T23:17:48.720830Z  INFO tailwindcss_oxide::scanner: Reading "/home/moses/Desktop/Community_Hub/client/components.json"
2026-03-14T23:17:48.720973Z  INFO extract_candidates:read_all_files: tailwindcss_oxide::scanner: exit
2026-03-14T23:17:48.720985Z  INFO extract_candidates:parse_all_blobs: tailwindcss_oxide::scanner: enter
2026-03-14T23:17:48.720989Z  INFO extract_candidates:parse_all_blobs:extract: tailwindcss_oxide::scanner: enter
2026-03-14T23:17:48.735478Z  INFO extract_candidates:parse_all_blobs:extract: tailwindcss_oxide::scanner: exit
2026-03-14T23:17:48.735637Z  INFO extract_candidates:parse_all_blobs: tailwindcss_oxide::scanner: exit
2026-03-14T23:17:48.735670Z  INFO extract_candidates:read_all_files: tailwindcss_oxide::scanner: enter
2026-03-14T23:17:48.735695Z  INFO extract_candidates:read_all_files: tailwindcss_oxide::scanner: Reading 1 file(s)
2026-03-14T23:17:48.735743Z  INFO extract_candidates:read_all_files: tailwindcss_oxide::scanner: Reading "/home/moses/Desktop/Community_Hub/client/src/index.css"
2026-03-14T23:17:48.735773Z  INFO extract_candidates:read_all_files: tailwindcss_oxide::scanner: exit
2026-03-14T23:17:48.735810Z  INFO extract_candidates:extract_css_variables: tailwindcss_oxide::scanner: enter
2026-03-14T23:17:48.735834Z  INFO extract_candidates:extract_css_variables:extract: tailwindcss_oxide::scanner: enter
2026-03-14T23:17:48.736032Z  INFO extract_candidates:extract_css_variables:extract: tailwindcss_oxide::scanner: exit
2026-03-14T23:17:48.736086Z  INFO extract_candidates:extract_css_variables: tailwindcss_oxide::scanner: exit
2026-03-14T23:17:48.737162Z  INFO extract_candidates: tailwindcss_oxide::scanner: exit
2026-03-14T23:17:48.740191Z  INFO get_files: tailwindcss_oxide::scanner: enter
2026-03-14T23:17:48.740231Z  INFO get_files:scan_sources: tailwindcss_oxide::scanner: enter
2026-03-14T23:17:48.740782Z  INFO get_files:scan_sources: tailwindcss_oxide::scanner: Discovering "/home/moses/Desktop/Community_Hub/client/public"
2026-03-14T23:17:48.741022Z  INFO get_files:scan_sources: tailwindcss_oxide::scanner: Discovering "/home/moses/Desktop/Community_Hub/client/src"
2026-03-14T23:17:48.741102Z  INFO get_files:scan_sources: tailwindcss_oxide::scanner: Discovering "/home/moses/Desktop/Community_Hub/client/src/pages"
2026-03-14T23:17:48.741250Z  INFO get_files:scan_sources: tailwindcss_oxide::scanner: Discovering "/home/moses/Desktop/Community_Hub/client/src/pages/auth"
2026-03-14T23:17:48.741421Z  INFO get_files:scan_sources: tailwindcss_oxide::scanner: Discovering "/home/moses/Desktop/Community_Hub/client/src/types"
2026-03-14T23:17:48.741493Z  INFO get_files:scan_sources: tailwindcss_oxide::scanner: Discovering "/home/moses/Desktop/Community_Hub/client/src/lib"
2026-03-14T23:17:48.741574Z  INFO get_files:scan_sources: tailwindcss_oxide::scanner: Discovering "/home/moses/Desktop/Community_Hub/client/src/hooks"
2026-03-14T23:17:48.741696Z  INFO get_files:scan_sources: tailwindcss_oxide::scanner: Discovering "/home/moses/Desktop/Community_Hub/client/src/components"
2026-03-14T23:17:48.741761Z  INFO get_files:scan_sources: tailwindcss_oxide::scanner: Discovering "/home/moses/Desktop/Community_Hub/client/src/components/ui"
2026-03-14T23:17:48.742094Z  INFO get_files:scan_sources: tailwindcss_oxide::scanner: Discovering "/home/moses/Desktop/Community_Hub/client/client"
2026-03-14T23:17:48.742173Z  INFO get_files:scan_sources: tailwindcss_oxide::scanner: exit
2026-03-14T23:17:48.742317Z  INFO get_files: tailwindcss_oxide::scanner: exit
2026-03-14T23:17:48.742632Z  INFO get_globs: tailwindcss_oxide::scanner: enter
2026-03-14T23:17:48.742639Z  INFO get_globs:scan_sources: tailwindcss_oxide::scanner: enter
2026-03-14T23:17:48.743044Z  INFO get_globs:scan_sources: tailwindcss_oxide::scanner: Discovering "/home/moses/Desktop/Community_Hub/client/public"
2026-03-14T23:17:48.743228Z  INFO get_globs:scan_sources: tailwindcss_oxide::scanner: Discovering "/home/moses/Desktop/Community_Hub/client/src"
2026-03-14T23:17:48.743300Z  INFO get_globs:scan_sources: tailwindcss_oxide::scanner: Discovering "/home/moses/Desktop/Community_Hub/client/src/pages"
2026-03-14T23:17:48.743448Z  INFO get_globs:scan_sources: tailwindcss_oxide::scanner: Discovering "/home/moses/Desktop/Community_Hub/client/src/pages/auth"
2026-03-14T23:17:48.743629Z  INFO get_globs:scan_sources: tailwindcss_oxide::scanner: Discovering "/home/moses/Desktop/Community_Hub/client/src/types"
2026-03-14T23:17:48.743697Z  INFO get_globs:scan_sources: tailwindcss_oxide::scanner: Discovering "/home/moses/Desktop/Community_Hub/client/src/lib"
2026-03-14T23:17:48.743780Z  INFO get_globs:scan_sources: tailwindcss_oxide::scanner: Discovering "/home/moses/Desktop/Community_Hub/client/src/hooks"
2026-03-14T23:17:48.743910Z  INFO get_globs:scan_sources: tailwindcss_oxide::scanner: Discovering "/home/moses/Desktop/Community_Hub/client/src/components"
2026-03-14T23:17:48.743972Z  INFO get_globs:scan_sources: tailwindcss_oxide::scanner: Discovering "/home/moses/Desktop/Community_Hub/client/src/components/ui"
2026-03-14T23:17:48.744394Z  INFO get_globs:scan_sources: tailwindcss_oxide::scanner: Discovering "/home/moses/Desktop/Community_Hub/client/client"
2026-03-14T23:17:48.744514Z  INFO get_globs:scan_sources: tailwindcss_oxide::scanner: exit
2026-03-14T23:17:48.745383Z  INFO get_globs: tailwindcss_oxide::scanner: exit
2026-03-14T23:39:48.250288Z  INFO scan_sources: tailwindcss_oxide::scanner: enter
2026-03-14T23:39:48.255651Z  INFO scan_sources: tailwindcss_oxide::scanner: Discovering "/home/moses/Desktop/Community_Hub/client/public"
2026-03-14T23:39:48.256062Z  INFO scan_sources: tailwindcss_oxide::scanner: Discovering "/home/moses/Desktop/Community_Hub/client/src"
2026-03-14T23:39:48.256172Z  INFO scan_sources: tailwindcss_oxide::scanner: Discovering "/home/moses/Desktop/Community_Hub/client/src/pages"
2026-03-14T23:39:48.256496Z  INFO scan_sources: tailwindcss_oxide::scanner: Discovering "/home/moses/Desktop/Community_Hub/client/src/pages/auth"
2026-03-14T23:39:48.256822Z  INFO scan_sources: tailwindcss_oxide::scanner: Discovering "/home/moses/Desktop/Community_Hub/client/src/types"
2026-03-14T23:39:48.256887Z  INFO scan_sources: tailwindcss_oxide::scanner: Discovering "/home/moses/Desktop/Community_Hub/client/src/App.tsx"
2026-03-14T23:39:48.256943Z  INFO scan_sources: tailwindcss_oxide::scanner: Discovering "/home/moses/Desktop/Community_Hub/client/src/lib"
2026-03-14T23:39:48.257052Z  INFO scan_sources: tailwindcss_oxide::scanner: Discovering "/home/moses/Desktop/Community_Hub/client/src/hooks"
2026-03-14T23:39:48.257264Z  INFO scan_sources: tailwindcss_oxide::scanner: Discovering "/home/moses/Desktop/Community_Hub/client/src/components"
2026-03-14T23:39:48.257334Z  INFO scan_sources: tailwindcss_oxide::scanner: Discovering "/home/moses/Desktop/Community_Hub/client/src/components/Layout.tsx"
2026-03-14T23:39:48.257355Z  INFO scan_sources: tailwindcss_oxide::scanner: Discovering "/home/moses/Desktop/Community_Hub/client/src/components/ui"
2026-03-14T23:39:48.258091Z  INFO scan_sources: tailwindcss_oxide::scanner: Discovering "/home/moses/Desktop/Community_Hub/client/client"
2026-03-14T23:39:48.258245Z  INFO scan_sources: tailwindcss_oxide::scanner: exit
2026-03-14T23:39:48.258258Z  INFO extract_candidates: tailwindcss_oxide::scanner: enter
2026-03-14T23:39:48.258263Z  INFO extract_candidates:read_all_files: tailwindcss_oxide::scanner: enter
2026-03-14T23:39:48.258268Z  INFO extract_candidates:read_all_files: tailwindcss_oxide::scanner: Reading 2 file(s)
2026-03-14T23:39:48.258314Z  INFO tailwindcss_oxide::scanner: Reading "/home/moses/Desktop/Community_Hub/client/src/App.tsx"
2026-03-14T23:39:48.258330Z  INFO tailwindcss_oxide::scanner: Reading "/home/moses/Desktop/Community_Hub/client/src/components/Layout.tsx"
2026-03-14T23:39:48.258355Z  INFO extract_candidates:read_all_files: tailwindcss_oxide::scanner: exit
2026-03-14T23:39:48.258360Z  INFO extract_candidates:parse_all_blobs: tailwindcss_oxide::scanner: enter
2026-03-14T23:39:48.258364Z  INFO extract_candidates:parse_all_blobs:extract: tailwindcss_oxide::scanner: enter
2026-03-14T23:39:48.258624Z  INFO extract_candidates:parse_all_blobs:extract: tailwindcss_oxide::scanner: exit
2026-03-14T23:39:48.258630Z  INFO extract_candidates:parse_all_blobs: tailwindcss_oxide::scanner: exit
2026-03-14T23:39:48.258757Z  INFO extract_candidates: tailwindcss_oxide::scanner: exit
2026-03-14T23:39:48.267584Z  INFO get_files: tailwindcss_oxide::scanner: enter
2026-03-14T23:39:48.267774Z  INFO get_files:scan_sources: tailwindcss_oxide::scanner: enter
2026-03-14T23:39:48.268658Z  INFO get_files:scan_sources: tailwindcss_oxide::scanner: Discovering "/home/moses/Desktop/Community_Hub/client/public"
2026-03-14T23:39:48.268971Z  INFO get_files:scan_sources: tailwindcss_oxide::scanner: Discovering "/home/moses/Desktop/Community_Hub/client/src"
2026-03-14T23:39:48.269071Z  INFO get_files:scan_sources: tailwindcss_oxide::scanner: Discovering "/home/moses/Desktop/Community_Hub/client/src/pages"
2026-03-14T23:39:48.270086Z  INFO get_files:scan_sources: tailwindcss_oxide::scanner: Discovering "/home/moses/Desktop/Community_Hub/client/src/pages/auth"
2026-03-14T23:39:48.270765Z  INFO get_files:scan_sources: tailwindcss_oxide::scanner: Discovering "/home/moses/Desktop/Community_Hub/client/src/types"
2026-03-14T23:39:48.271040Z  INFO get_files:scan_sources: tailwindcss_oxide::scanner: Discovering "/home/moses/Desktop/Community_Hub/client/src/lib"
2026-03-14T23:39:48.271313Z  INFO get_files:scan_sources: tailwindcss_oxide::scanner: Discovering "/home/moses/Desktop/Community_Hub/client/src/hooks"
2026-03-14T23:39:48.271819Z  INFO get_files:scan_sources: tailwindcss_oxide::scanner: Discovering "/home/moses/Desktop/Community_Hub/client/src/components"
2026-03-14T23:39:48.272111Z  INFO get_files:scan_sources: tailwindcss_oxide::scanner: Discovering "/home/moses/Desktop/Community_Hub/client/src/components/ui"
2026-03-14T23:39:48.273470Z  INFO get_files:scan_sources: tailwindcss_oxide::scanner: Discovering "/home/moses/Desktop/Community_Hub/client/client"
2026-03-14T23:39:48.273752Z  INFO get_files:scan_sources: tailwindcss_oxide::scanner: exit
2026-03-14T23:39:48.273937Z  INFO get_files: tailwindcss_oxide::scanner: exit
2026-03-14T23:39:48.274433Z  INFO get_globs: tailwindcss_oxide::scanner: enter
2026-03-14T23:39:48.274448Z  INFO get_globs: tailwindcss_oxide::scanner: exit
